

Microchip Technology PIC18 LITE Macro Assembler V1.34 build -361300703 
                                                                                               Wed Sep 03 08:25:49 2025

Microchip Technology Omniscient Code Generator (Lite mode) build 201502162209
     1                           	processor	18F4620
     2                           	fnconf	rparam,??,?,0
     3                           	opt	pw 120
     4                           	opt	lm
     5                           	psect	text0,global,reloc=2,class=CODE,delta=1
     6                           	psect	cinit,global,reloc=2,class=CODE,delta=1
     7                           	psect	cstackCOMRAM,global,class=COMRAM,space=1,delta=1
     8                           	psect	text1,global,reloc=2,class=CODE,delta=1
     9                           	psect	intsave_regs,global,class=BIGRAM,space=1,delta=1
    10                           	psect	rparam,global,class=COMRAM,space=1,delta=1
    11  0000                     _ADCON1	set	4033
    12  0000                     _PORTC	set	3970
    13  0000                     _TRISC	set	3988
    14                           
    15                           ; 0 bytes @ 0x4
    16 ;;
    17 ;;Main: autosize = 0, tempsize = 0, incstack = 0, save=0
    18 ;;
    19 ;; *************** function _main *****************
    20 ;; Defined at:
    21 ;;		line 20 in file "lab2p3.c"
    22 ;; Parameters:    Size  Location     Type
    23 ;;		None
    24 ;; Auto vars:     Size  Location     Type
    25 ;;		None
    26 ;; Return value:  Size  Location     Type
    27 ;;		None               void
    28 ;; Registers used:
    29 ;;		wreg, status,2, status,0, cstack
    30 ;; Tracked objects:
    31 ;;		On entry : 0/0
    32 ;;		On exit  : 0/0
    33 ;;		Unchanged: 0/0
    34 ;; Data sizes:     COMRAM   BANK0   BANK1   BANK2   BANK3   BANK4   BANK5   BANK6   BANK7   BANK8   BANK9  BANK10  BANK1
      +1  BANK12  BANK13  BANK14  BANK15
    35 ;;      Params:         0       0       0       0       0       0       0       0       0       0       0       0       
      +0       0       0       0       0
    36 ;;      Locals:         0       0       0       0       0       0       0       0       0       0       0       0       
      +0       0       0       0       0
    37 ;;      Temps:          0       0       0       0       0       0       0       0       0       0       0       0       
      +0       0       0       0       0
    38 ;;      Totals:         0       0       0       0       0       0       0       0       0       0       0       0       
      +0       0       0       0       0
    39 ;;Total ram usage:        0 bytes
    40 ;; Hardware stack levels required when called:    1
    41 ;; This function calls:
    42 ;;		_Delay_One_Sec
    43 ;; This function is called by:
    44 ;;		Startup code after reset
    45 ;; This function uses a non-reentrant model
    46 ;;
    47                           
    48                           	psect	text0
    49  00FFA4                     __ptext0:
    50                           	opt stack 0
    51  00FFA4                     _main:
    52                           	opt stack 30
    53                           
    54                           ;lab2p3.c: 22: TRISC = 0x00;
    55                           
    56                           ;incstack = 0
    57  00FFA4  0E00               	movlw	0
    58  00FFA6  6E94               	movwf	3988,c	;volatile
    59                           
    60                           ;lab2p3.c: 23: ADCON1 = 0x0F;
    61  00FFA8  0E0F               	movlw	15
    62  00FFAA  6EC1               	movwf	4033,c	;volatile
    63                           
    64                           ;lab2p3.c: 24: Delay_One_Sec();
    65  00FFAC  ECDA  F07F         	call	_Delay_One_Sec	;wreg free
    66  00FFB0  EF00  F000         	goto	start
    67  00FFB4                     __end_of_main:
    68                           	opt stack 0
    69                           
    70                           	psect	cinit
    71  00FF9E                     __pcinit:
    72                           	opt stack 0
    73  00FF9E                     start_initialization:
    74                           	opt stack 0
    75  00FF9E                     __initialization:
    76                           	opt stack 0
    77  00FF9E                     end_of_initialization:
    78                           	opt stack 0
    79  00FF9E                     __end_of__initialization:
    80                           	opt stack 0
    81  00FF9E  0100               	movlb	0
    82  00FFA0  EFD2  F07F         	goto	_main	;jump to C main() function
    83                           
    84                           	psect	cstackCOMRAM
    85  000001                     __pcstackCOMRAM:
    86                           	opt stack 0
    87  000001                     Delay_One_Sec@I:
    88                           	opt stack 0
    89                           
    90                           ; 2 bytes @ 0x0
    91  000001                     	ds	2
    92  000003                     Delay_One_Sec@i:
    93                           	opt stack 0
    94                           
    95                           ; 2 bytes @ 0x2
    96  000003                     	ds	2
    97  000005                     
    98 ;; *************** function _Delay_One_Sec *****************
    99 ;; Defined at:
   100 ;;		line 12 in file "lab2p3.c"
   101 ;; Parameters:    Size  Location     Type
   102 ;;		None
   103 ;; Auto vars:     Size  Location     Type
   104 ;;  i               2    2[COMRAM] int 
   105 ;;  I               2    0[COMRAM] int 
   106 ;; Return value:  Size  Location     Type
   107 ;;		None               void
   108 ;; Registers used:
   109 ;;		wreg, status,2, status,0
   110 ;; Tracked objects:
   111 ;;		On entry : 0/0
   112 ;;		On exit  : 0/0
   113 ;;		Unchanged: 0/0
   114 ;; Data sizes:     COMRAM   BANK0   BANK1   BANK2   BANK3   BANK4   BANK5   BANK6   BANK7   BANK8   BANK9  BANK10  BANK1
      +1  BANK12  BANK13  BANK14  BANK15
   115 ;;      Params:         0       0       0       0       0       0       0       0       0       0       0       0       
      +0       0       0       0       0
   116 ;;      Locals:         4       0       0       0       0       0       0       0       0       0       0       0       
      +0       0       0       0       0
   117 ;;      Temps:          0       0       0       0       0       0       0       0       0       0       0       0       
      +0       0       0       0       0
   118 ;;      Totals:         4       0       0       0       0       0       0       0       0       0       0       0       
      +0       0       0       0       0
   119 ;;Total ram usage:        4 bytes
   120 ;; Hardware stack levels used:    1
   121 ;; This function calls:
   122 ;;		Nothing
   123 ;; This function is called by:
   124 ;;		_main
   125 ;; This function uses a non-reentrant model
   126 ;;
   127                           
   128                           	psect	text1
   129  00FFB4                     __ptext1:
   130                           	opt stack 0
   131  00FFB4                     _Delay_One_Sec:
   132                           	opt stack 30
   133                           
   134                           ;lab2p3.c: 14: for (int I=0; I <17000; I++)
   135                           
   136                           ;incstack = 0
   137  00FFB4  0E00               	movlw	0
   138  00FFB6  6E02               	movwf	Delay_One_Sec@I+1,c
   139  00FFB8  0E00               	movlw	0
   140  00FFBA  6E01               	movwf	Delay_One_Sec@I,c
   141  00FFBC                     l600:
   142  00FFBC  BE02               	btfsc	Delay_One_Sec@I+1,7,c
   143  00FFBE  D008               	goto	l604
   144  00FFC0  0E68               	movlw	104
   145  00FFC2  5C01               	subwf	Delay_One_Sec@I,w,c
   146  00FFC4  0E42               	movlw	66
   147  00FFC6  5802               	subwfb	Delay_One_Sec@I+1,w,c
   148  00FFC8  B0D8               	btfsc	status,0,c
   149  00FFCA  D019               	goto	l13
   150  00FFCC  D001               	goto	l604
   151  00FFCE  D017               	goto	l13
   152  00FFD0                     l604:
   153                           
   154                           ;lab2p3.c: 15: for(int i=0; i <= 7; i++)
   155  00FFD0  0E00               	movlw	0
   156  00FFD2  6E04               	movwf	Delay_One_Sec@i+1,c
   157  00FFD4  0E00               	movlw	0
   158  00FFD6  6E03               	movwf	Delay_One_Sec@i,c
   159  00FFD8                     l606:
   160  00FFD8  BE04               	btfsc	Delay_One_Sec@i+1,7,c
   161  00FFDA  D008               	goto	l11
   162  00FFDC  5004               	movf	Delay_One_Sec@i+1,w,c
   163  00FFDE  E10C               	bnz	l614
   164  00FFE0  0E08               	movlw	8
   165  00FFE2  5C03               	subwf	Delay_One_Sec@i,w,c
   166  00FFE4  B0D8               	btfsc	status,0,c
   167  00FFE6  D008               	goto	l614
   168  00FFE8  D001               	goto	l11
   169  00FFEA  D006               	goto	l614
   170  00FFEC                     l11:
   171                           
   172                           ;lab2p3.c: 16: PORTC = i;
   173  00FFEC  C003  FF82         	movff	Delay_One_Sec@i,3970	;volatile
   174  00FFF0  4A03               	infsnz	Delay_One_Sec@i,f,c
   175  00FFF2  2A04               	incf	Delay_One_Sec@i+1,f,c
   176  00FFF4  D7F1               	goto	l606
   177  00FFF6  D000               	goto	l614
   178  00FFF8                     l614:
   179  00FFF8  4A01               	infsnz	Delay_One_Sec@I,f,c
   180  00FFFA  2A02               	incf	Delay_One_Sec@I+1,f,c
   181  00FFFC  D7DF               	goto	l600
   182  00FFFE                     l13:
   183  00FFFE  0012               	return		;funcret
   184  010000                     __end_of_Delay_One_Sec:
   185                           	opt stack 0
   186  0000                     status	equ	0xFD8
   187                           status	equ	0xFD8
   188                           
   189                           	psect	rparam
   190  0000                     status	equ	0xFD8


Data Sizes:
    Strings     0
    Constant    0
    Data        0
    BSS         0
    Persistent  0
    Stack       0

Auto Spaces:
    Space          Size  Autos    Used
    COMRAM          127      4       4
    BANK0           128      0       0
    BANK1           256      0       0
    BANK2           256      0       0
    BANK3           256      0       0
    BANK4           256      0       0
    BANK5           256      0       0
    BANK6           256      0       0
    BANK7           256      0       0
    BANK8           256      0       0
    BANK9           256      0       0
    BANK10          256      0       0
    BANK11          256      0       0
    BANK12          256      0       0
    BANK13          256      0       0
    BANK14          256      0       0
    BANK15          128      0       0

Pointer List with Targets:

    None.

Critical Paths under _main in COMRAM

    _main->_Delay_One_Sec

Critical Paths under _main in BANK0

    None.

Critical Paths under _main in BANK1

    None.

Critical Paths under _main in BANK2

    None.

Critical Paths under _main in BANK3

    None.

Critical Paths under _main in BANK4

    None.

Critical Paths under _main in BANK5

    None.

Critical Paths under _main in BANK6

    None.

Critical Paths under _main in BANK7

    None.

Critical Paths under _main in BANK8

    None.

Critical Paths under _main in BANK9

    None.

Critical Paths under _main in BANK10

    None.

Critical Paths under _main in BANK11

    None.

Critical Paths under _main in BANK12

    None.

Critical Paths under _main in BANK13

    None.

Critical Paths under _main in BANK14

    None.

Critical Paths under _main in BANK15

    None.

Call Graph Tables:

 ---------------------------------------------------------------------------------
 (Depth) Function   	        Calls       Base Space   Used Autos Params    Refs
 ---------------------------------------------------------------------------------
 (0) _main                                                 0     0      0      75
                      _Delay_One_Sec
 ---------------------------------------------------------------------------------
 (1) _Delay_One_Sec                                        4     4      0      75
                                              0 COMRAM     4     4      0
 ---------------------------------------------------------------------------------
 Estimated maximum stack depth 1
 ---------------------------------------------------------------------------------

 Call Graph Graphs:

 _main (ROOT)
   _Delay_One_Sec

 Address spaces:
Name               Size   Autos  Total    Cost      Usage
BITCOMRAM           7F      0       0       0        0.0%
EEDATA             400      0       0       0        0.0%
NULL                 0      0       0       0        0.0%
CODE                 0      0       0       0        0.0%
COMRAM              7F      4       4       1        3.1%
STACK                0      0       0       2        0.0%
DATA                 0      0       0       3        0.0%
BITBANK0            80      0       0       4        0.0%
BANK0               80      0       0       5        0.0%
BITBANK1           100      0       0       6        0.0%
BANK1              100      0       0       7        0.0%
BITBANK2           100      0       0       8        0.0%
BANK2              100      0       0       9        0.0%
BITBANK3           100      0       0      10        0.0%
BANK3              100      0       0      11        0.0%
BITBANK4           100      0       0      12        0.0%
BANK4              100      0       0      13        0.0%
BITBANK5           100      0       0      14        0.0%
BANK5              100      0       0      15        0.0%
BITBANK6           100      0       0      16        0.0%
BANK6              100      0       0      17        0.0%
BITBANK7           100      0       0      18        0.0%
BANK7              100      0       0      19        0.0%
BITBANK8           100      0       0      20        0.0%
BANK8              100      0       0      21        0.0%
BITBANK9           100      0       0      22        0.0%
BANK9              100      0       0      23        0.0%
BITBANK10          100      0       0      24        0.0%
BANK10             100      0       0      25        0.0%
BITBANK11          100      0       0      26        0.0%
BANK11             100      0       0      27        0.0%
BITBANK12          100      0       0      28        0.0%
BANK12             100      0       0      29        0.0%
BITBANK13          100      0       0      30        0.0%
BANK13             100      0       0      31        0.0%
BITBANK14          100      0       0      32        0.0%
BANK14             100      0       0      33        0.0%
ABS                  0      0       0      34        0.0%
BITBANK15           80      0       0      35        0.0%
BANK15              80      0       0      36        0.0%
BIGRAM             F7F      0       0      37        0.0%
BITSFR               0      0       0      40        0.0%
SFR                  0      0       0      40        0.0%


Microchip Technology PIC18 Macro Assembler V1.34 build -361300703 
Symbol Table                                                                                   Wed Sep 03 08:25:49 2025

                     l11 FFEC                       l13 FFFE                      l600 FFBC  
                    l604 FFD0                      l614 FFF8                      l606 FFD8  
                   _main FFA4                     start 0000             ___param_bank 000010  
                  ?_main 0001                    _PORTC 000F82                    _TRISC 000F94  
                  status 000FD8          __initialization FF9E             __end_of_main FFB4  
                 ??_main 0005            __activetblptr 000000                   _ADCON1 000FC1  
             __accesstop 0080  __end_of__initialization FF9E            ___rparam_used 000001  
         __pcstackCOMRAM 0001           Delay_One_Sec@I 0001           Delay_One_Sec@i 0003  
 __size_of_Delay_One_Sec 004C                  __Hparam 0000                  __Lparam 0000  
                __pcinit FF9E                  __ramtop 1000                  __ptext0 FFA4  
                __ptext1 FFB4     end_of_initialization FF9E            _Delay_One_Sec FFB4  
         ?_Delay_One_Sec 0001      start_initialization FF9E          ??_Delay_One_Sec 0001  
               __Hrparam 0000                 __Lrparam 0000            __size_of_main 0010  
  __end_of_Delay_One_Sec 0000  
