Warning[205] C:\USERS\JULIA\MPLABXPROJECTS\ECE\ECE3301L\LAB4\PART8\LAB4P8.X\LAB4P8.ASM 2 : Found directive in column 1. (config)
Warning[205] C:\USERS\JULIA\MPLABXPROJECTS\ECE\ECE3301L\LAB4\PART8\LAB4P8.X\LAB4P8.ASM 3 : Found directive in column 1. (config)
Warning[205] C:\USERS\JULIA\MPLABXPROJECTS\ECE\ECE3301L\LAB4\PART8\LAB4P8.X\LAB4P8.ASM 4 : Found directive in column 1. (config)
Warning[205] C:\USERS\JULIA\MPLABXPROJECTS\ECE\ECE3301L\LAB4\PART8\LAB4P8.X\LAB4P8.ASM 5 : Found directive in column 1. (config)
Warning[205] C:\USERS\JULIA\MPLABXPROJECTS\ECE\ECE3301L\LAB4\PART8\LAB4P8.X\LAB4P8.ASM 11 : Found directive in column 1. (ORG)
Warning[203] C:\USERS\JULIA\MPLABXPROJECTS\ECE\ECE3301L\LAB4\PART8\LAB4P8.X\LAB4P8.ASM 15 : Found opcode in column 1. (MOVLW)
Warning[203] C:\USERS\JULIA\MPLABXPROJECTS\ECE\ECE3301L\LAB4\PART8\LAB4P8.X\LAB4P8.ASM 16 : Found opcode in column 1. (MOVWF)
Warning[203] C:\USERS\JULIA\MPLABXPROJECTS\ECE\ECE3301L\LAB4\PART8\LAB4P8.X\LAB4P8.ASM 18 : Found opcode in column 1. (MOVLW)
Warning[203] C:\USERS\JULIA\MPLABXPROJECTS\ECE\ECE3301L\LAB4\PART8\LAB4P8.X\LAB4P8.ASM 19 : Found opcode in column 1. (MOVWF)
Warning[203] C:\USERS\JULIA\MPLABXPROJECTS\ECE\ECE3301L\LAB4\PART8\LAB4P8.X\LAB4P8.ASM 20 : Found opcode in column 1. (MOVWF)
Warning[203] C:\USERS\JULIA\MPLABXPROJECTS\ECE\ECE3301L\LAB4\PART8\LAB4P8.X\LAB4P8.ASM 22 : Found opcode in column 1. (MOVLW)
Warning[203] C:\USERS\JULIA\MPLABXPROJECTS\ECE\ECE3301L\LAB4\PART8\LAB4P8.X\LAB4P8.ASM 23 : Found opcode in column 1. (MOVWF)
Warning[203] C:\USERS\JULIA\MPLABXPROJECTS\ECE\ECE3301L\LAB4\PART8\LAB4P8.X\LAB4P8.ASM 24 : Found opcode in column 1. (MOVWF)
Warning[203] C:\USERS\JULIA\MPLABXPROJECTS\ECE\ECE3301L\LAB4\PART8\LAB4P8.X\LAB4P8.ASM 26 : Found opcode in column 1. (MOVLW)
Warning[203] C:\USERS\JULIA\MPLABXPROJECTS\ECE\ECE3301L\LAB4\PART8\LAB4P8.X\LAB4P8.ASM 27 : Found opcode in column 1. (MOVWF)
Warning[207] C:\USERS\JULIA\MPLABXPROJECTS\ECE\ECE3301L\LAB4\PART8\LAB4P8.X\LAB4P8.ASM 34 : Found label after column 1. (PORTE_bit2_EQ1)
Warning[207] C:\USERS\JULIA\MPLABXPROJECTS\ECE\ECE3301L\LAB4\PART8\LAB4P8.X\LAB4P8.ASM 39 : Found label after column 1. (PORTE_bit2_EQ0)
Warning[207] C:\USERS\JULIA\MPLABXPROJECTS\ECE\ECE3301L\LAB4\PART8\LAB4P8.X\LAB4P8.ASM 44 : Found label after column 1. (PORTE_bit21_EQ11)
Warning[207] C:\USERS\JULIA\MPLABXPROJECTS\ECE\ECE3301L\LAB4\PART8\LAB4P8.X\LAB4P8.ASM 47 : Found label after column 1. (PORTE_bit21_EQ10)
Warning[207] C:\USERS\JULIA\MPLABXPROJECTS\ECE\ECE3301L\LAB4\PART8\LAB4P8.X\LAB4P8.ASM 50 : Found label after column 1. (PORTE_bit21_EQ01)
Warning[207] C:\USERS\JULIA\MPLABXPROJECTS\ECE\ECE3301L\LAB4\PART8\LAB4P8.X\LAB4P8.ASM 55 : Found label after column 1. (PORTE_bit21_EQ00)
Warning[207] C:\USERS\JULIA\MPLABXPROJECTS\ECE\ECE3301L\LAB4\PART8\LAB4P8.X\LAB4P8.ASM 60 : Found label after column 1. (PERFORM_TASK_COMP)
Warning[207] C:\USERS\JULIA\MPLABXPROJECTS\ECE\ECE3301L\LAB4\PART8\LAB4P8.X\LAB4P8.ASM 67 : Found label after column 1. (PERFORM_TASK_ADD)
Warning[207] C:\USERS\JULIA\MPLABXPROJECTS\ECE\ECE3301L\LAB4\PART8\LAB4P8.X\LAB4P8.ASM 74 : Found label after column 1. (PERFORM_TASK_OR)
Warning[207] C:\USERS\JULIA\MPLABXPROJECTS\ECE\ECE3301L\LAB4\PART8\LAB4P8.X\LAB4P8.ASM 81 : Found label after column 1. (PERFORM_TASK_AND)
Warning[207] C:\USERS\JULIA\MPLABXPROJECTS\ECE\ECE3301L\LAB4\PART8\LAB4P8.X\LAB4P8.ASM 88 : Found label after column 1. (PERFORM_TASK_XOR)
Warning[207] C:\USERS\JULIA\MPLABXPROJECTS\ECE\ECE3301L\LAB4\PART8\LAB4P8.X\LAB4P8.ASM 95 : Found label after column 1. (PERFORM_TASK_BCD)
Warning[203] C:\USERS\JULIA\MPLABXPROJECTS\ECE\ECE3301L\LAB4\PART8\LAB4P8.X\LAB4P8.ASM 103 : Found opcode in column 1. (MOVF)
Warning[203] C:\USERS\JULIA\MPLABXPROJECTS\ECE\ECE3301L\LAB4\PART8\LAB4P8.X\LAB4P8.ASM 104 : Found opcode in column 1. (ANDLW)
Warning[203] C:\USERS\JULIA\MPLABXPROJECTS\ECE\ECE3301L\LAB4\PART8\LAB4P8.X\LAB4P8.ASM 105 : Found opcode in column 1. (MOVWF)
Warning[203] C:\USERS\JULIA\MPLABXPROJECTS\ECE\ECE3301L\LAB4\PART8\LAB4P8.X\LAB4P8.ASM 106 : Found opcode in column 1. (COMF)
Warning[203] C:\USERS\JULIA\MPLABXPROJECTS\ECE\ECE3301L\LAB4\PART8\LAB4P8.X\LAB4P8.ASM 107 : Found opcode in column 1. (ANDLW)
Warning[203] C:\USERS\JULIA\MPLABXPROJECTS\ECE\ECE3301L\LAB4\PART8\LAB4P8.X\LAB4P8.ASM 108 : Found opcode in column 1. (MOVWF)
Warning[203] C:\USERS\JULIA\MPLABXPROJECTS\ECE\ECE3301L\LAB4\PART8\LAB4P8.X\LAB4P8.ASM 109 : Found opcode in column 1. (MOVFF)
Warning[203] C:\USERS\JULIA\MPLABXPROJECTS\ECE\ECE3301L\LAB4\PART8\LAB4P8.X\LAB4P8.ASM 110 : Found opcode in column 1. (BCF)
Warning[203] C:\USERS\JULIA\MPLABXPROJECTS\ECE\ECE3301L\LAB4\PART8\LAB4P8.X\LAB4P8.ASM 111 : Found opcode in column 1. (BNZ)
Warning[203] C:\USERS\JULIA\MPLABXPROJECTS\ECE\ECE3301L\LAB4\PART8\LAB4P8.X\LAB4P8.ASM 112 : Found opcode in column 1. (BSF)
Warning[203] C:\USERS\JULIA\MPLABXPROJECTS\ECE\ECE3301L\LAB4\PART8\LAB4P8.X\LAB4P8.ASM 115 : Found opcode in column 1. (RETURN)
Warning[203] C:\USERS\JULIA\MPLABXPROJECTS\ECE\ECE3301L\LAB4\PART8\LAB4P8.X\LAB4P8.ASM 118 : Found opcode in column 1. (MOVF)
Warning[203] C:\USERS\JULIA\MPLABXPROJECTS\ECE\ECE3301L\LAB4\PART8\LAB4P8.X\LAB4P8.ASM 119 : Found opcode in column 1. (ANDLW)
Warning[203] C:\USERS\JULIA\MPLABXPROJECTS\ECE\ECE3301L\LAB4\PART8\LAB4P8.X\LAB4P8.ASM 120 : Found opcode in column 1. (MOVWF)
Warning[203] C:\USERS\JULIA\MPLABXPROJECTS\ECE\ECE3301L\LAB4\PART8\LAB4P8.X\LAB4P8.ASM 122 : Found opcode in column 1. (MOVF)
Warning[203] C:\USERS\JULIA\MPLABXPROJECTS\ECE\ECE3301L\LAB4\PART8\LAB4P8.X\LAB4P8.ASM 123 : Found opcode in column 1. (ANDLW)
Warning[203] C:\USERS\JULIA\MPLABXPROJECTS\ECE\ECE3301L\LAB4\PART8\LAB4P8.X\LAB4P8.ASM 124 : Found opcode in column 1. (MOVWF)
Warning[203] C:\USERS\JULIA\MPLABXPROJECTS\ECE\ECE3301L\LAB4\PART8\LAB4P8.X\LAB4P8.ASM 128 : Found opcode in column 1. (ADDWF)
Warning[203] C:\USERS\JULIA\MPLABXPROJECTS\ECE\ECE3301L\LAB4\PART8\LAB4P8.X\LAB4P8.ASM 129 : Found opcode in column 1. (MOVWF)
Warning[203] C:\USERS\JULIA\MPLABXPROJECTS\ECE\ECE3301L\LAB4\PART8\LAB4P8.X\LAB4P8.ASM 131 : Found opcode in column 1. (MOVFF)
Warning[203] C:\USERS\JULIA\MPLABXPROJECTS\ECE\ECE3301L\LAB4\PART8\LAB4P8.X\LAB4P8.ASM 133 : Found opcode in column 1. (BCF)
Warning[203] C:\USERS\JULIA\MPLABXPROJECTS\ECE\ECE3301L\LAB4\PART8\LAB4P8.X\LAB4P8.ASM 134 : Found opcode in column 1. (BNZ)
Warning[203] C:\USERS\JULIA\MPLABXPROJECTS\ECE\ECE3301L\LAB4\PART8\LAB4P8.X\LAB4P8.ASM 135 : Found opcode in column 1. (BSF)
Warning[203] C:\USERS\JULIA\MPLABXPROJECTS\ECE\ECE3301L\LAB4\PART8\LAB4P8.X\LAB4P8.ASM 138 : Found opcode in column 1. (RETURN)
Warning[203] C:\USERS\JULIA\MPLABXPROJECTS\ECE\ECE3301L\LAB4\PART8\LAB4P8.X\LAB4P8.ASM 141 : Found opcode in column 1. (MOVF)
Warning[203] C:\USERS\JULIA\MPLABXPROJECTS\ECE\ECE3301L\LAB4\PART8\LAB4P8.X\LAB4P8.ASM 142 : Found opcode in column 1. (ANDLW)
Warning[203] C:\USERS\JULIA\MPLABXPROJECTS\ECE\ECE3301L\LAB4\PART8\LAB4P8.X\LAB4P8.ASM 143 : Found opcode in column 1. (MOVWF)
Warning[203] C:\USERS\JULIA\MPLABXPROJECTS\ECE\ECE3301L\LAB4\PART8\LAB4P8.X\LAB4P8.ASM 144 : Found opcode in column 1. (MOVF)
Warning[203] C:\USERS\JULIA\MPLABXPROJECTS\ECE\ECE3301L\LAB4\PART8\LAB4P8.X\LAB4P8.ASM 145 : Found opcode in column 1. (ANDLW)
Warning[203] C:\USERS\JULIA\MPLABXPROJECTS\ECE\ECE3301L\LAB4\PART8\LAB4P8.X\LAB4P8.ASM 146 : Found opcode in column 1. (MOVWF)
Warning[203] C:\USERS\JULIA\MPLABXPROJECTS\ECE\ECE3301L\LAB4\PART8\LAB4P8.X\LAB4P8.ASM 149 : Found opcode in column 1. (IORWF)
Warning[203] C:\USERS\JULIA\MPLABXPROJECTS\ECE\ECE3301L\LAB4\PART8\LAB4P8.X\LAB4P8.ASM 150 : Found opcode in column 1. (MOVWF)
Warning[203] C:\USERS\JULIA\MPLABXPROJECTS\ECE\ECE3301L\LAB4\PART8\LAB4P8.X\LAB4P8.ASM 152 : Found opcode in column 1. (MOVFF)
Warning[203] C:\USERS\JULIA\MPLABXPROJECTS\ECE\ECE3301L\LAB4\PART8\LAB4P8.X\LAB4P8.ASM 154 : Found opcode in column 1. (BCF)
Warning[203] C:\USERS\JULIA\MPLABXPROJECTS\ECE\ECE3301L\LAB4\PART8\LAB4P8.X\LAB4P8.ASM 155 : Found opcode in column 1. (BNZ)
Warning[203] C:\USERS\JULIA\MPLABXPROJECTS\ECE\ECE3301L\LAB4\PART8\LAB4P8.X\LAB4P8.ASM 156 : Found opcode in column 1. (BSF)
Warning[203] C:\USERS\JULIA\MPLABXPROJECTS\ECE\ECE3301L\LAB4\PART8\LAB4P8.X\LAB4P8.ASM 159 : Found opcode in column 1. (RETURN)
Warning[203] C:\USERS\JULIA\MPLABXPROJECTS\ECE\ECE3301L\LAB4\PART8\LAB4P8.X\LAB4P8.ASM 162 : Found opcode in column 1. (MOVF)
Warning[203] C:\USERS\JULIA\MPLABXPROJECTS\ECE\ECE3301L\LAB4\PART8\LAB4P8.X\LAB4P8.ASM 163 : Found opcode in column 1. (ANDLW)
Warning[203] C:\USERS\JULIA\MPLABXPROJECTS\ECE\ECE3301L\LAB4\PART8\LAB4P8.X\LAB4P8.ASM 164 : Found opcode in column 1. (MOVWF)
Warning[203] C:\USERS\JULIA\MPLABXPROJECTS\ECE\ECE3301L\LAB4\PART8\LAB4P8.X\LAB4P8.ASM 165 : Found opcode in column 1. (MOVF)
Warning[203] C:\USERS\JULIA\MPLABXPROJECTS\ECE\ECE3301L\LAB4\PART8\LAB4P8.X\LAB4P8.ASM 166 : Found opcode in column 1. (ANDLW)
Warning[203] C:\USERS\JULIA\MPLABXPROJECTS\ECE\ECE3301L\LAB4\PART8\LAB4P8.X\LAB4P8.ASM 167 : Found opcode in column 1. (MOVWF)
Warning[203] C:\USERS\JULIA\MPLABXPROJECTS\ECE\ECE3301L\LAB4\PART8\LAB4P8.X\LAB4P8.ASM 170 : Found opcode in column 1. (ANDWF)
Warning[203] C:\USERS\JULIA\MPLABXPROJECTS\ECE\ECE3301L\LAB4\PART8\LAB4P8.X\LAB4P8.ASM 171 : Found opcode in column 1. (MOVWF)
Warning[203] C:\USERS\JULIA\MPLABXPROJECTS\ECE\ECE3301L\LAB4\PART8\LAB4P8.X\LAB4P8.ASM 173 : Found opcode in column 1. (MOVFF)
Warning[203] C:\USERS\JULIA\MPLABXPROJECTS\ECE\ECE3301L\LAB4\PART8\LAB4P8.X\LAB4P8.ASM 175 : Found opcode in column 1. (BCF)
Warning[203] C:\USERS\JULIA\MPLABXPROJECTS\ECE\ECE3301L\LAB4\PART8\LAB4P8.X\LAB4P8.ASM 176 : Found opcode in column 1. (BNZ)
Warning[203] C:\USERS\JULIA\MPLABXPROJECTS\ECE\ECE3301L\LAB4\PART8\LAB4P8.X\LAB4P8.ASM 177 : Found opcode in column 1. (BSF)
Warning[203] C:\USERS\JULIA\MPLABXPROJECTS\ECE\ECE3301L\LAB4\PART8\LAB4P8.X\LAB4P8.ASM 180 : Found opcode in column 1. (RETURN)
Warning[203] C:\USERS\JULIA\MPLABXPROJECTS\ECE\ECE3301L\LAB4\PART8\LAB4P8.X\LAB4P8.ASM 183 : Found opcode in column 1. (MOVF)
Warning[203] C:\USERS\JULIA\MPLABXPROJECTS\ECE\ECE3301L\LAB4\PART8\LAB4P8.X\LAB4P8.ASM 184 : Found opcode in column 1. (ANDLW)
Warning[203] C:\USERS\JULIA\MPLABXPROJECTS\ECE\ECE3301L\LAB4\PART8\LAB4P8.X\LAB4P8.ASM 185 : Found opcode in column 1. (MOVWF)
Warning[203] C:\USERS\JULIA\MPLABXPROJECTS\ECE\ECE3301L\LAB4\PART8\LAB4P8.X\LAB4P8.ASM 186 : Found opcode in column 1. (MOVF)
Warning[203] C:\USERS\JULIA\MPLABXPROJECTS\ECE\ECE3301L\LAB4\PART8\LAB4P8.X\LAB4P8.ASM 187 : Found opcode in column 1. (ANDLW)
Warning[203] C:\USERS\JULIA\MPLABXPROJECTS\ECE\ECE3301L\LAB4\PART8\LAB4P8.X\LAB4P8.ASM 188 : Found opcode in column 1. (MOVWF)
Warning[203] C:\USERS\JULIA\MPLABXPROJECTS\ECE\ECE3301L\LAB4\PART8\LAB4P8.X\LAB4P8.ASM 191 : Found opcode in column 1. (XORWF)
Warning[203] C:\USERS\JULIA\MPLABXPROJECTS\ECE\ECE3301L\LAB4\PART8\LAB4P8.X\LAB4P8.ASM 192 : Found opcode in column 1. (MOVWF)
Warning[203] C:\USERS\JULIA\MPLABXPROJECTS\ECE\ECE3301L\LAB4\PART8\LAB4P8.X\LAB4P8.ASM 194 : Found opcode in column 1. (MOVFF)
Warning[203] C:\USERS\JULIA\MPLABXPROJECTS\ECE\ECE3301L\LAB4\PART8\LAB4P8.X\LAB4P8.ASM 196 : Found opcode in column 1. (BCF)
Warning[203] C:\USERS\JULIA\MPLABXPROJECTS\ECE\ECE3301L\LAB4\PART8\LAB4P8.X\LAB4P8.ASM 197 : Found opcode in column 1. (BNZ)
Warning[203] C:\USERS\JULIA\MPLABXPROJECTS\ECE\ECE3301L\LAB4\PART8\LAB4P8.X\LAB4P8.ASM 198 : Found opcode in column 1. (BSF)
Warning[203] C:\USERS\JULIA\MPLABXPROJECTS\ECE\ECE3301L\LAB4\PART8\LAB4P8.X\LAB4P8.ASM 201 : Found opcode in column 1. (RETURN)
Warning[205] C:\USERS\JULIA\MPLABXPROJECTS\ECE\ECE3301L\LAB4\PART8\LAB4P8.X\LAB4P8.ASM 231 : Found directive in column 1. (END)
