MPASM 5.77                        LAB4P8.ASM   9-18-2025  15:11:55         PAGE  1


LOC  OBJECT CODE     LINE SOURCE TEXT
  VALUE

                      00001 #include<P18F4620.inc>
                      00001         LIST
                      00002 
                      00003 ;==========================================================================
                      00004 ; Build date : Nov 22 2017
                      00005 ;  MPASM PIC18F4620 processor include
                      00006 ; 
                      00007 ;  (c) Copyright 1999-2017 Microchip Technology, All rights reserved
                      00008 ;==========================================================================
                      00009 
                      01440         LIST
Warning[205]: Found directive in column 1. (config)
                      00002 config OSC = INTIO67
Warning[205]: Found directive in column 1. (config)
                      00003 config WDT = OFF
Warning[205]: Found directive in column 1. (config)
                      00004 config LVP = OFF
Warning[205]: Found directive in column 1. (config)
                      00005 config BOREN = OFF
                      00006     
  00000020            00007 InA equ 0x20            ; declare as memory location
  00000021            00008 InB equ 0x21
  00000022            00009 Result equ 0x22
                      00010 
Warning[205]: Found directive in column 1. (ORG)
                      00011 ORG 0x0000
                      00012 
000000                00013 START:
                      00014     
Warning[203]: Found opcode in column 1. (MOVLW)
000000 0E0F           00015 MOVLW 0x0F
Warning[203]: Found opcode in column 1. (MOVWF)
000002 6EC1           00016 MOVWF ADCON1            ; pins in digital mode
                      00017     
Warning[203]: Found opcode in column 1. (MOVLW)
000004 0EFF           00018 MOVLW 0xFF              ; inputs
Warning[203]: Found opcode in column 1. (MOVWF)
000006 6E92           00019 MOVWF TRISA
Warning[203]: Found opcode in column 1. (MOVWF)
000008 6E93           00020 MOVWF TRISB
                      00021     
Warning[203]: Found opcode in column 1. (MOVLW)
00000A 0E00           00022 MOVLW 0x00              ; outputs
Warning[203]: Found opcode in column 1. (MOVWF)
00000C 6E94           00023 MOVWF TRISC
Warning[203]: Found opcode in column 1. (MOVWF)
00000E 6E95           00024 MOVWF TRISD
                      00025 
Warning[203]: Found opcode in column 1. (MOVLW)
000010 0E07           00026 MOVLW 0x07              ; input only bit 0-2
Warning[203]: Found opcode in column 1. (MOVWF)
000012 6E96           00027 MOVWF TRISE 
                      00028 
MPASM 5.77                        LAB4P8.ASM   9-18-2025  15:11:55         PAGE  2


LOC  OBJECT CODE     LINE SOURCE TEXT
  VALUE

000014                00029 MAIN_LOOP:
000014 B484           00030     BTFSC PORTE, 2      ; skip next line if PORT E bit 2 is clear (0)
000016 EF?? F???      00031     GOTO PORTE_bit2_EQ1
00001A EF?? F???      00032     GOTO PORTE_bit2_EQ0
                      00033     
Warning[207]: Found label after column 1. (PORTE_bit2_EQ1)
00001E                00034    PORTE_bit2_EQ1:
00001E B284           00035     BTFSC PORTE, 1
000020 EF?? F???      00036     GOTO PORTE_bit21_EQ11
000024 EF?? F???      00037     GOTO PORTE_bit21_EQ10
                      00038     
Warning[207]: Found label after column 1. (PORTE_bit2_EQ0)
000028                00039    PORTE_bit2_EQ0:
000028 B284           00040     BTFSC PORTE, 1
00002A EF?? F???      00041     GOTO PORTE_bit21_EQ01
00002E EF?? F???      00042     GOTO PORTE_bit21_EQ00
                      00043     
Warning[207]: Found label after column 1. (PORTE_bit21_EQ11)
000032                00044    PORTE_bit21_EQ11:
000032 EF?? F???      00045     GOTO PERFORM_TASK_BCD
                      00046     
Warning[207]: Found label after column 1. (PORTE_bit21_EQ10)
000036                00047    PORTE_bit21_EQ10:
000036 EF?? F???      00048     GOTO PERFORM_TASK_XOR
                      00049     
Warning[207]: Found label after column 1. (PORTE_bit21_EQ01)
00003A                00050    PORTE_bit21_EQ01:
00003A B084           00051     BTFSC PORTE, 0
00003C EF?? F???      00052     GOTO PERFORM_TASK_AND
000040 EF?? F???      00053     GOTO PERFORM_TASK_OR
                      00054     
Warning[207]: Found label after column 1. (PORTE_bit21_EQ00)
000044                00055    PORTE_bit21_EQ00:
000044 B084           00056     BTFSC PORTE, 0
000046 EF?? F???      00057     GOTO PERFORM_TASK_ADD
00004A EF?? F???      00058     GOTO PERFORM_TASK_COMP
                      00059     
Warning[207]: Found label after column 1. (PERFORM_TASK_COMP)
00004E                00060    PERFORM_TASK_COMP:
00004E 9483           00061     BCF PORTD, 2                ; This is to clear the Blue LED of the RGB
000050 9283           00062     BCF PORTD, 1                ; This is to clear the Green LED of the RGB
000052 9083           00063     BCF PORTD, 0                ; This is to clear the Red LED of the RGB
000054 EC?? F???      00064     CALL SUB_COMP
000058 EF?? F???      00065     GOTO MAIN_LOOP
                      00066     
Warning[207]: Found label after column 1. (PERFORM_TASK_ADD)
00005C                00067    PERFORM_TASK_ADD:
00005C 9483           00068     BCF PORTD, 2
00005E 9283           00069     BCF PORTD, 1
000060 8083           00070     BSF PORTD, 0
000062 EC?? F???      00071     CALL SUB_ADD
000066 EF?? F???      00072     GOTO MAIN_LOOP
                      00073     
MPASM 5.77                        LAB4P8.ASM   9-18-2025  15:11:55         PAGE  3


LOC  OBJECT CODE     LINE SOURCE TEXT
  VALUE

Warning[207]: Found label after column 1. (PERFORM_TASK_OR)
00006A                00074    PERFORM_TASK_OR:
00006A 9483           00075     BCF PORTD, 2
00006C 8283           00076     BSF PORTD, 1
00006E 9083           00077     BCF PORTD, 0
000070 EC?? F???      00078     CALL SUB_OR
000074 EF?? F???      00079     GOTO MAIN_LOOP
                      00080     
Warning[207]: Found label after column 1. (PERFORM_TASK_AND)
000078                00081    PERFORM_TASK_AND:
000078 9483           00082     BCF PORTD, 2
00007A 8283           00083     BSF PORTD, 1
00007C 8083           00084     BSF PORTD, 0
00007E EC?? F???      00085     CALL SUB_AND
000082 EF?? F???      00086     GOTO MAIN_LOOP
                      00087    
Warning[207]: Found label after column 1. (PERFORM_TASK_XOR)
000086                00088    PERFORM_TASK_XOR:
000086 8483           00089     BSF PORTD, 2
000088 9283           00090     BCF PORTD, 1
00008A 9083           00091     BCF PORTD, 0
00008C EC?? F???      00092     CALL SUB_XOR
000090 EF?? F???      00093     GOTO MAIN_LOOP
                      00094     
Warning[207]: Found label after column 1. (PERFORM_TASK_BCD)
000094                00095    PERFORM_TASK_BCD:
000094 8483           00096     BSF PORTD, 2
000096 8283           00097     BSF PORTD, 1
000098 9083           00098     BCF PORTD, 0
00009A EC?? F???      00099     CALL SUB_BCD
00009E EF?? F???      00100     GOTO MAIN_LOOP
                      00101     
0000A2                00102 SUB_COMP:
Warning[203]: Found opcode in column 1. (MOVF)
0000A2 5080           00103 MOVF PORTA, W ; read content of PORTA and store in W
Warning[203]: Found opcode in column 1. (ANDLW)
0000A4 0B0F           00104 ANDLW 0x0F    ; and W with 0x0F to mask upper 4 bits
Warning[203]: Found opcode in column 1. (MOVWF)
0000A6 6E20           00105 MOVWF InA     ; move W to InA
Warning[203]: Found opcode in column 1. (COMF)
0000A8 1C20           00106 COMF InA, W   ; 1's complement InA store in W
Warning[203]: Found opcode in column 1. (ANDLW)
0000AA 0B0F           00107 ANDLW 0x0F    ; and W with 0x0F to mask upper 4 bits
Warning[203]: Found opcode in column 1. (MOVWF)
0000AC 6E22           00108 MOVWF Result  ; move W to Result
Warning[203]: Found opcode in column 1. (MOVFF)
0000AE C022 FF82      00109 MOVFF Result,PORTC ; copy Result to PORTC
Warning[203]: Found opcode in column 1. (BCF)
0000B2 9A82           00110 BCF PORTC,5 ; set PORTC bit 5 to 0
Warning[203]: Found opcode in column 1. (BNZ)
0000B4 E1??           00111 BNZ Z_CHECK_DONE1    ; if Z flag is set, branch to LABEL1
Warning[203]: Found opcode in column 1. (BSF)
0000B6 8A82           00112 BSF PORTC,5 ; set PORTC bit 5 to 1
MPASM 5.77                        LAB4P8.ASM   9-18-2025  15:11:55         PAGE  4


LOC  OBJECT CODE     LINE SOURCE TEXT
  VALUE

                      00113 
0000B8                00114 Z_CHECK_DONE1:
Warning[203]: Found opcode in column 1. (RETURN)
0000B8 0012           00115 RETURN
                      00116 
0000BA                00117 SUB_ADD:
Warning[203]: Found opcode in column 1. (MOVF)
0000BA 5080           00118 MOVF PORTA, W ; read content of PORTA and store in W
Warning[203]: Found opcode in column 1. (ANDLW)
0000BC 0B0F           00119 ANDLW 0x0F    ; and W with 0x0F to mask upper 4 bits
Warning[203]: Found opcode in column 1. (MOVWF)
0000BE 6E20           00120 MOVWF InA     ; move W to InA
                      00121     
Warning[203]: Found opcode in column 1. (MOVF)
0000C0 5081           00122 MOVF PORTB, W ; read content of PORTB and store in W
Warning[203]: Found opcode in column 1. (ANDLW)
0000C2 0B0F           00123 ANDLW 0x0F    ; and W with 0x0F to mask upper 4 bits
Warning[203]: Found opcode in column 1. (MOVWF)
0000C4 6E21           00124 MOVWF InB     ; move W to InB
                      00125     
                      00126 ;MOVF InA,W    ; move InA to W
                      00127     
Warning[203]: Found opcode in column 1. (ADDWF)
0000C6 2420           00128 ADDWF InA,W  ; W = W+ InA = InB + InA
Warning[203]: Found opcode in column 1. (MOVWF)
0000C8 6E22           00129 MOVWF Result  ; move W to Result
                      00130     
Warning[203]: Found opcode in column 1. (MOVFF)
0000CA C022 FF82      00131 MOVFF Result,PORTC ; copy Result to PORTC
                      00132 
Warning[203]: Found opcode in column 1. (BCF)
0000CE 9A82           00133 BCF PORTC,5 ; set PORTC bit 5 to 0
Warning[203]: Found opcode in column 1. (BNZ)
0000D0 E1??           00134 BNZ Z_CHECK_DONE2   ; if Z flag is set, branch to LABEL1
Warning[203]: Found opcode in column 1. (BSF)
0000D2 8A82           00135 BSF PORTC,5 ; set PORTC bit 5 to 1
                      00136 
0000D4                00137 Z_CHECK_DONE2:
Warning[203]: Found opcode in column 1. (RETURN)
0000D4 0012           00138 RETURN
                      00139 
0000D6                00140 SUB_OR:
Warning[203]: Found opcode in column 1. (MOVF)
0000D6 5080           00141 MOVF PORTA, W ; read content of PORTA and store in W
Warning[203]: Found opcode in column 1. (ANDLW)
0000D8 0B0F           00142 ANDLW 0x0F    ; and W with 0x0F to mask upper 4 bits
Warning[203]: Found opcode in column 1. (MOVWF)
0000DA 6E20           00143 MOVWF InA     ; move W to InA
Warning[203]: Found opcode in column 1. (MOVF)
0000DC 5081           00144 MOVF PORTB, W ; read content of PORTB and store in W
Warning[203]: Found opcode in column 1. (ANDLW)
0000DE 0B0F           00145 ANDLW 0x0F    ; and W with 0x0F to mask upper 4 bits
Warning[203]: Found opcode in column 1. (MOVWF)
MPASM 5.77                        LAB4P8.ASM   9-18-2025  15:11:55         PAGE  5


LOC  OBJECT CODE     LINE SOURCE TEXT
  VALUE

0000E0 6E21           00146 MOVWF InB     ; move W to InB
                      00147     
                      00148 
Warning[203]: Found opcode in column 1. (IORWF)
0000E2 1020           00149 IORWF InA,W  ; W = InA | InB
Warning[203]: Found opcode in column 1. (MOVWF)
0000E4 6E22           00150 MOVWF Result  ; move W to Result
                      00151     
Warning[203]: Found opcode in column 1. (MOVFF)
0000E6 C022 FF82      00152 MOVFF Result,PORTC ; copy Result to PORTC
                      00153 
Warning[203]: Found opcode in column 1. (BCF)
0000EA 9A82           00154 BCF PORTC,5 ; set PORTC bit 5 to 0
Warning[203]: Found opcode in column 1. (BNZ)
0000EC E1??           00155 BNZ Z_CHECK_DONE3    ; if Z flag is set, branch to LABEL1
Warning[203]: Found opcode in column 1. (BSF)
0000EE 8A82           00156 BSF PORTC,5 ; set PORTC bit 5 to 1
                      00157 
0000F0                00158 Z_CHECK_DONE3:
Warning[203]: Found opcode in column 1. (RETURN)
0000F0 0012           00159 RETURN
                      00160 
0000F2                00161 SUB_AND:
Warning[203]: Found opcode in column 1. (MOVF)
0000F2 5080           00162 MOVF PORTA, W ; read content of PORTA and store in W
Warning[203]: Found opcode in column 1. (ANDLW)
0000F4 0B0F           00163 ANDLW 0x0F    ; and W with 0x0F to mask upper 4 bits
Warning[203]: Found opcode in column 1. (MOVWF)
0000F6 6E20           00164 MOVWF InA     ; move W to InA
Warning[203]: Found opcode in column 1. (MOVF)
0000F8 5081           00165 MOVF PORTB, W ; read content of PORTB and store in W
Warning[203]: Found opcode in column 1. (ANDLW)
0000FA 0B0F           00166 ANDLW 0x0F    ; and W with 0x0F to mask upper 4 bits
Warning[203]: Found opcode in column 1. (MOVWF)
0000FC 6E21           00167 MOVWF InB     ; move W to InB
                      00168     
                      00169 
Warning[203]: Found opcode in column 1. (ANDWF)
0000FE 1420           00170 ANDWF InA,W  ; W = InA & InB
Warning[203]: Found opcode in column 1. (MOVWF)
000100 6E22           00171 MOVWF Result  ; move W to Result
                      00172     
Warning[203]: Found opcode in column 1. (MOVFF)
000102 C022 FF82      00173 MOVFF Result,PORTC ; copy Result to PORTC
                      00174 
Warning[203]: Found opcode in column 1. (BCF)
000106 9A82           00175 BCF PORTC,5 ; set PORTC bit 5 to 0
Warning[203]: Found opcode in column 1. (BNZ)
000108 E1??           00176 BNZ Z_CHECK_DONE4    ; if Z flag is set, branch to LABEL1
Warning[203]: Found opcode in column 1. (BSF)
00010A 8A82           00177 BSF PORTC,5 ; set PORTC bit 5 to 1
                      00178 
00010C                00179 Z_CHECK_DONE4:
MPASM 5.77                        LAB4P8.ASM   9-18-2025  15:11:55         PAGE  6


LOC  OBJECT CODE     LINE SOURCE TEXT
  VALUE

Warning[203]: Found opcode in column 1. (RETURN)
00010C 0012           00180 RETURN
                      00181     
00010E                00182 SUB_XOR:
Warning[203]: Found opcode in column 1. (MOVF)
00010E 5080           00183 MOVF PORTA, W ; read content of PORTA and store in W
Warning[203]: Found opcode in column 1. (ANDLW)
000110 0B0F           00184 ANDLW 0x0F    ; and W with 0x0F to mask upper 4 bits
Warning[203]: Found opcode in column 1. (MOVWF)
000112 6E20           00185 MOVWF InA     ; move W to InA
Warning[203]: Found opcode in column 1. (MOVF)
000114 5081           00186 MOVF PORTB, W ; read content of PORTB and store in W
Warning[203]: Found opcode in column 1. (ANDLW)
000116 0B0F           00187 ANDLW 0x0F    ; and W with 0x0F to mask upper 4 bits
Warning[203]: Found opcode in column 1. (MOVWF)
000118 6E21           00188 MOVWF InB     ; move W to InB
                      00189     
                      00190 
Warning[203]: Found opcode in column 1. (XORWF)
00011A 1820           00191 XORWF InA,W  ; W = InA ^ InB
Warning[203]: Found opcode in column 1. (MOVWF)
00011C 6E22           00192 MOVWF Result  ; move W to Result
                      00193     
Warning[203]: Found opcode in column 1. (MOVFF)
00011E C022 FF82      00194 MOVFF Result,PORTC ; copy Result to PORTC
                      00195 
Warning[203]: Found opcode in column 1. (BCF)
000122 9A82           00196 BCF PORTC,5 ; set PORTC bit 5 to 0
Warning[203]: Found opcode in column 1. (BNZ)
000124 E1??           00197 BNZ Z_CHECK_DONE5    ; if Z flag is set, branch to LABEL1
Warning[203]: Found opcode in column 1. (BSF)
000126 8A82           00198 BSF PORTC,5 ; set PORTC bit 5 to 1
                      00199 
000128                00200 Z_CHECK_DONE5:
Warning[203]: Found opcode in column 1. (RETURN)
000128 0012           00201 RETURN
                      00202     
00012A                00203 SUB_BCD:
00012A 5080           00204    MOVF PORTA, W ; read content of PORTA and store in W
00012C 0B0F           00205     ANDLW 0x0F    ; and W with 0x0F to mask upper 4 bits
00012E 6E20           00206     MOVWF InA     ; move W to InA
                      00207     
000130 0E09           00208     MOVLW 0x09    ; move 0x09 into W
000132 6520           00209     CPFSGT InA,1  ; compare inA to W value ; addition if InA > 9
000134 EF?? F???      00210     GOTO NGREATER     ; if InA<=9 skip addition
000138 EF?? F???      00211     GOTO GREATER
                      00212     
00013C                00213 GREATER:
00013C 0E06           00214     MOVLW 0x06
00013E 2420           00215     ADDWF InA, W
000140 EF?? F???      00216     GOTO SKIP_ADD
                      00217     
000144                00218 NGREATER:
MPASM 5.77                        LAB4P8.ASM   9-18-2025  15:11:55         PAGE  7


LOC  OBJECT CODE     LINE SOURCE TEXT
  VALUE

000144 5020           00219     MOVF InA, W
                      00220     
000146                00221 SKIP_ADD:
000146 6E22           00222     MOVWF Result  ; move W to Result
000148 C022 FF82      00223     MOVFF Result,PORTC ; copy Result to PORTC
                      00224     
00014C 9A82           00225     BCF PORTC,5 ; set PORTC bit 5 to 0
00014E E1??           00226     BNZ Z_CHECK_DONE6    ; if Z flag is set, branch to LABEL1
000150 8A82           00227     BSF PORTC,5 ; set PORTC bit 5 to 1
                      00228 
000152                00229 Z_CHECK_DONE6:
000152 0012           00230     RETURN
Warning[205]: Found directive in column 1. (END)
                      00231 END
MPASM 5.77                        LAB4P8.ASM   9-18-2025  15:11:55         PAGE  8


SYMBOL TABLE
  LABEL                             VALUE 

A                                 00000000
ABDEN                             00000000
ABDOVF                            00000007
ACCESS                            00000000
ACKDT                             00000005
ACKEN                             00000004
ACKSTAT                           00000006
ACQT0                             00000003
ACQT1                             00000004
ACQT2                             00000005
ADCON0                            00000FC2
ADCON1                            00000FC1
ADCON2                            00000FC0
ADCS0                             00000000
ADCS1                             00000001
ADCS2                             00000002
ADDEN                             00000003
ADEN                              00000003
ADFM                              00000007
ADIE                              00000006
ADIF                              00000006
ADIP                              00000006
ADON                              00000000
ADRES                             00000FC3
ADRESH                            00000FC4
ADRESL                            00000FC3
AN10                              00000001
AN11                              00000004
AN12                              00000000
AN4                               00000005
AN5                               00000000
AN6                               00000001
AN7                               00000002
AN8                               00000002
AN9                               00000003
BANKED                            00000001
BAUDCON                           00000FB8
BAUDCTL                           00000FB8
BCLIE                             00000003
BCLIF                             00000003
BCLIP                             00000003
BF                                00000000
BGST                              00000005
BOR                               00000000
BRG16                             00000003
BRGH                              00000002
BSR                               00000FE0
C                                 00000000
C1INV                             00000004
C1OUT                             00000006
C2INV                             00000005
C2OUT                             00000007
CCP1                              00000002
MPASM 5.77                        LAB4P8.ASM   9-18-2025  15:11:55         PAGE  9


SYMBOL TABLE
  LABEL                             VALUE 

CCP1CON                           00000FBD
CCP1IE                            00000002
CCP1IF                            00000002
CCP1IP                            00000002
CCP1M0                            00000000
CCP1M1                            00000001
CCP1M2                            00000002
CCP1M3                            00000003
CCP1X                             00000005
CCP1Y                             00000004
CCP2CON                           00000FBA
CCP2IE                            00000000
CCP2IF                            00000000
CCP2IP                            00000000
CCP2M0                            00000000
CCP2M1                            00000001
CCP2M2                            00000002
CCP2M3                            00000003
CCP2X                             00000005
CCP2Y                             00000004
CCP2_PORTB                        00000003
CCP2_PORTC                        00000001
CCPR1                             00000FBE
CCPR1H                            00000FBF
CCPR1L                            00000FBE
CCPR2                             00000FBB
CCPR2H                            00000FBC
CCPR2L                            00000FBB
CFGS                              00000006
CHS0                              00000002
CHS1                              00000003
CHS2                              00000004
CHS3                              00000005
CIS                               00000003
CK                                00000006
CKE                               00000006
CKP                               00000004
CM0                               00000000
CM1                               00000001
CM2                               00000002
CMCON                             00000FB4
CMIE                              00000006
CMIF                              00000006
CMIP                              00000006
CREN                              00000004
CS                                00000002
CSRC                              00000007
CVR0                              00000000
CVR1                              00000001
CVR2                              00000002
CVR3                              00000003
CVRCON                            00000FB5
CVREN                             00000007
MPASM 5.77                        LAB4P8.ASM   9-18-2025  15:11:55         PAGE 10


SYMBOL TABLE
  LABEL                             VALUE 

CVROE                             00000006
CVRR                              00000005
CVRSS                             00000004
D                                 00000005
DC                                00000001
DC1B0                             00000004
DC1B1                             00000005
DC2B0                             00000004
DC2B1                             00000005
DDRA                              TRISA
DDRB                              TRISB
DDRC                              TRISC
DDRD                              TRISD
DDRE                              TRISE
DONE                              00000001
D_A                               00000005
D_NOT_A                           00000005
ECCP1AS                           00000FB6
ECCPAS0                           00000004
ECCPAS1                           00000005
ECCPAS2                           00000006
ECCPASE                           00000007
EEADR                             00000FA9
EEADRH                            00000FAA
EECON1                            00000FA6
EECON2                            00000FA7
EEDATA                            00000FA8
EEIE                              00000004
EEIF                              00000004
EEIP                              00000004
EEPGD                             00000007
FAST                              00000001
FERR                              00000002
FREE                              00000004
FSR0                              00000000
FSR0H                             00000FEA
FSR0L                             00000FE9
FSR1                              00000001
FSR1H                             00000FE2
FSR1L                             00000FE1
FSR2                              00000002
FSR2H                             00000FDA
FSR2L                             00000FD9
GCEN                              00000007
GIE                               00000007
GIEH                              00000007
GIEL                              00000006
GIE_GIEH                          00000007
GO                                00000001
GO_DONE                           00000001
GO_NOT_DONE                       00000001
GREATER                           0000013C
HLVDCON                           00000FD2
MPASM 5.77                        LAB4P8.ASM   9-18-2025  15:11:55         PAGE 11


SYMBOL TABLE
  LABEL                             VALUE 

HLVDEN                            00000004
HLVDIE                            00000002
HLVDIF                            00000002
HLVDIN                            00000005
HLVDIP                            00000002
HLVDL0                            00000000
HLVDL1                            00000001
HLVDL2                            00000002
HLVDL3                            00000003
IBF                               00000007
IBOV                              00000005
IDLEN                             00000007
INDF0                             00000FEF
INDF1                             00000FE7
INDF2                             00000FDF
INT0                              00000000
INT0E                             00000004
INT0F                             00000001
INT0IE                            00000004
INT0IF                            00000001
INT1                              00000001
INT1E                             00000003
INT1F                             00000000
INT1IE                            00000003
INT1IF                            00000000
INT1IP                            00000006
INT1P                             00000006
INT2                              00000002
INT2E                             00000004
INT2F                             00000001
INT2IE                            00000004
INT2IF                            00000001
INT2IP                            00000007
INT2P                             00000007
INTCON                            00000FF2
INTCON2                           00000FF1
INTCON3                           00000FF0
INTEDG0                           00000006
INTEDG1                           00000005
INTEDG2                           00000004
INTSRC                            00000007
IOFS                              00000002
IPEN                              00000007
IPR1                              00000F9F
IPR2                              00000FA2
IRCF0                             00000004
IRCF1                             00000005
IRCF2                             00000006
IRVST                             00000005
IVRST                             00000005
InA                               00000020
InB                               00000021
KBI0                              00000004
MPASM 5.77                        LAB4P8.ASM   9-18-2025  15:11:55         PAGE 12


SYMBOL TABLE
  LABEL                             VALUE 

KBI1                              00000005
KBI2                              00000006
KBI3                              00000007
LATA                              00000F89
LATA0                             00000000
LATA1                             00000001
LATA2                             00000002
LATA3                             00000003
LATA4                             00000004
LATA5                             00000005
LATA6                             00000006
LATA7                             00000007
LATB                              00000F8A
LATB0                             00000000
LATB1                             00000001
LATB2                             00000002
LATB3                             00000003
LATB4                             00000004
LATB5                             00000005
LATB6                             00000006
LATB7                             00000007
LATC                              00000F8B
LATC0                             00000000
LATC1                             00000001
LATC2                             00000002
LATC3                             00000003
LATC4                             00000004
LATC5                             00000005
LATC6                             00000006
LATC7                             00000007
LATD                              00000F8C
LATD0                             00000000
LATD1                             00000001
LATD2                             00000002
LATD3                             00000003
LATD4                             00000004
LATD5                             00000005
LATD6                             00000006
LATD7                             00000007
LATE                              00000F8D
LATE0                             00000000
LATE1                             00000001
LATE2                             00000002
LVDCON                            00000FD2
LVDEN                             00000004
LVDIE                             00000002
LVDIF                             00000002
LVDIN                             00000005
LVDIP                             00000002
LVDL0                             00000000
LVDL1                             00000001
LVDL2                             00000002
LVDL3                             00000003
MPASM 5.77                        LAB4P8.ASM   9-18-2025  15:11:55         PAGE 13


SYMBOL TABLE
  LABEL                             VALUE 

LVV0                              00000000
LVV1                              00000001
LVV2                              00000002
LVV3                              00000003
MAIN_LOOP                         00000014
MCLR                              00000003
N                                 00000004
NGREATER                          00000144
NOT_A                             00000005
NOT_ADDRESS                       00000005
NOT_BOR                           00000000
NOT_CS                            00000002
NOT_DONE                          00000001
NOT_MCLR                          00000003
NOT_PD                            00000002
NOT_POR                           00000001
NOT_RBPU                          00000007
NOT_RD                            00000000
NOT_RI                            00000004
NOT_SS                            00000005
NOT_T1SYNC                        00000002
NOT_T3SYNC                        00000002
NOT_TO                            00000003
NOT_W                             00000002
NOT_WR                            00000001
NOT_WRITE                         00000002
OBF                               00000006
OERR                              00000001
OSCCON                            00000FD3
OSCFIE                            00000007
OSCFIF                            00000007
OSCFIP                            00000007
OSCTUNE                           00000F9B
OSTS                              00000003
OV                                00000003
P                                 00000004
P1B                               00000005
P1C                               00000006
P1D                               00000007
P1M0                              00000006
P1M1                              00000007
PC                                00000FF9
PCFG0                             00000000
PCFG1                             00000001
PCFG2                             00000002
PCFG3                             00000003
PCL                               00000FF9
PCLATH                            00000FFA
PCLATU                            00000FFB
PD                                00000002
PDC0                              00000000
PDC1                              00000001
PDC2                              00000002
MPASM 5.77                        LAB4P8.ASM   9-18-2025  15:11:55         PAGE 14


SYMBOL TABLE
  LABEL                             VALUE 

PDC3                              00000003
PDC4                              00000004
PDC5                              00000005
PDC6                              00000006
PEIE                              00000006
PEIE_GIEL                         00000006
PEN                               00000002
PERFORM_TASK_ADD                  0000005C
PERFORM_TASK_AND                  00000078
PERFORM_TASK_BCD                  00000094
PERFORM_TASK_COMP                 0000004E
PERFORM_TASK_OR                   0000006A
PERFORM_TASK_XOR                  00000086
PGC                               00000006
PGD                               00000007
PGM                               00000005
PIE1                              00000F9D
PIE2                              00000FA0
PIR1                              00000F9E
PIR2                              00000FA1
PLLEN                             00000006
PLUSW0                            00000FEB
PLUSW1                            00000FE3
PLUSW2                            00000FDB
POR                               00000001
PORTA                             00000F80
PORTB                             00000F81
PORTC                             00000F82
PORTD                             00000F83
PORTE                             00000F84
PORTE_bit21_EQ00                  00000044
PORTE_bit21_EQ01                  0000003A
PORTE_bit21_EQ10                  00000036
PORTE_bit21_EQ11                  00000032
PORTE_bit2_EQ0                    00000028
PORTE_bit2_EQ1                    0000001E
POSTDEC0                          00000FED
POSTDEC1                          00000FE5
POSTDEC2                          00000FDD
POSTINC0                          00000FEE
POSTINC1                          00000FE6
POSTINC2                          00000FDE
PR2                               00000FCB
PREINC0                           00000FEC
PREINC1                           00000FE4
PREINC2                           00000FDC
PROD                              00000FF3
PRODH                             00000FF4
PRODL                             00000FF3
PRSEN                             00000007
PSA                               00000003
PSP0                              00000000
PSP1                              00000001
MPASM 5.77                        LAB4P8.ASM   9-18-2025  15:11:55         PAGE 15


SYMBOL TABLE
  LABEL                             VALUE 

PSP2                              00000002
PSP3                              00000003
PSP4                              00000004
PSP5                              00000005
PSP6                              00000006
PSP7                              00000007
PSPIE                             00000007
PSPIF                             00000007
PSPIP                             00000007
PSPMODE                           00000004
PSSAC0                            00000002
PSSAC1                            00000003
PSSBD0                            00000000
PSSBD1                            00000001
PWM1CON                           00000FB7
R                                 00000002
RA0                               00000000
RA1                               00000001
RA2                               00000002
RA3                               00000003
RA4                               00000004
RA5                               00000005
RA6                               00000006
RA7                               00000007
RB0                               00000000
RB1                               00000001
RB2                               00000002
RB3                               00000003
RB4                               00000004
RB5                               00000005
RB6                               00000006
RB7                               00000007
RBIE                              00000003
RBIF                              00000000
RBIP                              00000000
RBPU                              00000007
RC0                               00000000
RC1                               00000001
RC2                               00000002
RC3                               00000003
RC4                               00000004
RC5                               00000005
RC6                               00000006
RC7                               00000007
RCEN                              00000003
RCIDL                             00000006
RCIE                              00000005
RCIF                              00000005
RCIP                              00000005
RCMT                              00000006
RCON                              00000FD0
RCREG                             00000FAE
RCSTA                             00000FAB
MPASM 5.77                        LAB4P8.ASM   9-18-2025  15:11:55         PAGE 16


SYMBOL TABLE
  LABEL                             VALUE 

RD                                00000000
RD0                               00000000
RD1                               00000001
RD16                              00000007
RD2                               00000002
RD3                               00000003
RD4                               00000004
RD5                               00000005
RD6                               00000006
RD7                               00000007
RE0                               00000000
RE1                               00000001
RE2                               00000002
RE3                               00000003
RI                                00000004
RSEN                              00000001
RX                                00000007
RX9                               00000006
RX9D                              00000000
RXCKP                             00000005
RXDTP                             00000005
R_NOT_W                           00000002
R_W                               00000002
Result                            00000022
S                                 00000003
SBOREN                            00000006
SCK                               00000003
SCKP                              00000004
SCL                               00000003
SCS0                              00000000
SCS1                              00000001
SDA                               00000004
SDI                               00000004
SDO                               00000005
SEN                               00000000
SENDB                             00000003
SKIP_ADD                          00000146
SMP                               00000007
SP0                               00000000
SP1                               00000001
SP2                               00000002
SP3                               00000003
SP4                               00000004
SPBRG                             00000FAF
SPBRGH                            00000FB0
SPEN                              00000007
SREN                              00000005
SS                                00000005
SSPADD                            00000FC8
SSPBUF                            00000FC9
SSPCON1                           00000FC6
SSPCON2                           00000FC5
SSPEN                             00000005
MPASM 5.77                        LAB4P8.ASM   9-18-2025  15:11:55         PAGE 17


SYMBOL TABLE
  LABEL                             VALUE 

SSPIE                             00000003
SSPIF                             00000003
SSPIP                             00000003
SSPM0                             00000000
SSPM1                             00000001
SSPM2                             00000002
SSPM3                             00000003
SSPOV                             00000006
SSPSTAT                           00000FC7
START                             00000000
STATUS                            00000FD8
STKFUL                            00000007
STKOVF                            00000007
STKPTR                            00000FFC
STKPTR0                           00000000
STKPTR1                           00000001
STKPTR2                           00000002
STKPTR3                           00000003
STKPTR4                           00000004
STKUNF                            00000006
SUB_ADD                           000000BA
SUB_AND                           000000F2
SUB_BCD                           0000012A
SUB_COMP                          000000A2
SUB_OR                            000000D6
SUB_XOR                           0000010E
SWDTE                             00000000
SWDTEN                            00000000
SYNC                              00000004
T016BIT                           00000006
T08BIT                            00000006
T0CKI                             00000004
T0CON                             00000FD5
T0CS                              00000005
T0IE                              00000005
T0IF                              00000002
T0PS0                             00000000
T0PS1                             00000001
T0PS2                             00000002
T0SE                              00000004
T13CKI                            00000000
T1CKI                             00000000
T1CKPS0                           00000004
T1CKPS1                           00000005
T1CON                             00000FCD
T1OSCEN                           00000003
T1OSI                             00000001
T1OSO                             00000000
T1RUN                             00000006
T1SYNC                            00000002
T2CKPS0                           00000000
T2CKPS1                           00000001
T2CON                             00000FCA
MPASM 5.77                        LAB4P8.ASM   9-18-2025  15:11:55         PAGE 18


SYMBOL TABLE
  LABEL                             VALUE 

T2OUTPS0                          00000003
T2OUTPS1                          00000004
T2OUTPS2                          00000005
T2OUTPS3                          00000006
T3CCP1                            00000003
T3CCP2                            00000006
T3CKPS0                           00000004
T3CKPS1                           00000005
T3CON                             00000FB1
T3SYNC                            00000002
TABLAT                            00000FF5
TBLPTR                            00000FF6
TBLPTRH                           00000FF7
TBLPTRL                           00000FF6
TBLPTRU                           00000FF8
TMR0                              00000FD6
TMR0H                             00000FD7
TMR0IE                            00000005
TMR0IF                            00000002
TMR0IP                            00000002
TMR0L                             00000FD6
TMR0ON                            00000007
TMR1                              00000FCE
TMR1CS                            00000001
TMR1H                             00000FCF
TMR1IE                            00000000
TMR1IF                            00000000
TMR1IP                            00000000
TMR1L                             00000FCE
TMR1ON                            00000000
TMR2                              00000FCC
TMR2IE                            00000001
TMR2IF                            00000001
TMR2IP                            00000001
TMR2ON                            00000002
TMR3                              00000FB2
TMR3CS                            00000001
TMR3H                             00000FB3
TMR3IE                            00000001
TMR3IF                            00000001
TMR3IP                            00000001
TMR3L                             00000FB2
TMR3ON                            00000000
TO                                00000003
TOS                               00000FFD
TOSH                              00000FFE
TOSL                              00000FFD
TOSU                              00000FFF
TRISA                             00000F92
TRISA0                            00000000
TRISA1                            00000001
TRISA2                            00000002
TRISA3                            00000003
MPASM 5.77                        LAB4P8.ASM   9-18-2025  15:11:55         PAGE 19


SYMBOL TABLE
  LABEL                             VALUE 

TRISA4                            00000004
TRISA5                            00000005
TRISA6                            00000006
TRISA7                            00000007
TRISB                             00000F93
TRISB0                            00000000
TRISB1                            00000001
TRISB2                            00000002
TRISB3                            00000003
TRISB4                            00000004
TRISB5                            00000005
TRISB6                            00000006
TRISB7                            00000007
TRISC                             00000F94
TRISC0                            00000000
TRISC1                            00000001
TRISC2                            00000002
TRISC3                            00000003
TRISC4                            00000004
TRISC5                            00000005
TRISC6                            00000006
TRISC7                            00000007
TRISD                             00000F95
TRISD0                            00000000
TRISD1                            00000001
TRISD2                            00000002
TRISD3                            00000003
TRISD4                            00000004
TRISD5                            00000005
TRISD6                            00000006
TRISD7                            00000007
TRISE                             00000F96
TRISE0                            00000000
TRISE1                            00000001
TRISE2                            00000002
TRMT                              00000001
TUN0                              00000000
TUN1                              00000001
TUN2                              00000002
TUN3                              00000003
TUN4                              00000004
TX                                00000006
TX9                               00000006
TX9D                              00000000
TXCKP                             00000004
TXEN                              00000005
TXIE                              00000004
TXIF                              00000004
TXIP                              00000004
TXREG                             00000FAD
TXSTA                             00000FAC
UA                                00000001
VCFG0                             00000004
MPASM 5.77                        LAB4P8.ASM   9-18-2025  15:11:55         PAGE 20


SYMBOL TABLE
  LABEL                             VALUE 

VCFG1                             00000005
VDIRMAG                           00000007
VPP                               00000003
W                                 00000000
WCOL                              00000007
WDTCON                            00000FD1
WR                                00000001
WREG                              00000FE8
WREN                              00000002
WRERR                             00000003
WUE                               00000001
Z                                 00000002
Z_CHECK_DONE1                     000000B8
Z_CHECK_DONE2                     000000D4
Z_CHECK_DONE3                     000000F0
Z_CHECK_DONE4                     0000010C
Z_CHECK_DONE5                     00000128
Z_CHECK_DONE6                     00000152
_BOREN_NOSLP_2L                   000000FD
_BOREN_OFF_2L                     000000F9
_BOREN_ON_2L                      000000FB
_BOREN_SBORDIS_2L                 000000FF
_BORV_0_2L                        000000E7
_BORV_1_2L                        000000EF
_BORV_2_2L                        000000F7
_BORV_3_2L                        000000FF
_CCP2MX_PORTBE_3H                 000000FE
_CCP2MX_PORTC_3H                  000000FF
_CONFIG1H                         00300001
_CONFIG2H                         00300003
_CONFIG2L                         00300002
_CONFIG3H                         00300005
_CONFIG4L                         00300006
_CONFIG5H                         00300009
_CONFIG5L                         00300008
_CONFIG6H                         0030000B
_CONFIG6L                         0030000A
_CONFIG7H                         0030000D
_CONFIG7L                         0030000C
_CP0_OFF_5L                       000000FF
_CP0_ON_5L                        000000FE
_CP1_OFF_5L                       000000FF
_CP1_ON_5L                        000000FD
_CP2_OFF_5L                       000000FF
_CP2_ON_5L                        000000FB
_CP3_OFF_5L                       000000FF
_CP3_ON_5L                        000000F7
_CPB_OFF_5H                       000000FF
_CPB_ON_5H                        000000BF
_CPD_OFF_5H                       000000FF
_CPD_ON_5H                        0000007F
_DEBUG_OFF_4L                     000000FF
_DEBUG_ON_4L                      0000007F
MPASM 5.77                        LAB4P8.ASM   9-18-2025  15:11:55         PAGE 21


SYMBOL TABLE
  LABEL                             VALUE 

_DEVID1                           003FFFFE
_DEVID2                           003FFFFF
_EBTR0_OFF_7L                     000000FF
_EBTR0_ON_7L                      000000FE
_EBTR1_OFF_7L                     000000FF
_EBTR1_ON_7L                      000000FD
_EBTR2_OFF_7L                     000000FF
_EBTR2_ON_7L                      000000FB
_EBTR3_OFF_7L                     000000FF
_EBTR3_ON_7L                      000000F7
_EBTRB_OFF_7H                     000000FF
_EBTRB_ON_7H                      000000BF
_FCMEN_OFF_1H                     000000BF
_FCMEN_ON_1H                      000000FF
_IDLOC0                           00200000
_IDLOC1                           00200001
_IDLOC2                           00200002
_IDLOC3                           00200003
_IDLOC4                           00200004
_IDLOC5                           00200005
_IDLOC6                           00200006
_IDLOC7                           00200007
_IESO_OFF_1H                      0000007F
_IESO_ON_1H                       000000FF
_LPT1OSC_OFF_3H                   000000FB
_LPT1OSC_ON_3H                    000000FF
_LVP_OFF_4L                       000000FB
_LVP_ON_4L                        000000FF
_MCLRE_OFF_3H                     0000007F
_MCLRE_ON_3H                      000000FF
_OSC_ECIO6_1H                     000000F5
_OSC_EC_1H                        000000F4
_OSC_HSPLL_1H                     000000F6
_OSC_HS_1H                        000000F2
_OSC_INTIO67_1H                   000000F8
_OSC_INTIO7_1H                    000000F9
_OSC_LP_1H                        000000F0
_OSC_RCIO6_1H                     000000F7
_OSC_RC_1H                        000000F3
_OSC_XT_1H                        000000F1
_PBADEN_OFF_3H                    000000FD
_PBADEN_ON_3H                     000000FF
_PWRT_OFF_2L                      000000FF
_PWRT_ON_2L                       000000FE
_STVREN_OFF_4L                    000000FE
_STVREN_ON_4L                     000000FF
_WDTPS_1024_2H                    000000F5
_WDTPS_128_2H                     000000EF
_WDTPS_16384_2H                   000000FD
_WDTPS_16_2H                      000000E9
_WDTPS_1_2H                       000000E1
_WDTPS_2048_2H                    000000F7
_WDTPS_256_2H                     000000F1
MPASM 5.77                        LAB4P8.ASM   9-18-2025  15:11:55         PAGE 22


SYMBOL TABLE
  LABEL                             VALUE 

_WDTPS_2_2H                       000000E3
_WDTPS_32768_2H                   000000FF
_WDTPS_32_2H                      000000EB
_WDTPS_4096_2H                    000000F9
_WDTPS_4_2H                       000000E5
_WDTPS_512_2H                     000000F3
_WDTPS_64_2H                      000000ED
_WDTPS_8192_2H                    000000FB
_WDTPS_8_2H                       000000E7
_WDT_OFF_2H                       000000FE
_WDT_ON_2H                        000000FF
_WRT0_OFF_6L                      000000FF
_WRT0_ON_6L                       000000FE
_WRT1_OFF_6L                      000000FF
_WRT1_ON_6L                       000000FD
_WRT2_OFF_6L                      000000FF
_WRT2_ON_6L                       000000FB
_WRT3_OFF_6L                      000000FF
_WRT3_ON_6L                       000000F7
_WRTB_OFF_6H                      000000FF
_WRTB_ON_6H                       000000BF
_WRTC_OFF_6H                      000000FF
_WRTC_ON_6H                       000000DF
_WRTD_OFF_6H                      000000FF
_WRTD_ON_6H                       0000007F
_XINST_OFF_4L                     000000BF
_XINST_ON_4L                      000000FF
__18F4620                         00000001

Errors   :     0
Warnings :    91 reported,     0 suppressed
Messages :     0 reported,     0 suppressed

