

Microchip Technology PIC18 LITE Macro Assembler V1.34 build -361300703 
                                                                                               Wed Sep 03 08:03:16 2025

Microchip Technology Omniscient Code Generator (Lite mode) build 201502162209
     1                           	processor	18F4620
     2                           	fnconf	rparam,??,?,0
     3                           	opt	pw 120
     4                           	opt	lm
     5                           	psect	text0,global,reloc=2,class=CODE,delta=1
     6                           	psect	cinit,global,reloc=2,class=CODE,delta=1
     7                           	psect	cstackCOMRAM,global,class=COMRAM,space=1,delta=1
     8                           	psect	intsave_regs,global,class=BIGRAM,space=1,delta=1
     9                           	psect	rparam,global,class=COMRAM,space=1,delta=1
    10  0000                     _ADCON1	set	4033
    11  0000                     _PORTA	set	3968
    12  0000                     _PORTB	set	3969
    13  0000                     _TRISA	set	3986
    14  0000                     _TRISB	set	3987
    15                           
    16 ;;
    17 ;;Main: autosize = 0, tempsize = 0, incstack = 0, save=0
    18 ;;
    19 ;; *************** function _main *****************
    20 ;; Defined at:
    21 ;;		line 8 in file "lab2p1.c"
    22 ;; Parameters:    Size  Location     Type
    23 ;;		None
    24 ;; Auto vars:     Size  Location     Type
    25 ;;  in_sw           1    0[COMRAM] unsigned char 
    26 ;; Return value:  Size  Location     Type
    27 ;;		None               void
    28 ;; Registers used:
    29 ;;		wreg, status,2, status,0
    30 ;; Tracked objects:
    31 ;;		On entry : 0/0
    32 ;;		On exit  : 0/0
    33 ;;		Unchanged: 0/0
    34 ;; Data sizes:     COMRAM   BANK0   BANK1   BANK2   BANK3   BANK4   BANK5   BANK6   BANK7   BANK8   BANK9  BANK10  BANK1
      +1  BANK12  BANK13  BANK14  BANK15
    35 ;;      Params:         0       0       0       0       0       0       0       0       0       0       0       0       
      +0       0       0       0       0
    36 ;;      Locals:         1       0       0       0       0       0       0       0       0       0       0       0       
      +0       0       0       0       0
    37 ;;      Temps:          0       0       0       0       0       0       0       0       0       0       0       0       
      +0       0       0       0       0
    38 ;;      Totals:         1       0       0       0       0       0       0       0       0       0       0       0       
      +0       0       0       0       0
    39 ;;Total ram usage:        1 bytes
    40 ;; This function calls:
    41 ;;		Nothing
    42 ;; This function is called by:
    43 ;;		Startup code after reset
    44 ;; This function uses a non-reentrant model
    45 ;;
    46                           
    47                           	psect	text0
    48  00FFDE                     __ptext0:
    49                           	opt stack 0
    50  00FFDE                     _main:
    51                           	opt stack 31
    52                           
    53                           ;lab2p1.c: 10: char in_sw;
    54                           ;lab2p1.c: 11: TRISA = 0x01;
    55                           
    56                           ;incstack = 0
    57  00FFDE  0E01               	movlw	1
    58  00FFE0  6E92               	movwf	3986,c	;volatile
    59                           
    60                           ;lab2p1.c: 12: TRISB = 0x00;
    61  00FFE2  0E00               	movlw	0
    62  00FFE4  6E93               	movwf	3987,c	;volatile
    63                           
    64                           ;lab2p1.c: 13: ADCON1 = 0x0F;
    65  00FFE6  0E0F               	movlw	15
    66  00FFE8  6EC1               	movwf	4033,c	;volatile
    67  00FFEA  D000               	goto	l600
    68  00FFEC                     l600:
    69                           
    70                           ;lab2p1.c: 17: {
    71                           ;lab2p1.c: 18: in_sw = PORTA;
    72  00FFEC  CF80 F001          	movff	3968,main@in_sw	;volatile
    73                           
    74                           ;lab2p1.c: 20: in_sw = in_sw & 0x07;
    75  00FFF0  5001               	movf	main@in_sw,w,c
    76  00FFF2  0B07               	andlw	7
    77  00FFF4  6E01               	movwf	main@in_sw,c
    78                           
    79                           ;lab2p1.c: 22: PORTB = in_sw;
    80  00FFF6  C001  FF81         	movff	main@in_sw,3969	;volatile
    81  00FFFA  D7F8               	goto	l600
    82  00FFFC  EF00  F000         	goto	start
    83  010000                     __end_of_main:
    84                           	opt stack 0
    85  0000                     
    86                           	psect	cinit
    87  00FFD8                     __pcinit:
    88                           	opt stack 0
    89  00FFD8                     start_initialization:
    90                           	opt stack 0
    91  00FFD8                     __initialization:
    92                           	opt stack 0
    93  00FFD8                     end_of_initialization:
    94                           	opt stack 0
    95  00FFD8                     __end_of__initialization:
    96                           	opt stack 0
    97  00FFD8  0100               	movlb	0
    98  00FFDA  EFEF  F07F         	goto	_main	;jump to C main() function
    99                           
   100                           	psect	cstackCOMRAM
   101  000001                     __pcstackCOMRAM:
   102                           	opt stack 0
   103  000001                     main@in_sw:
   104                           	opt stack 0
   105                           
   106                           ; 1 bytes @ 0x0
   107  000001                     	ds	1
   108                           
   109                           	psect	rparam


Data Sizes:
    Strings     0
    Constant    0
    Data        0
    BSS         0
    Persistent  0
    Stack       0

Auto Spaces:
    Space          Size  Autos    Used
    COMRAM          127      1       1
    BANK0           128      0       0
    BANK1           256      0       0
    BANK2           256      0       0
    BANK3           256      0       0
    BANK4           256      0       0
    BANK5           256      0       0
    BANK6           256      0       0
    BANK7           256      0       0
    BANK8           256      0       0
    BANK9           256      0       0
    BANK10          256      0       0
    BANK11          256      0       0
    BANK12          256      0       0
    BANK13          256      0       0
    BANK14          256      0       0
    BANK15          128      0       0

Pointer List with Targets:

    None.

Critical Paths under _main in COMRAM

    None.

Critical Paths under _main in BANK0

    None.

Critical Paths under _main in BANK1

    None.

Critical Paths under _main in BANK2

    None.

Critical Paths under _main in BANK3

    None.

Critical Paths under _main in BANK4

    None.

Critical Paths under _main in BANK5

    None.

Critical Paths under _main in BANK6

    None.

Critical Paths under _main in BANK7

    None.

Critical Paths under _main in BANK8

    None.

Critical Paths under _main in BANK9

    None.

Critical Paths under _main in BANK10

    None.

Critical Paths under _main in BANK11

    None.

Critical Paths under _main in BANK12

    None.

Critical Paths under _main in BANK13

    None.

Critical Paths under _main in BANK14

    None.

Critical Paths under _main in BANK15

    None.

Call Graph Tables:

 ---------------------------------------------------------------------------------
 (Depth) Function   	        Calls       Base Space   Used Autos Params    Refs
 ---------------------------------------------------------------------------------
 (0) _main                                                 1     1      0      30
                                              0 COMRAM     1     1      0
 ---------------------------------------------------------------------------------
 Estimated maximum stack depth 0
 ---------------------------------------------------------------------------------

 Call Graph Graphs:

 _main (ROOT)

 Address spaces:
Name               Size   Autos  Total    Cost      Usage
BITCOMRAM           7F      0       0       0        0.0%
EEDATA             400      0       0       0        0.0%
NULL                 0      0       0       0        0.0%
CODE                 0      0       0       0        0.0%
COMRAM              7F      1       1       1        0.8%
STACK                0      0       0       2        0.0%
DATA                 0      0       0       3        0.0%
BITBANK0            80      0       0       4        0.0%
BANK0               80      0       0       5        0.0%
BITBANK1           100      0       0       6        0.0%
BANK1              100      0       0       7        0.0%
BITBANK2           100      0       0       8        0.0%
BANK2              100      0       0       9        0.0%
BITBANK3           100      0       0      10        0.0%
BANK3              100      0       0      11        0.0%
BITBANK4           100      0       0      12        0.0%
BANK4              100      0       0      13        0.0%
BITBANK5           100      0       0      14        0.0%
BANK5              100      0       0      15        0.0%
BITBANK6           100      0       0      16        0.0%
BANK6              100      0       0      17        0.0%
BITBANK7           100      0       0      18        0.0%
BANK7              100      0       0      19        0.0%
BITBANK8           100      0       0      20        0.0%
BANK8              100      0       0      21        0.0%
BITBANK9           100      0       0      22        0.0%
BANK9              100      0       0      23        0.0%
BITBANK10          100      0       0      24        0.0%
BANK10             100      0       0      25        0.0%
BITBANK11          100      0       0      26        0.0%
BANK11             100      0       0      27        0.0%
BITBANK12          100      0       0      28        0.0%
BANK12             100      0       0      29        0.0%
BITBANK13          100      0       0      30        0.0%
BANK13             100      0       0      31        0.0%
BITBANK14          100      0       0      32        0.0%
BANK14             100      0       0      33        0.0%
ABS                  0      0       0      34        0.0%
BITBANK15           80      0       0      35        0.0%
BANK15              80      0       0      36        0.0%
BIGRAM             F7F      0       0      37        0.0%
BITSFR               0      0       0      40        0.0%
SFR                  0      0       0      40        0.0%


Microchip Technology PIC18 Macro Assembler V1.34 build -361300703 
Symbol Table                                                                                   Wed Sep 03 08:03:16 2025

                    l600 FFEC                     _main FFDE                     start 0000  
           ___param_bank 000010                    ?_main 0001                    _PORTA 000F80  
                  _PORTB 000F81                    _TRISA 000F92                    _TRISB 000F93  
        __initialization FFD8             __end_of_main 0000                   ??_main 0001  
          __activetblptr 000000                   _ADCON1 000FC1               __accesstop 0080  
__end_of__initialization FFD8            ___rparam_used 000001           __pcstackCOMRAM 0001  
                __Hparam 0000                  __Lparam 0000                  __pcinit FFD8  
                __ramtop 1000                  __ptext0 FFDE     end_of_initialization FFD8  
    start_initialization FFD8                main@in_sw 0001                 __Hrparam 0000  
               __Lrparam 0000            __size_of_main 0022  
