

Microchip Technology PIC18 LITE Macro Assembler V1.34 build -361300703 
                                                                                               Thu Sep 04 14:08:59 2025

Microchip Technology Omniscient Code Generator (Lite mode) build 201502162209
     1                           	processor	18F4620
     2                           	fnconf	rparam,??,?,0
     3                           	opt	pw 120
     4                           	opt	lm
     5                           	psect	idataCOMRAM,global,class=CODE,delta=1
     6                           	psect	cinit,global,reloc=2,class=CODE,delta=1
     7                           	psect	dataCOMRAM,global,class=COMRAM,space=1,delta=1
     8                           	psect	cstackCOMRAM,global,class=COMRAM,space=1,delta=1
     9                           	psect	text0,global,reloc=2,class=CODE,delta=1
    10                           	psect	text1,global,reloc=2,class=CODE,delta=1
    11                           	psect	intsave_regs,global,class=BIGRAM,space=1,delta=1
    12                           	psect	rparam,global,class=COMRAM,space=1,delta=1
    13  0000                     
    14                           	psect	idataCOMRAM
    15  00FF24                     __pidataCOMRAM:
    16                           	opt stack 0
    17                           
    18                           ;initializer for main@F3451
    19  00FF24  07                 	db	7
    20  00FF25  05                 	db	5
    21  00FF26  06                 	db	6
    22  00FF27  03                 	db	3
    23  00FF28  02                 	db	2
    24  00FF29  00                 	db	0
    25  00FF2A  04                 	db	4
    26  00FF2B  01                 	db	1
    27                           
    28                           ;initializer for main@F3453
    29  00FF2C  06                 	db	6
    30  00FF2D  07                 	db	7
    31  00FF2E  01                 	db	1
    32  00FF2F  03                 	db	3
    33  00FF30  04                 	db	4
    34  00FF31  00                 	db	0
    35  00FF32  02                 	db	2
    36  00FF33  05                 	db	5
    37  0000                     _ADCON1	set	4033
    38  0000                     _PORTC	set	3970
    39  0000                     _PORTD	set	3971
    40  0000                     _TRISC	set	3988
    41  0000                     _TRISD	set	3989
    42                           
    43                           ; #config settings
    44  0000                     
    45                           	psect	cinit
    46  00FF58                     __pcinit:
    47                           	opt stack 0
    48  00FF58                     start_initialization:
    49                           	opt stack 0
    50  00FF58                     __initialization:
    51                           	opt stack 0
    52                           
    53                           ; Initialize objects allocated to COMRAM (16 bytes)
    54                           ; load TBLPTR registers with __pidataCOMRAM
    55  00FF58  0E24               	movlw	low __pidataCOMRAM
    56  00FF5A  6EF6               	movwf	tblptrl,c
    57  00FF5C  0EFF               	movlw	high __pidataCOMRAM
    58  00FF5E  6EF7               	movwf	tblptrh,c
    59  00FF60  0E00               	movlw	low (__pidataCOMRAM shr (0+16))
    60  00FF62  6EF8               	movwf	tblptru,c
    61  00FF64  EE00  F016         	lfsr	0,__pdataCOMRAM
    62  00FF68  EE10 F010          	lfsr	1,16
    63  00FF6C                     copy_data0:
    64  00FF6C  0009               	tblrd		*+
    65  00FF6E  CFF5 FFEE          	movff	tablat,postinc0
    66  00FF72  50E5               	movf	postdec1,w,c
    67  00FF74  50E1               	movf	fsr1l,w,c
    68  00FF76  E1FA               	bnz	copy_data0
    69  00FF78                     end_of_initialization:
    70                           	opt stack 0
    71  00FF78                     __end_of__initialization:
    72                           	opt stack 0
    73  00FF78  0100               	movlb	0
    74  00FF7A  EFBF  F07F         	goto	_main	;jump to C main() function
    75                           tblptru	equ	0xFF8
    76                           tblptrh	equ	0xFF7
    77                           tblptrl	equ	0xFF6
    78                           tablat	equ	0xFF5
    79                           postinc0	equ	0xFEE
    80                           postdec1	equ	0xFE5
    81                           fsr1l	equ	0xFE1
    82                           
    83                           	psect	dataCOMRAM
    84  000016                     __pdataCOMRAM:
    85                           	opt stack 0
    86  000016                     main@F3451:
    87                           	opt stack 0
    88  000016                     	ds	8
    89  00001E                     main@F3453:
    90                           	opt stack 0
    91  00001E                     	ds	8
    92                           tblptru	equ	0xFF8
    93                           tblptrh	equ	0xFF7
    94                           tblptrl	equ	0xFF6
    95                           tablat	equ	0xFF5
    96                           postinc0	equ	0xFEE
    97                           postdec1	equ	0xFE5
    98                           fsr1l	equ	0xFE1
    99                           
   100                           	psect	cstackCOMRAM
   101  000001                     __pcstackCOMRAM:
   102                           	opt stack 0
   103  000001                     Delay_One_Sec@I:
   104                           	opt stack 0
   105                           
   106                           ; 2 bytes @ 0x0
   107  000001                     	ds	2
   108  000003                     ??_main:
   109                           
   110                           ; 0 bytes @ 0x2
   111  000003                     	ds	2
   112  000005                     main@array1:
   113                           	opt stack 0
   114                           
   115                           ; 8 bytes @ 0x4
   116  000005                     	ds	8
   117  00000D                     main@array2:
   118                           	opt stack 0
   119                           
   120                           ; 8 bytes @ 0xC
   121  00000D                     	ds	8
   122  000015                     main@i:
   123                           	opt stack 0
   124                           
   125                           ; 1 bytes @ 0x14
   126  000015                     	ds	1
   127                           tblptru	equ	0xFF8
   128                           tblptrh	equ	0xFF7
   129                           tblptrl	equ	0xFF6
   130                           tablat	equ	0xFF5
   131                           postinc0	equ	0xFEE
   132                           postdec1	equ	0xFE5
   133                           fsr1l	equ	0xFE1
   134                           
   135 ;;
   136 ;;Main: autosize = 0, tempsize = 2, incstack = 0, save=0
   137 ;;
   138 ;; *************** function _main *****************
   139 ;; Defined at:
   140 ;;		line 15 in file "lab2p4.c"
   141 ;; Parameters:    Size  Location     Type
   142 ;;		None
   143 ;; Auto vars:     Size  Location     Type
   144 ;;  i               1   20[COMRAM] unsigned char 
   145 ;;  array2          8   12[COMRAM] unsigned char [8]
   146 ;;  array1          8    4[COMRAM] unsigned char [8]
   147 ;; Return value:  Size  Location     Type
   148 ;;		None               void
   149 ;; Registers used:
   150 ;;		wreg, fsr1l, fsr1h, fsr2l, fsr2h, status,2, status,0, prodl, prodh, cstack
   151 ;; Tracked objects:
   152 ;;		On entry : 0/0
   153 ;;		On exit  : 0/0
   154 ;;		Unchanged: 0/0
   155 ;; Data sizes:     COMRAM   BANK0   BANK1   BANK2   BANK3   BANK4   BANK5   BANK6   BANK7   BANK8   BANK9  BANK10  BANK1
      +1  BANK12  BANK13  BANK14  BANK15
   156 ;;      Params:         0       0       0       0       0       0       0       0       0       0       0       0       
      +0       0       0       0       0
   157 ;;      Locals:        17       0       0       0       0       0       0       0       0       0       0       0       
      +0       0       0       0       0
   158 ;;      Temps:          2       0       0       0       0       0       0       0       0       0       0       0       
      +0       0       0       0       0
   159 ;;      Totals:        19       0       0       0       0       0       0       0       0       0       0       0       
      +0       0       0       0       0
   160 ;;Total ram usage:       19 bytes
   161 ;; Hardware stack levels required when called:    1
   162 ;; This function calls:
   163 ;;		_Delay_One_Sec
   164 ;; This function is called by:
   165 ;;		Startup code after reset
   166 ;; This function uses a non-reentrant model
   167 ;;
   168                           
   169                           	psect	text0
   170  00FF7E                     __ptext0:
   171                           	opt stack 0
   172  00FF7E                     _main:
   173                           	opt stack 30
   174                           
   175                           ;lab2p4.c: 18: TRISC = 0x00;
   176                           
   177                           ;incstack = 0
   178  00FF7E  0E00               	movlw	0
   179  00FF80  6E94               	movwf	3988,c	;volatile
   180                           
   181                           ;lab2p4.c: 19: TRISD = 0x00;
   182  00FF82  0E00               	movlw	0
   183  00FF84  6E95               	movwf	3989,c	;volatile
   184                           
   185                           ;lab2p4.c: 20: ADCON1 = 0x0F;
   186  00FF86  0E0F               	movlw	15
   187  00FF88  6EC1               	movwf	4033,c	;volatile
   188                           
   189                           ;lab2p4.c: 21: char array1[8] = {0x07,0x05,0x06,0x03,0x02,0x00,0x04,0x01};
   190  00FF8A  EE20  F016         	lfsr	2,main@F3451
   191  00FF8E  EE10  F005         	lfsr	1,main@array1
   192  00FF92  0E07               	movlw	7
   193  00FF94                     u31:
   194  00FF94  CFDB FFE3          	movff	plusw2,plusw1
   195  00FF98  06E8               	decf	wreg,f,c
   196  00FF9A  E2FC               	bc	u31
   197                           
   198                           ;lab2p4.c: 22: char array2[8] = {0x06,0x07,0x01,0x03,0x04,0x00,0x02,0x05};
   199  00FF9C  EE20  F01E         	lfsr	2,main@F3453
   200  00FFA0  EE10  F00D         	lfsr	1,main@array2
   201  00FFA4  0E07               	movlw	7
   202  00FFA6                     u41:
   203  00FFA6  CFDB FFE3          	movff	plusw2,plusw1
   204  00FFAA  06E8               	decf	wreg,f,c
   205  00FFAC  E2FC               	bc	u41
   206                           
   207                           ;lab2p4.c: 24: for(char i=0; i<8; i++)
   208  00FFAE  0E00               	movlw	0
   209  00FFB0  6E15               	movwf	main@i,c
   210  00FFB2                     l624:
   211  00FFB2  0E07               	movlw	7
   212  00FFB4  6415               	cpfsgt	main@i,c
   213  00FFB6  D002               	goto	l628
   214  00FFB8  EF00  F000         	goto	start
   215  00FFBC                     l628:
   216                           
   217                           ;lab2p4.c: 25: {
   218                           ;lab2p4.c: 26: PORTC = array1[i];
   219  00FFBC  5015               	movf	main@i,w,c
   220  00FFBE  0D01               	mullw	1
   221  00FFC0  0E05               	movlw	low main@array1
   222  00FFC2  24F3               	addwf	prodl,w,c
   223  00FFC4  6ED9               	movwf	fsr2l,c
   224  00FFC6  0E00               	movlw	high main@array1
   225  00FFC8  20F4               	addwfc	prodh,w,c
   226  00FFCA  6EDA               	movwf	fsr2h,c
   227  00FFCC  50DF               	movf	indf2,w,c
   228  00FFCE  6E82               	movwf	3970,c	;volatile
   229                           
   230                           ;lab2p4.c: 27: PORTD = (array2[i])<<5;
   231  00FFD0  5015               	movf	main@i,w,c
   232  00FFD2  0D01               	mullw	1
   233  00FFD4  0E0D               	movlw	low main@array2
   234  00FFD6  24F3               	addwf	prodl,w,c
   235  00FFD8  6ED9               	movwf	fsr2l,c
   236  00FFDA  0E00               	movlw	high main@array2
   237  00FFDC  20F4               	addwfc	prodh,w,c
   238  00FFDE  6EDA               	movwf	fsr2h,c
   239  00FFE0  50DF               	movf	indf2,w,c
   240  00FFE2  6E03               	movwf	??_main& (0+255),c
   241  00FFE4  0E05               	movlw	5
   242  00FFE6  6E04               	movwf	(??_main+1)& (0+255),c
   243  00FFE8                     u65:
   244  00FFE8  90D8               	bcf	status,0,c
   245  00FFEA  3603               	rlcf	??_main,f,c
   246  00FFEC  2E04               	decfsz	(??_main+1)& (0+255),f,c
   247  00FFEE  D7FC               	goto	u65
   248  00FFF0  5003               	movf	??_main,w,c
   249  00FFF2  6E83               	movwf	3971,c	;volatile
   250                           
   251                           ;lab2p4.c: 28: Delay_One_Sec();
   252  00FFF4  EC9A  F07F         	call	_Delay_One_Sec	;wreg free
   253  00FFF8  2A15               	incf	main@i,f,c
   254  00FFFA  D7DB               	goto	l624
   255  00FFFC  EF00  F000         	goto	start
   256  010000                     __end_of_main:
   257                           	opt stack 0
   258                           tblptru	equ	0xFF8
   259                           tblptrh	equ	0xFF7
   260                           tblptrl	equ	0xFF6
   261                           tablat	equ	0xFF5
   262                           prodh	equ	0xFF4
   263                           prodl	equ	0xFF3
   264                           postinc0	equ	0xFEE
   265                           wreg	equ	0xFE8
   266                           postdec1	equ	0xFE5
   267                           plusw1	equ	0xFE3
   268                           fsr1l	equ	0xFE1
   269                           indf2	equ	0xFDF
   270                           plusw2	equ	0xFDB
   271                           fsr2h	equ	0xFDA
   272                           fsr2l	equ	0xFD9
   273                           status	equ	0xFD8
   274                           
   275 ;; *************** function _Delay_One_Sec *****************
   276 ;; Defined at:
   277 ;;		line 32 in file "lab2p4.c"
   278 ;; Parameters:    Size  Location     Type
   279 ;;		None
   280 ;; Auto vars:     Size  Location     Type
   281 ;;  I               2    0[COMRAM] int 
   282 ;; Return value:  Size  Location     Type
   283 ;;		None               void
   284 ;; Registers used:
   285 ;;		wreg, status,2, status,0
   286 ;; Tracked objects:
   287 ;;		On entry : 0/0
   288 ;;		On exit  : 0/0
   289 ;;		Unchanged: 0/0
   290 ;; Data sizes:     COMRAM   BANK0   BANK1   BANK2   BANK3   BANK4   BANK5   BANK6   BANK7   BANK8   BANK9  BANK10  BANK1
      +1  BANK12  BANK13  BANK14  BANK15
   291 ;;      Params:         0       0       0       0       0       0       0       0       0       0       0       0       
      +0       0       0       0       0
   292 ;;      Locals:         2       0       0       0       0       0       0       0       0       0       0       0       
      +0       0       0       0       0
   293 ;;      Temps:          0       0       0       0       0       0       0       0       0       0       0       0       
      +0       0       0       0       0
   294 ;;      Totals:         2       0       0       0       0       0       0       0       0       0       0       0       
      +0       0       0       0       0
   295 ;;Total ram usage:        2 bytes
   296 ;; Hardware stack levels used:    1
   297 ;; This function calls:
   298 ;;		Nothing
   299 ;; This function is called by:
   300 ;;		_main
   301 ;; This function uses a non-reentrant model
   302 ;;
   303                           
   304                           	psect	text1
   305  00FF34                     __ptext1:
   306                           	opt stack 0
   307  00FF34                     _Delay_One_Sec:
   308                           	opt stack 30
   309                           
   310                           ;lab2p4.c: 34: for (int I=0; I <17000; I++);
   311                           
   312                           ;incstack = 0
   313  00FF34  0E00               	movlw	0
   314  00FF36  6E02               	movwf	Delay_One_Sec@I+1,c
   315  00FF38  0E00               	movlw	0
   316  00FF3A  6E01               	movwf	Delay_One_Sec@I,c
   317  00FF3C                     l610:
   318  00FF3C  BE02               	btfsc	Delay_One_Sec@I+1,7,c
   319  00FF3E  D008               	goto	l614
   320  00FF40  0E68               	movlw	104
   321  00FF42  5C01               	subwf	Delay_One_Sec@I,w,c
   322  00FF44  0E42               	movlw	66
   323  00FF46  5802               	subwfb	Delay_One_Sec@I+1,w,c
   324  00FF48  B0D8               	btfsc	status,0,c
   325  00FF4A  D005               	goto	l26
   326  00FF4C  D001               	goto	l614
   327  00FF4E  D003               	goto	l26
   328  00FF50                     l614:
   329  00FF50  4A01               	infsnz	Delay_One_Sec@I,f,c
   330  00FF52  2A02               	incf	Delay_One_Sec@I+1,f,c
   331  00FF54  D7F3               	goto	l610
   332  00FF56                     l26:
   333  00FF56  0012               	return		;funcret
   334  00FF58                     __end_of_Delay_One_Sec:
   335                           	opt stack 0
   336  0000                     tblptru	equ	0xFF8
   337                           tblptrh	equ	0xFF7
   338                           tblptrl	equ	0xFF6
   339                           tablat	equ	0xFF5
   340                           prodh	equ	0xFF4
   341                           prodl	equ	0xFF3
   342                           postinc0	equ	0xFEE
   343                           wreg	equ	0xFE8
   344                           postdec1	equ	0xFE5
   345                           plusw1	equ	0xFE3
   346                           fsr1l	equ	0xFE1
   347                           indf2	equ	0xFDF
   348                           plusw2	equ	0xFDB
   349                           fsr2h	equ	0xFDA
   350                           fsr2l	equ	0xFD9
   351                           status	equ	0xFD8
   352                           tblptru	equ	0xFF8
   353                           tblptrh	equ	0xFF7
   354                           tblptrl	equ	0xFF6
   355                           tablat	equ	0xFF5
   356                           prodh	equ	0xFF4
   357                           prodl	equ	0xFF3
   358                           postinc0	equ	0xFEE
   359                           wreg	equ	0xFE8
   360                           postdec1	equ	0xFE5
   361                           plusw1	equ	0xFE3
   362                           fsr1l	equ	0xFE1
   363                           indf2	equ	0xFDF
   364                           plusw2	equ	0xFDB
   365                           fsr2h	equ	0xFDA
   366                           fsr2l	equ	0xFD9
   367                           status	equ	0xFD8
   368                           
   369                           	psect	rparam
   370  0000                     tblptru	equ	0xFF8
   371                           tblptrh	equ	0xFF7
   372                           tblptrl	equ	0xFF6
   373                           tablat	equ	0xFF5
   374                           prodh	equ	0xFF4
   375                           prodl	equ	0xFF3
   376                           postinc0	equ	0xFEE
   377                           wreg	equ	0xFE8
   378                           postdec1	equ	0xFE5
   379                           plusw1	equ	0xFE3
   380                           fsr1l	equ	0xFE1
   381                           indf2	equ	0xFDF
   382                           plusw2	equ	0xFDB
   383                           fsr2h	equ	0xFDA
   384                           fsr2l	equ	0xFD9
   385                           status	equ	0xFD8


Data Sizes:
    Strings     0
    Constant    0
    Data        16
    BSS         0
    Persistent  0
    Stack       0

Auto Spaces:
    Space          Size  Autos    Used
    COMRAM          127     21      37
    BANK0           128      0       0
    BANK1           256      0       0
    BANK2           256      0       0
    BANK3           256      0       0
    BANK4           256      0       0
    BANK5           256      0       0
    BANK6           256      0       0
    BANK7           256      0       0
    BANK8           256      0       0
    BANK9           256      0       0
    BANK10          256      0       0
    BANK11          256      0       0
    BANK12          256      0       0
    BANK13          256      0       0
    BANK14          256      0       0
    BANK15          128      0       0

Pointer List with Targets:

    None.

Critical Paths under _main in COMRAM

    _main->_Delay_One_Sec

Critical Paths under _main in BANK0

    None.

Critical Paths under _main in BANK1

    None.

Critical Paths under _main in BANK2

    None.

Critical Paths under _main in BANK3

    None.

Critical Paths under _main in BANK4

    None.

Critical Paths under _main in BANK5

    None.

Critical Paths under _main in BANK6

    None.

Critical Paths under _main in BANK7

    None.

Critical Paths under _main in BANK8

    None.

Critical Paths under _main in BANK9

    None.

Critical Paths under _main in BANK10

    None.

Critical Paths under _main in BANK11

    None.

Critical Paths under _main in BANK12

    None.

Critical Paths under _main in BANK13

    None.

Critical Paths under _main in BANK14

    None.

Critical Paths under _main in BANK15

    None.

Call Graph Tables:

 ---------------------------------------------------------------------------------
 (Depth) Function   	        Calls       Base Space   Used Autos Params    Refs
 ---------------------------------------------------------------------------------
 (0) _main                                                19    19      0     120
                                              2 COMRAM    19    19      0
                      _Delay_One_Sec
 ---------------------------------------------------------------------------------
 (1) _Delay_One_Sec                                        2     2      0      30
                                              0 COMRAM     2     2      0
 ---------------------------------------------------------------------------------
 Estimated maximum stack depth 1
 ---------------------------------------------------------------------------------

 Call Graph Graphs:

 _main (ROOT)
   _Delay_One_Sec

 Address spaces:
Name               Size   Autos  Total    Cost      Usage
BIGRAM             F7F      0       0      37        0.0%
EEDATA             400      0       0       0        0.0%
BITBANK14          100      0       0      32        0.0%
BANK14             100      0       0      33        0.0%
BITBANK13          100      0       0      30        0.0%
BANK13             100      0       0      31        0.0%
BITBANK12          100      0       0      28        0.0%
BANK12             100      0       0      29        0.0%
BITBANK11          100      0       0      26        0.0%
BANK11             100      0       0      27        0.0%
BITBANK10          100      0       0      24        0.0%
BANK10             100      0       0      25        0.0%
BITBANK9           100      0       0      22        0.0%
BANK9              100      0       0      23        0.0%
BITBANK8           100      0       0      20        0.0%
BANK8              100      0       0      21        0.0%
BITBANK7           100      0       0      18        0.0%
BANK7              100      0       0      19        0.0%
BITBANK6           100      0       0      16        0.0%
BANK6              100      0       0      17        0.0%
BITBANK5           100      0       0      14        0.0%
BANK5              100      0       0      15        0.0%
BITBANK4           100      0       0      12        0.0%
BANK4              100      0       0      13        0.0%
BITBANK3           100      0       0      10        0.0%
BANK3              100      0       0      11        0.0%
BITBANK2           100      0       0       8        0.0%
BANK2              100      0       0       9        0.0%
BITBANK1           100      0       0       6        0.0%
BANK1              100      0       0       7        0.0%
BITBANK15           80      0       0      35        0.0%
BANK15              80      0       0      36        0.0%
BITBANK0            80      0       0       4        0.0%
BANK0               80      0       0       5        0.0%
BITCOMRAM           7F      0       0       0        0.0%
COMRAM              7F     15      25       1       29.1%
BITSFR               0      0       0      40        0.0%
SFR                  0      0       0      40        0.0%
STACK                0      0       0       2        0.0%
NULL                 0      0       0       0        0.0%
ABS                  0      0      25      34        0.0%
DATA                 0      0      25       3        0.0%
CODE                 0      0       0       0        0.0%


Microchip Technology PIC18 Macro Assembler V1.34 build -361300703 
Symbol Table                                                                                   Thu Sep 04 14:08:59 2025

                     l26 FF56                       u31 FF94                       u41 FFA6  
                     u65 FFE8                      l610 FF3C                      l614 FF50  
                    l624 FFB2                      l628 FFBC                      prod 000FF3  
                    wreg 000FE8             __CFG_LVP$OFF 000000             __CFG_WDT$OFF 000000  
                   _main FF7E                     fsr1l 000FE1                     indf2 000FDF  
                   fsr2l 000FD9                     prodl 000FF3                     start 0000  
           ___param_bank 000010                    ?_main 0001                    _PORTC 000F82  
                  _PORTD 000F83                    _TRISC 000F94                    _TRISD 000F95  
                  main@i 0015           __CFG_BOREN$OFF 000000                    tablat 000FF5  
                  plusw1 000FE3                    plusw2 000FDB                    status 000FD8  
        __initialization FF58             __end_of_main 0000                   ??_main 0003  
          __activetblptr 000000                   _ADCON1 000FC1             __pdataCOMRAM 0016  
                 tblptrh 000FF7                   tblptrl 000FF6                   tblptru 000FF8  
             __accesstop 0080  __end_of__initialization FF78            ___rparam_used 000001  
         __pcstackCOMRAM 0001           Delay_One_Sec@I 0001   __size_of_Delay_One_Sec 0024  
                __Hparam 0000                  __Lparam 0000                  __pcinit FF58  
                __ramtop 1000                  __ptext0 FF7E                  __ptext1 FF34  
   end_of_initialization FF78            _Delay_One_Sec FF34                  postdec1 000FE5  
                postinc0 000FEE           ?_Delay_One_Sec 0001               main@array1 0005  
             main@array2 000D            __pidataCOMRAM FF24      start_initialization FF58  
       __CFG_OSC$INTIO67 000000          ??_Delay_One_Sec 0001                main@F3451 0016  
              main@F3453 001E                copy_data0 FF6C                 __Hrparam 0000  
               __Lrparam 0000            __size_of_main 0082    __end_of_Delay_One_Sec FF58  
