

Microchip Technology PIC18 LITE Macro Assembler V1.34 build -361300703 
                                                                                               Tue Oct 07 16:08:05 2025

Microchip Technology Omniscient Code Generator (Lite mode) build 201502162209
     1                           	processor	18F4620
     2                           	fnconf	rparam,??,?,0
     3                           	opt	pw 120
     4                           	opt	lm
     5                           	psect	text0,global,reloc=2,class=CODE,delta=1
     6                           	psect	cinit,global,reloc=2,class=CODE,delta=1
     7                           	psect	cstackCOMRAM,global,class=COMRAM,space=1,delta=1
     8                           	psect	text1,global,reloc=2,class=CODE,delta=1
     9                           	psect	text2,global,reloc=2,class=CODE,delta=1
    10                           	psect	text3,global,reloc=2,class=CODE,delta=1
    11                           	psect	intsave_regs,global,class=BIGRAM,space=1,delta=1
    12                           	psect	rparam,global,class=COMRAM,space=1,delta=1
    13  0000                     _INTCONbits	set	4082
    14  0000                     _PORTDbits	set	3971
    15  0000                     _T0CON	set	4053
    16  0000                     _T0CONbits	set	4053
    17  0000                     _TMR0H	set	4055
    18  0000                     _TMR0L	set	4054
    19  0000                     _TRISA	set	3986
    20  0000                     _TRISB	set	3987
    21  0000                     _TRISC	set	3988
    22  0000                     _TRISD	set	3989
    23  0000                     _TRISE	set	3990
    24                           
    25                           ; 0 bytes @ 0x2
    26 ;;
    27 ;;Main: autosize = 0, tempsize = 0, incstack = 0, save=0
    28 ;;
    29 ;; *************** function _main *****************
    30 ;; Defined at:
    31 ;;		line 16 in file "lab6p2.c"
    32 ;; Parameters:    Size  Location     Type
    33 ;;		None
    34 ;; Auto vars:     Size  Location     Type
    35 ;;		None
    36 ;; Return value:  Size  Location     Type
    37 ;;		None               void
    38 ;; Registers used:
    39 ;;		wreg, status,2, status,0, cstack
    40 ;; Tracked objects:
    41 ;;		On entry : 0/0
    42 ;;		On exit  : 0/0
    43 ;;		Unchanged: 0/0
    44 ;; Data sizes:     COMRAM   BANK0   BANK1   BANK2   BANK3   BANK4   BANK5   BANK6   BANK7   BANK8   BANK9  BANK10  BANK1
      +1  BANK12  BANK13  BANK14  BANK15
    45 ;;      Params:         0       0       0       0       0       0       0       0       0       0       0       0       
      +0       0       0       0       0
    46 ;;      Locals:         0       0       0       0       0       0       0       0       0       0       0       0       
      +0       0       0       0       0
    47 ;;      Temps:          0       0       0       0       0       0       0       0       0       0       0       0       
      +0       0       0       0       0
    48 ;;      Totals:         0       0       0       0       0       0       0       0       0       0       0       0       
      +0       0       0       0       0
    49 ;;Total ram usage:        0 bytes
    50 ;; Hardware stack levels required when called:    3
    51 ;; This function calls:
    52 ;;		_Wait_N_Seconds
    53 ;; This function is called by:
    54 ;;		Startup code after reset
    55 ;; This function uses a non-reentrant model
    56 ;;
    57                           
    58                           	psect	text0
    59  00FFE2                     __ptext0:
    60                           	opt stack 0
    61  00FFE2                     _main:
    62                           	opt stack 28
    63                           
    64                           ;lab6p2.c: 18: TRISA = 0x1F;
    65                           
    66                           ;incstack = 0
    67  00FFE2  0E1F               	movlw	31
    68  00FFE4  6E92               	movwf	3986,c	;volatile
    69                           
    70                           ;lab6p2.c: 19: TRISB = 0x00;
    71  00FFE6  0E00               	movlw	0
    72  00FFE8  6E93               	movwf	3987,c	;volatile
    73                           
    74                           ;lab6p2.c: 20: TRISC = 0x00;
    75  00FFEA  0E00               	movlw	0
    76  00FFEC  6E94               	movwf	3988,c	;volatile
    77                           
    78                           ;lab6p2.c: 21: TRISD = 0x00;
    79  00FFEE  0E00               	movlw	0
    80  00FFF0  6E95               	movwf	3989,c	;volatile
    81                           
    82                           ;lab6p2.c: 22: TRISE = 0x00;
    83  00FFF2  0E00               	movlw	0
    84  00FFF4  6E96               	movwf	3990,c	;volatile
    85                           
    86                           ;lab6p2.c: 23: Wait_N_Seconds(5);
    87  00FFF6  0E05               	movlw	5
    88  00FFF8  ECE4  F07F         	call	_Wait_N_Seconds
    89  00FFFC  EF00  F000         	goto	start
    90  010000                     __end_of_main:
    91                           	opt stack 0
    92                           
    93                           	psect	cinit
    94  00FF9A                     __pcinit:
    95                           	opt stack 0
    96  00FF9A                     start_initialization:
    97                           	opt stack 0
    98  00FF9A                     __initialization:
    99                           	opt stack 0
   100  00FF9A                     end_of_initialization:
   101                           	opt stack 0
   102  00FF9A                     __end_of__initialization:
   103                           	opt stack 0
   104  00FF9A  0100               	movlb	0
   105  00FF9C  EFF1  F07F         	goto	_main	;jump to C main() function
   106                           
   107                           	psect	cstackCOMRAM
   108  000001                     __pcstackCOMRAM:
   109                           	opt stack 0
   110  000001                     Wait_N_Seconds@seconds:
   111                           	opt stack 0
   112                           
   113                           ; 1 bytes @ 0x0
   114  000001                     	ds	1
   115  000002                     Wait_N_Seconds@I:
   116                           	opt stack 0
   117                           
   118                           ; 1 bytes @ 0x1
   119  000002                     	ds	1
   120  000003                     
   121 ;; *************** function _Wait_N_Seconds *****************
   122 ;; Defined at:
   123 ;;		line 46 in file "lab6p2.c"
   124 ;; Parameters:    Size  Location     Type
   125 ;;  seconds         1    wreg     unsigned char 
   126 ;; Auto vars:     Size  Location     Type
   127 ;;  seconds         1    0[COMRAM] unsigned char 
   128 ;;  I               1    1[COMRAM] unsigned char 
   129 ;; Return value:  Size  Location     Type
   130 ;;		None               void
   131 ;; Registers used:
   132 ;;		wreg, status,2, status,0, cstack
   133 ;; Tracked objects:
   134 ;;		On entry : 0/0
   135 ;;		On exit  : 0/0
   136 ;;		Unchanged: 0/0
   137 ;; Data sizes:     COMRAM   BANK0   BANK1   BANK2   BANK3   BANK4   BANK5   BANK6   BANK7   BANK8   BANK9  BANK10  BANK1
      +1  BANK12  BANK13  BANK14  BANK15
   138 ;;      Params:         0       0       0       0       0       0       0       0       0       0       0       0       
      +0       0       0       0       0
   139 ;;      Locals:         2       0       0       0       0       0       0       0       0       0       0       0       
      +0       0       0       0       0
   140 ;;      Temps:          0       0       0       0       0       0       0       0       0       0       0       0       
      +0       0       0       0       0
   141 ;;      Totals:         2       0       0       0       0       0       0       0       0       0       0       0       
      +0       0       0       0       0
   142 ;;Total ram usage:        2 bytes
   143 ;; Hardware stack levels used:    1
   144 ;; Hardware stack levels required when called:    2
   145 ;; This function calls:
   146 ;;		_Wait_One_Second
   147 ;; This function is called by:
   148 ;;		_main
   149 ;; This function uses a non-reentrant model
   150 ;;
   151                           
   152                           	psect	text1
   153  00FFC8                     __ptext1:
   154                           	opt stack 0
   155  00FFC8                     _Wait_N_Seconds:
   156                           	opt stack 28
   157                           
   158                           ;incstack = 0
   159                           ;Wait_N_Seconds@seconds stored from wreg
   160  00FFC8  6E01               	movwf	Wait_N_Seconds@seconds,c
   161                           
   162                           ;lab6p2.c: 48: char I;
   163                           ;lab6p2.c: 49: for (I=0; I<seconds; I++)
   164  00FFCA  0E00               	movlw	0
   165  00FFCC  6E02               	movwf	Wait_N_Seconds@I,c
   166  00FFCE  D004               	goto	l644
   167  00FFD0                     l640:
   168                           
   169                           ;lab6p2.c: 50: {
   170                           ;lab6p2.c: 51: Wait_One_Second();
   171  00FFD0  ECD0  F07F         	call	_Wait_One_Second	;wreg free
   172  00FFD4  2A02               	incf	Wait_N_Seconds@I,f,c
   173  00FFD6  D000               	goto	l644
   174  00FFD8                     l644:
   175  00FFD8  5001               	movf	Wait_N_Seconds@seconds,w,c
   176  00FFDA  5C02               	subwf	Wait_N_Seconds@I,w,c
   177  00FFDC  A0D8               	btfss	status,0,c
   178  00FFDE  D7F8               	goto	l640
   179  00FFE0  0012               	return		;funcret
   180  00FFE2                     __end_of_Wait_N_Seconds:
   181                           	opt stack 0
   182                           status	equ	0xFD8
   183                           
   184 ;; *************** function _Wait_One_Second *****************
   185 ;; Defined at:
   186 ;;		line 26 in file "lab6p2.c"
   187 ;; Parameters:    Size  Location     Type
   188 ;;		None
   189 ;; Auto vars:     Size  Location     Type
   190 ;;		None
   191 ;; Return value:  Size  Location     Type
   192 ;;		None               void
   193 ;; Registers used:
   194 ;;		wreg, status,2, cstack
   195 ;; Tracked objects:
   196 ;;		On entry : 0/0
   197 ;;		On exit  : 0/0
   198 ;;		Unchanged: 0/0
   199 ;; Data sizes:     COMRAM   BANK0   BANK1   BANK2   BANK3   BANK4   BANK5   BANK6   BANK7   BANK8   BANK9  BANK10  BANK1
      +1  BANK12  BANK13  BANK14  BANK15
   200 ;;      Params:         0       0       0       0       0       0       0       0       0       0       0       0       
      +0       0       0       0       0
   201 ;;      Locals:         0       0       0       0       0       0       0       0       0       0       0       0       
      +0       0       0       0       0
   202 ;;      Temps:          0       0       0       0       0       0       0       0       0       0       0       0       
      +0       0       0       0       0
   203 ;;      Totals:         0       0       0       0       0       0       0       0       0       0       0       0       
      +0       0       0       0       0
   204 ;;Total ram usage:        0 bytes
   205 ;; Hardware stack levels used:    1
   206 ;; Hardware stack levels required when called:    1
   207 ;; This function calls:
   208 ;;		_Wait_Half_Second
   209 ;; This function is called by:
   210 ;;		_Wait_N_Seconds
   211 ;; This function uses a non-reentrant model
   212 ;;
   213                           
   214                           	psect	text2
   215  00FFA0                     __ptext2:
   216                           	opt stack 0
   217  00FFA0                     _Wait_One_Second:
   218                           	opt stack 28
   219                           
   220                           ;lab6p2.c: 28: PORTDbits.RD7 =1;
   221                           
   222                           ;incstack = 0
   223  00FFA0  8E83               	bsf	3971,7,c	;volatile
   224                           
   225                           ;lab6p2.c: 29: Wait_Half_Second();
   226  00FFA2  ECD7  F07F         	call	_Wait_Half_Second	;wreg free
   227                           
   228                           ;lab6p2.c: 30: PORTDbits.RD7 = 0;
   229  00FFA6  9E83               	bcf	3971,7,c	;volatile
   230                           
   231                           ;lab6p2.c: 31: Wait_Half_Second();
   232  00FFA8  ECD7  F07F         	call	_Wait_Half_Second	;wreg free
   233  00FFAC  0012               	return		;funcret
   234  00FFAE                     __end_of_Wait_One_Second:
   235                           	opt stack 0
   236                           status	equ	0xFD8
   237                           
   238 ;; *************** function _Wait_Half_Second *****************
   239 ;; Defined at:
   240 ;;		line 34 in file "lab6p2.c"
   241 ;; Parameters:    Size  Location     Type
   242 ;;		None
   243 ;; Auto vars:     Size  Location     Type
   244 ;;		None
   245 ;; Return value:  Size  Location     Type
   246 ;;		None               void
   247 ;; Registers used:
   248 ;;		wreg, status,2
   249 ;; Tracked objects:
   250 ;;		On entry : 0/0
   251 ;;		On exit  : 0/0
   252 ;;		Unchanged: 0/0
   253 ;; Data sizes:     COMRAM   BANK0   BANK1   BANK2   BANK3   BANK4   BANK5   BANK6   BANK7   BANK8   BANK9  BANK10  BANK1
      +1  BANK12  BANK13  BANK14  BANK15
   254 ;;      Params:         0       0       0       0       0       0       0       0       0       0       0       0       
      +0       0       0       0       0
   255 ;;      Locals:         0       0       0       0       0       0       0       0       0       0       0       0       
      +0       0       0       0       0
   256 ;;      Temps:          0       0       0       0       0       0       0       0       0       0       0       0       
      +0       0       0       0       0
   257 ;;      Totals:         0       0       0       0       0       0       0       0       0       0       0       0       
      +0       0       0       0       0
   258 ;;Total ram usage:        0 bytes
   259 ;; Hardware stack levels used:    1
   260 ;; This function calls:
   261 ;;		Nothing
   262 ;; This function is called by:
   263 ;;		_Wait_One_Second
   264 ;; This function uses a non-reentrant model
   265 ;;
   266                           
   267                           	psect	text3
   268  00FFAE                     __ptext3:
   269                           	opt stack 0
   270  00FFAE                     _Wait_Half_Second:
   271                           	opt stack 28
   272                           
   273                           ;lab6p2.c: 36: T0CON = 0x03;
   274                           
   275                           ;incstack = 0
   276  00FFAE  0E03               	movlw	3
   277  00FFB0  6ED5               	movwf	4053,c	;volatile
   278                           
   279                           ;lab6p2.c: 37: TMR0L = 0x01;
   280  00FFB2  0E01               	movlw	1
   281  00FFB4  6ED6               	movwf	4054,c	;volatile
   282                           
   283                           ;lab6p2.c: 38: TMR0H = 0x0A;
   284  00FFB6  0E0A               	movlw	10
   285  00FFB8  6ED7               	movwf	4055,c	;volatile
   286                           
   287                           ;lab6p2.c: 39: INTCONbits.TMR0IF = 0;
   288  00FFBA  94F2               	bcf	intcon,2,c	;volatile
   289                           
   290                           ;lab6p2.c: 40: T0CONbits.TMR0ON = 1;
   291  00FFBC  8ED5               	bsf	4053,7,c	;volatile
   292                           
   293                           ;lab6p2.c: 42: while(INTCONbits.TMR0IF == 0);
   294  00FFBE  D000               	goto	l35
   295  00FFC0                     l35:
   296  00FFC0  A4F2               	btfss	intcon,2,c	;volatile
   297  00FFC2  D7FE               	goto	l35
   298                           
   299                           ;lab6p2.c: 43: T0CONbits.TMR0ON =0;
   300  00FFC4  9ED5               	bcf	4053,7,c	;volatile
   301  00FFC6  0012               	return		;funcret
   302  00FFC8                     __end_of_Wait_Half_Second:
   303                           	opt stack 0
   304  0000                     intcon	equ	0xFF2
   305                           status	equ	0xFD8
   306                           intcon	equ	0xFF2
   307                           status	equ	0xFD8
   308                           
   309                           	psect	rparam
   310  0000                     intcon	equ	0xFF2
   311                           status	equ	0xFD8


Data Sizes:
    Strings     0
    Constant    0
    Data        0
    BSS         0
    Persistent  0
    Stack       0

Auto Spaces:
    Space          Size  Autos    Used
    COMRAM          127      2       2
    BANK0           128      0       0
    BANK1           256      0       0
    BANK2           256      0       0
    BANK3           256      0       0
    BANK4           256      0       0
    BANK5           256      0       0
    BANK6           256      0       0
    BANK7           256      0       0
    BANK8           256      0       0
    BANK9           256      0       0
    BANK10          256      0       0
    BANK11          256      0       0
    BANK12          256      0       0
    BANK13          256      0       0
    BANK14          256      0       0
    BANK15          128      0       0

Pointer List with Targets:

    None.

Critical Paths under _main in COMRAM

    _main->_Wait_N_Seconds

Critical Paths under _main in BANK0

    None.

Critical Paths under _main in BANK1

    None.

Critical Paths under _main in BANK2

    None.

Critical Paths under _main in BANK3

    None.

Critical Paths under _main in BANK4

    None.

Critical Paths under _main in BANK5

    None.

Critical Paths under _main in BANK6

    None.

Critical Paths under _main in BANK7

    None.

Critical Paths under _main in BANK8

    None.

Critical Paths under _main in BANK9

    None.

Critical Paths under _main in BANK10

    None.

Critical Paths under _main in BANK11

    None.

Critical Paths under _main in BANK12

    None.

Critical Paths under _main in BANK13

    None.

Critical Paths under _main in BANK14

    None.

Critical Paths under _main in BANK15

    None.

Call Graph Tables:

 ---------------------------------------------------------------------------------
 (Depth) Function   	        Calls       Base Space   Used Autos Params    Refs
 ---------------------------------------------------------------------------------
 (0) _main                                                 0     0      0      30
                     _Wait_N_Seconds
 ---------------------------------------------------------------------------------
 (1) _Wait_N_Seconds                                       2     2      0      30
                                              0 COMRAM     2     2      0
                    _Wait_One_Second
 ---------------------------------------------------------------------------------
 (2) _Wait_One_Second                                      0     0      0       0
                   _Wait_Half_Second
 ---------------------------------------------------------------------------------
 (3) _Wait_Half_Second                                     0     0      0       0
 ---------------------------------------------------------------------------------
 Estimated maximum stack depth 3
 ---------------------------------------------------------------------------------

 Call Graph Graphs:

 _main (ROOT)
   _Wait_N_Seconds
     _Wait_One_Second
       _Wait_Half_Second

 Address spaces:
Name               Size   Autos  Total    Cost      Usage
BITCOMRAM           7F      0       0       0        0.0%
EEDATA             400      0       0       0        0.0%
NULL                 0      0       0       0        0.0%
CODE                 0      0       0       0        0.0%
COMRAM              7F      2       2       1        1.6%
STACK                0      0       0       2        0.0%
DATA                 0      0       0       3        0.0%
BITBANK0            80      0       0       4        0.0%
BANK0               80      0       0       5        0.0%
BITBANK1           100      0       0       6        0.0%
BANK1              100      0       0       7        0.0%
BITBANK2           100      0       0       8        0.0%
BANK2              100      0       0       9        0.0%
BITBANK3           100      0       0      10        0.0%
BANK3              100      0       0      11        0.0%
BITBANK4           100      0       0      12        0.0%
BANK4              100      0       0      13        0.0%
BITBANK5           100      0       0      14        0.0%
BANK5              100      0       0      15        0.0%
BITBANK6           100      0       0      16        0.0%
BANK6              100      0       0      17        0.0%
BITBANK7           100      0       0      18        0.0%
BANK7              100      0       0      19        0.0%
BITBANK8           100      0       0      20        0.0%
BANK8              100      0       0      21        0.0%
BITBANK9           100      0       0      22        0.0%
BANK9              100      0       0      23        0.0%
BITBANK10          100      0       0      24        0.0%
BANK10             100      0       0      25        0.0%
BITBANK11          100      0       0      26        0.0%
BANK11             100      0       0      27        0.0%
BITBANK12          100      0       0      28        0.0%
BANK12             100      0       0      29        0.0%
BITBANK13          100      0       0      30        0.0%
BANK13             100      0       0      31        0.0%
BITBANK14          100      0       0      32        0.0%
BANK14             100      0       0      33        0.0%
ABS                  0      0       0      34        0.0%
BITBANK15           80      0       0      35        0.0%
BANK15              80      0       0      36        0.0%
BIGRAM             F7F      0       0      37        0.0%
BITSFR               0      0       0      40        0.0%
SFR                  0      0       0      40        0.0%


Microchip Technology PIC18 Macro Assembler V1.34 build -361300703 
Symbol Table                                                                                   Tue Oct 07 16:08:05 2025

                       l35 FFC0                        l640 FFD0                        l644 FFD8  
        ?_Wait_Half_Second 0001         ??_Wait_Half_Second 0001               __CFG_LVP$OFF 000000  
             __CFG_WDT$OFF 000000                       _main FFE2                       start 0000  
             ___param_bank 000010                      ?_main 0001                      _T0CON 000FD5  
                    _TMR0H 000FD7                      _TMR0L 000FD6                      _TRISA 000F92  
                    _TRISB 000F93                      _TRISC 000F94                      _TRISD 000F95  
                    _TRISE 000F96          ??_Wait_One_Second 0001             __CFG_BOREN$OFF 000000  
                    status 000FD8             _Wait_N_Seconds FFC8            __initialization FF9A  
             __end_of_main 0000                     ??_main 0003              __activetblptr 000000  
    Wait_N_Seconds@seconds 0001     __end_of_Wait_N_Seconds FFE2                 __accesstop 0080  
  __end_of__initialization FF9A            ?_Wait_N_Seconds 0001              ___rparam_used 000001  
           __pcstackCOMRAM 0001  __size_of_Wait_Half_Second 001A            _Wait_One_Second FFA0  
                  __Hparam 0000                    __Lparam 0000                    __pcinit FF9A  
                  __ramtop 1000                    __ptext0 FFE2                    __ptext1 FFC8  
                  __ptext2 FFA0                    __ptext3 FFAE                  _T0CONbits 000FD5  
     end_of_initialization FF9A    __end_of_Wait_One_Second FFAE                  _PORTDbits 000F83  
         ??_Wait_N_Seconds 0001           _Wait_Half_Second FFAE        start_initialization FF9A  
         __CFG_OSC$INTIO67 000000            Wait_N_Seconds@I 0002           ?_Wait_One_Second 0001  
 __end_of_Wait_Half_Second FFC8                   __Hrparam 0000                   __Lrparam 0000  
            __size_of_main 001E                 _INTCONbits 000FF2    __size_of_Wait_N_Seconds 001A  
 __size_of_Wait_One_Second 000E  
