

Microchip Technology PIC18 LITE Macro Assembler V1.34 build -361300703 
                                                                                               Tue Oct 07 16:05:34 2025

Microchip Technology Omniscient Code Generator (Lite mode) build 201502162209
     1                           	processor	18F4620
     2                           	fnconf	rparam,??,?,0
     3                           	opt	pw 120
     4                           	opt	lm
     5                           	psect	text0,global,reloc=2,class=CODE,delta=1
     6                           	psect	cinit,global,reloc=2,class=CODE,delta=1
     7                           	psect	cstackCOMRAM,global,class=COMRAM,space=1,delta=1
     8                           	psect	text1,global,reloc=2,class=CODE,delta=1
     9                           	psect	text2,global,reloc=2,class=CODE,delta=1
    10                           	psect	text3,global,reloc=2,class=CODE,delta=1
    11                           	psect	text4,global,reloc=2,class=CODE,delta=1
    12                           	psect	intsave_regs,global,class=BIGRAM,space=1,delta=1
    13                           	psect	rparam,global,class=COMRAM,space=1,delta=1
    14  0000                     _INTCONbits	set	4082
    15  0000                     _OSCCON	set	4051
    16  0000                     _PIE1bits	set	3997
    17  0000                     _PIR1bits	set	3998
    18  0000                     _PORTDbits	set	3971
    19  0000                     _RCSTA	set	4011
    20  0000                     _RCSTAbits	set	4011
    21  0000                     _SPBRG	set	4015
    22  0000                     _SPBRGH	set	4016
    23  0000                     _T0CON	set	4053
    24  0000                     _T0CONbits	set	4053
    25  0000                     _TMR0H	set	4055
    26  0000                     _TMR0L	set	4054
    27  0000                     _TRISA	set	3986
    28  0000                     _TRISB	set	3987
    29  0000                     _TRISC	set	3988
    30  0000                     _TRISCbits	set	3988
    31  0000                     _TRISD	set	3989
    32  0000                     _TRISE	set	3990
    33  0000                     _TXSTA	set	4012
    34  0000                     _TXSTAbits	set	4012
    35                           
    36                           ; 0 bytes @ 0x3
    37 ;;
    38 ;;Main: autosize = 0, tempsize = 0, incstack = 0, save=0
    39 ;;
    40 ;; *************** function _main *****************
    41 ;; Defined at:
    42 ;;		line 17 in file "lab6p1.c"
    43 ;; Parameters:    Size  Location     Type
    44 ;;		None
    45 ;; Auto vars:     Size  Location     Type
    46 ;;		None
    47 ;; Return value:  Size  Location     Type
    48 ;;		None               void
    49 ;; Registers used:
    50 ;;		wreg, status,2, cstack
    51 ;; Tracked objects:
    52 ;;		On entry : 0/0
    53 ;;		On exit  : 0/0
    54 ;;		Unchanged: 0/0
    55 ;; Data sizes:     COMRAM   BANK0   BANK1   BANK2   BANK3   BANK4   BANK5   BANK6   BANK7   BANK8   BANK9  BANK10  BANK1
      +1  BANK12  BANK13  BANK14  BANK15
    56 ;;      Params:         0       0       0       0       0       0       0       0       0       0       0       0       
      +0       0       0       0       0
    57 ;;      Locals:         0       0       0       0       0       0       0       0       0       0       0       0       
      +0       0       0       0       0
    58 ;;      Temps:          0       0       0       0       0       0       0       0       0       0       0       0       
      +0       0       0       0       0
    59 ;;      Totals:         0       0       0       0       0       0       0       0       0       0       0       0       
      +0       0       0       0       0
    60 ;;Total ram usage:        0 bytes
    61 ;; Hardware stack levels required when called:    2
    62 ;; This function calls:
    63 ;;		_Wait_One_Second
    64 ;;		_init_UART
    65 ;; This function is called by:
    66 ;;		Startup code after reset
    67 ;; This function uses a non-reentrant model
    68 ;;
    69                           
    70                           	psect	text0
    71  00FF6C                     __ptext0:
    72                           	opt stack 0
    73  00FF6C                     _main:
    74                           	opt stack 29
    75                           
    76                           ;lab6p1.c: 19: TRISA = 0x1F;
    77                           
    78                           ;incstack = 0
    79  00FF6C  0E1F               	movlw	31
    80  00FF6E  6E92               	movwf	3986,c	;volatile
    81                           
    82                           ;lab6p1.c: 20: TRISB = 0x00;
    83  00FF70  0E00               	movlw	0
    84  00FF72  6E93               	movwf	3987,c	;volatile
    85                           
    86                           ;lab6p1.c: 21: TRISC = 0x00;
    87  00FF74  0E00               	movlw	0
    88  00FF76  6E94               	movwf	3988,c	;volatile
    89                           
    90                           ;lab6p1.c: 22: TRISD = 0x00;
    91  00FF78  0E00               	movlw	0
    92  00FF7A  6E95               	movwf	3989,c	;volatile
    93                           
    94                           ;lab6p1.c: 23: TRISE = 0x00;
    95  00FF7C  0E00               	movlw	0
    96  00FF7E  6E96               	movwf	3990,c	;volatile
    97                           
    98                           ;lab6p1.c: 24: init_UART();
    99  00FF80  EC9F  F07F         	call	_init_UART	;wreg free
   100  00FF84  D000               	goto	l795
   101  00FF86                     l795:
   102                           
   103                           ;lab6p1.c: 26: {
   104                           ;lab6p1.c: 27: Wait_One_Second();
   105  00FF86  EC98  F07F         	call	_Wait_One_Second	;wreg free
   106  00FF8A  D7FD               	goto	l795
   107  00FF8C  EF00  F000         	goto	start
   108  00FF90                     __end_of_main:
   109                           	opt stack 0
   110                           
   111                           	psect	cinit
   112  00FF2A                     __pcinit:
   113                           	opt stack 0
   114  00FF2A                     start_initialization:
   115                           	opt stack 0
   116  00FF2A                     __initialization:
   117                           	opt stack 0
   118  00FF2A                     end_of_initialization:
   119                           	opt stack 0
   120  00FF2A                     __end_of__initialization:
   121                           	opt stack 0
   122  00FF2A  0100               	movlb	0
   123  00FF2C  EFB6  F07F         	goto	_main	;jump to C main() function
   124                           
   125                           	psect	cstackCOMRAM
   126  000001                     __pcstackCOMRAM:
   127                           	opt stack 0
   128  000001                     OpenUSART@spbrg:
   129                           	opt stack 0
   130                           
   131                           ; 2 bytes @ 0x0
   132  000001                     	ds	2
   133  000003                     OpenUSART@config:
   134                           	opt stack 0
   135                           
   136                           ; 1 bytes @ 0x2
   137  000003                     	ds	1
   138  000004                     
   139 ;; *************** function _init_UART *****************
   140 ;; Defined at:
   141 ;;		line 51 in file "lab6p1.c"
   142 ;; Parameters:    Size  Location     Type
   143 ;;		None
   144 ;; Auto vars:     Size  Location     Type
   145 ;;		None
   146 ;; Return value:  Size  Location     Type
   147 ;;		None               void
   148 ;; Registers used:
   149 ;;		wreg, status,2, cstack
   150 ;; Tracked objects:
   151 ;;		On entry : 0/0
   152 ;;		On exit  : 0/0
   153 ;;		Unchanged: 0/0
   154 ;; Data sizes:     COMRAM   BANK0   BANK1   BANK2   BANK3   BANK4   BANK5   BANK6   BANK7   BANK8   BANK9  BANK10  BANK1
      +1  BANK12  BANK13  BANK14  BANK15
   155 ;;      Params:         0       0       0       0       0       0       0       0       0       0       0       0       
      +0       0       0       0       0
   156 ;;      Locals:         0       0       0       0       0       0       0       0       0       0       0       0       
      +0       0       0       0       0
   157 ;;      Temps:          0       0       0       0       0       0       0       0       0       0       0       0       
      +0       0       0       0       0
   158 ;;      Totals:         0       0       0       0       0       0       0       0       0       0       0       0       
      +0       0       0       0       0
   159 ;;Total ram usage:        0 bytes
   160 ;; Hardware stack levels used:    1
   161 ;; Hardware stack levels required when called:    1
   162 ;; This function calls:
   163 ;;		_OpenUSART
   164 ;; This function is called by:
   165 ;;		_main
   166 ;; This function uses a non-reentrant model
   167 ;;
   168                           
   169                           	psect	text1
   170  00FF3E                     __ptext1:
   171                           	opt stack 0
   172  00FF3E                     _init_UART:
   173                           	opt stack 29
   174                           
   175                           ;lab6p1.c: 53: OpenUSART (0b01111111 & 0b10111111 &
   176                           ;lab6p1.c: 54: 0b11111110 & 0b11111101 & 0b11111111 &
   177                           ;lab6p1.c: 55: 0b11111111, 25);
   178                           
   179                           ;incstack = 0
   180  00FF3E  0E00               	movlw	0
   181  00FF40  6E02               	movwf	OpenUSART@spbrg+1,c
   182  00FF42  0E19               	movlw	25
   183  00FF44  6E01               	movwf	OpenUSART@spbrg,c
   184  00FF46  0E3C               	movlw	60
   185  00FF48  ECC8  F07F         	call	_OpenUSART
   186                           
   187                           ;lab6p1.c: 56: OSCCON = 0x70;
   188  00FF4C  0E70               	movlw	112
   189  00FF4E  6ED3               	movwf	4051,c	;volatile
   190  00FF50  0012               	return		;funcret
   191  00FF52                     __end_of_init_UART:
   192                           	opt stack 0
   193                           
   194 ;; *************** function _OpenUSART *****************
   195 ;; Defined at:
   196 ;;		line 73 in file "C:\Program Files (x86)\Microchip\xc8\v1.34\sources\pic18\plib\USART\uopen.c"
   197 ;; Parameters:    Size  Location     Type
   198 ;;  config          1    wreg     unsigned char 
   199 ;;  spbrg           2    0[COMRAM] unsigned int 
   200 ;; Auto vars:     Size  Location     Type
   201 ;;  config          1    2[COMRAM] unsigned char 
   202 ;; Return value:  Size  Location     Type
   203 ;;		None               void
   204 ;; Registers used:
   205 ;;		wreg, status,2
   206 ;; Tracked objects:
   207 ;;		On entry : 0/0
   208 ;;		On exit  : 0/0
   209 ;;		Unchanged: 0/0
   210 ;; Data sizes:     COMRAM   BANK0   BANK1   BANK2   BANK3   BANK4   BANK5   BANK6   BANK7   BANK8   BANK9  BANK10  BANK1
      +1  BANK12  BANK13  BANK14  BANK15
   211 ;;      Params:         2       0       0       0       0       0       0       0       0       0       0       0       
      +0       0       0       0       0
   212 ;;      Locals:         1       0       0       0       0       0       0       0       0       0       0       0       
      +0       0       0       0       0
   213 ;;      Temps:          0       0       0       0       0       0       0       0       0       0       0       0       
      +0       0       0       0       0
   214 ;;      Totals:         3       0       0       0       0       0       0       0       0       0       0       0       
      +0       0       0       0       0
   215 ;;Total ram usage:        3 bytes
   216 ;; Hardware stack levels used:    1
   217 ;; This function calls:
   218 ;;		Nothing
   219 ;; This function is called by:
   220 ;;		_init_UART
   221 ;; This function uses a non-reentrant model
   222 ;;
   223                           
   224                           	psect	text2
   225  00FF90                     __ptext2:
   226                           	opt stack 0
   227  00FF90                     _OpenUSART:
   228                           	opt stack 29
   229                           
   230                           ;incstack = 0
   231                           ;OpenUSART@config stored from wreg
   232  00FF90  6E03               	movwf	OpenUSART@config,c
   233  00FF92  0E00               	movlw	0
   234  00FF94  6EAC               	movwf	4012,c	;volatile
   235  00FF96  0E00               	movlw	0
   236  00FF98  6EAB               	movwf	4011,c	;volatile
   237  00FF9A  A003               	btfss	OpenUSART@config,0,c
   238  00FF9C  D002               	goto	l743
   239  00FF9E  88AC               	bsf	4012,4,c	;volatile
   240  00FFA0  D000               	goto	l743
   241  00FFA2                     l743:
   242  00FFA2  A203               	btfss	OpenUSART@config,1,c
   243  00FFA4  D003               	goto	l747
   244  00FFA6  8CAC               	bsf	4012,6,c	;volatile
   245  00FFA8  8CAB               	bsf	4011,6,c	;volatile
   246  00FFAA  D000               	goto	l747
   247  00FFAC                     l747:
   248  00FFAC  A403               	btfss	OpenUSART@config,2,c
   249  00FFAE  D002               	goto	l751
   250  00FFB0  8EAC               	bsf	4012,7,c	;volatile
   251  00FFB2  D000               	goto	l751
   252  00FFB4                     l751:
   253  00FFB4  A603               	btfss	OpenUSART@config,3,c
   254  00FFB6  D002               	goto	l74
   255  00FFB8  88AB               	bsf	4011,4,c	;volatile
   256  00FFBA  D002               	goto	l755
   257  00FFBC                     l74:
   258  00FFBC  8AAB               	bsf	4011,5,c	;volatile
   259  00FFBE  D000               	goto	l755
   260  00FFC0                     l755:
   261  00FFC0  B803               	btfsc	OpenUSART@config,4,c
   262  00FFC2  84AC               	bsf	4012,2,c	;volatile
   263  00FFC4  989E               	bcf	3998,4,c	;volatile
   264  00FFC6  AA03               	btfss	OpenUSART@config,5,c
   265  00FFC8  D002               	goto	l763
   266  00FFCA  86AB               	bsf	4011,3,c	;volatile
   267  00FFCC  D000               	goto	l763
   268  00FFCE                     l763:
   269  00FFCE  AC03               	btfss	OpenUSART@config,6,c
   270  00FFD0  D002               	goto	l78
   271  00FFD2  8A9D               	bsf	3997,5,c	;volatile
   272  00FFD4  D001               	goto	l79
   273  00FFD6                     l78:
   274  00FFD6  9A9D               	bcf	3997,5,c	;volatile
   275  00FFD8                     l79:
   276  00FFD8  9A9E               	bcf	3998,5,c	;volatile
   277  00FFDA  AE03               	btfss	OpenUSART@config,7,c
   278  00FFDC  D002               	goto	l80
   279  00FFDE  889D               	bsf	3997,4,c	;volatile
   280  00FFE0  D001               	goto	l81
   281  00FFE2                     l80:
   282  00FFE2  989D               	bcf	3997,4,c	;volatile
   283  00FFE4                     l81:
   284  00FFE4  C001  FFAF         	movff	OpenUSART@spbrg,4015	;volatile
   285  00FFE8  5002               	movf	OpenUSART@spbrg+1,w,c
   286  00FFEA  6EB0               	movwf	4016,c	;volatile
   287  00FFEC  8AAC               	bsf	4012,5,c	;volatile
   288  00FFEE  8EAB               	bsf	4011,7,c	;volatile
   289  00FFF0  9C94               	bcf	3988,6,c	;volatile
   290  00FFF2  8E94               	bsf	3988,7,c	;volatile
   291  00FFF4  B8AC               	btfsc	4012,4,c	;volatile
   292  00FFF6  BEAC               	btfsc	4012,7,c	;volatile
   293  00FFF8  D002               	goto	l83
   294  00FFFA  8C94               	bsf	3988,6,c	;volatile
   295  00FFFC  D000               	goto	l83
   296  00FFFE                     l83:
   297  00FFFE  0012               	return		;funcret
   298  010000                     __end_of_OpenUSART:
   299                           	opt stack 0
   300                           
   301 ;; *************** function _Wait_One_Second *****************
   302 ;; Defined at:
   303 ;;		line 31 in file "lab6p1.c"
   304 ;; Parameters:    Size  Location     Type
   305 ;;		None
   306 ;; Auto vars:     Size  Location     Type
   307 ;;		None
   308 ;; Return value:  Size  Location     Type
   309 ;;		None               void
   310 ;; Registers used:
   311 ;;		wreg, status,2, cstack
   312 ;; Tracked objects:
   313 ;;		On entry : 0/0
   314 ;;		On exit  : 0/0
   315 ;;		Unchanged: 0/0
   316 ;; Data sizes:     COMRAM   BANK0   BANK1   BANK2   BANK3   BANK4   BANK5   BANK6   BANK7   BANK8   BANK9  BANK10  BANK1
      +1  BANK12  BANK13  BANK14  BANK15
   317 ;;      Params:         0       0       0       0       0       0       0       0       0       0       0       0       
      +0       0       0       0       0
   318 ;;      Locals:         0       0       0       0       0       0       0       0       0       0       0       0       
      +0       0       0       0       0
   319 ;;      Temps:          0       0       0       0       0       0       0       0       0       0       0       0       
      +0       0       0       0       0
   320 ;;      Totals:         0       0       0       0       0       0       0       0       0       0       0       0       
      +0       0       0       0       0
   321 ;;Total ram usage:        0 bytes
   322 ;; Hardware stack levels used:    1
   323 ;; Hardware stack levels required when called:    1
   324 ;; This function calls:
   325 ;;		_Wait_Half_Second
   326 ;; This function is called by:
   327 ;;		_main
   328 ;; This function uses a non-reentrant model
   329 ;;
   330                           
   331                           	psect	text3
   332  00FF30                     __ptext3:
   333                           	opt stack 0
   334  00FF30                     _Wait_One_Second:
   335                           	opt stack 29
   336                           
   337                           ;lab6p1.c: 33: PORTDbits.RD7 =1;
   338                           
   339                           ;incstack = 0
   340  00FF30  8E83               	bsf	3971,7,c	;volatile
   341                           
   342                           ;lab6p1.c: 34: Wait_Half_Second();
   343  00FF32  ECA9  F07F         	call	_Wait_Half_Second	;wreg free
   344                           
   345                           ;lab6p1.c: 35: PORTDbits.RD7 = 0;
   346  00FF36  9E83               	bcf	3971,7,c	;volatile
   347                           
   348                           ;lab6p1.c: 36: Wait_Half_Second();
   349  00FF38  ECA9  F07F         	call	_Wait_Half_Second	;wreg free
   350  00FF3C  0012               	return		;funcret
   351  00FF3E                     __end_of_Wait_One_Second:
   352                           	opt stack 0
   353                           
   354 ;; *************** function _Wait_Half_Second *****************
   355 ;; Defined at:
   356 ;;		line 39 in file "lab6p1.c"
   357 ;; Parameters:    Size  Location     Type
   358 ;;		None
   359 ;; Auto vars:     Size  Location     Type
   360 ;;		None
   361 ;; Return value:  Size  Location     Type
   362 ;;		None               void
   363 ;; Registers used:
   364 ;;		wreg, status,2
   365 ;; Tracked objects:
   366 ;;		On entry : 0/0
   367 ;;		On exit  : 0/0
   368 ;;		Unchanged: 0/0
   369 ;; Data sizes:     COMRAM   BANK0   BANK1   BANK2   BANK3   BANK4   BANK5   BANK6   BANK7   BANK8   BANK9  BANK10  BANK1
      +1  BANK12  BANK13  BANK14  BANK15
   370 ;;      Params:         0       0       0       0       0       0       0       0       0       0       0       0       
      +0       0       0       0       0
   371 ;;      Locals:         0       0       0       0       0       0       0       0       0       0       0       0       
      +0       0       0       0       0
   372 ;;      Temps:          0       0       0       0       0       0       0       0       0       0       0       0       
      +0       0       0       0       0
   373 ;;      Totals:         0       0       0       0       0       0       0       0       0       0       0       0       
      +0       0       0       0       0
   374 ;;Total ram usage:        0 bytes
   375 ;; Hardware stack levels used:    1
   376 ;; This function calls:
   377 ;;		Nothing
   378 ;; This function is called by:
   379 ;;		_Wait_One_Second
   380 ;; This function uses a non-reentrant model
   381 ;;
   382                           
   383                           	psect	text4
   384  00FF52                     __ptext4:
   385                           	opt stack 0
   386  00FF52                     _Wait_Half_Second:
   387                           	opt stack 29
   388                           
   389                           ;lab6p1.c: 41: T0CON = 0x03;
   390                           
   391                           ;incstack = 0
   392  00FF52  0E03               	movlw	3
   393  00FF54  6ED5               	movwf	4053,c	;volatile
   394                           
   395                           ;lab6p1.c: 42: TMR0L = 0x01;
   396  00FF56  0E01               	movlw	1
   397  00FF58  6ED6               	movwf	4054,c	;volatile
   398                           
   399                           ;lab6p1.c: 43: TMR0H = 0x0A;
   400  00FF5A  0E0A               	movlw	10
   401  00FF5C  6ED7               	movwf	4055,c	;volatile
   402                           
   403                           ;lab6p1.c: 44: INTCONbits.TMR0IF = 0;
   404  00FF5E  94F2               	bcf	intcon,2,c	;volatile
   405                           
   406                           ;lab6p1.c: 45: T0CONbits.TMR0ON = 1;
   407  00FF60  8ED5               	bsf	4053,7,c	;volatile
   408                           
   409                           ;lab6p1.c: 47: while(INTCONbits.TMR0IF == 0);
   410  00FF62  D000               	goto	l44
   411  00FF64                     l44:
   412  00FF64  A4F2               	btfss	intcon,2,c	;volatile
   413  00FF66  D7FE               	goto	l44
   414                           
   415                           ;lab6p1.c: 48: T0CONbits.TMR0ON =0;
   416  00FF68  9ED5               	bcf	4053,7,c	;volatile
   417  00FF6A  0012               	return		;funcret
   418  00FF6C                     __end_of_Wait_Half_Second:
   419                           	opt stack 0
   420  0000                     intcon	equ	0xFF2
   421                           intcon	equ	0xFF2
   422                           
   423                           	psect	rparam
   424  0000                     intcon	equ	0xFF2


Data Sizes:
    Strings     0
    Constant    0
    Data        0
    BSS         0
    Persistent  0
    Stack       0

Auto Spaces:
    Space          Size  Autos    Used
    COMRAM          127      3       3
    BANK0           128      0       0
    BANK1           256      0       0
    BANK2           256      0       0
    BANK3           256      0       0
    BANK4           256      0       0
    BANK5           256      0       0
    BANK6           256      0       0
    BANK7           256      0       0
    BANK8           256      0       0
    BANK9           256      0       0
    BANK10          256      0       0
    BANK11          256      0       0
    BANK12          256      0       0
    BANK13          256      0       0
    BANK14          256      0       0
    BANK15          128      0       0

Pointer List with Targets:

    None.

Critical Paths under _main in COMRAM

    _init_UART->_OpenUSART

Critical Paths under _main in BANK0

    None.

Critical Paths under _main in BANK1

    None.

Critical Paths under _main in BANK2

    None.

Critical Paths under _main in BANK3

    None.

Critical Paths under _main in BANK4

    None.

Critical Paths under _main in BANK5

    None.

Critical Paths under _main in BANK6

    None.

Critical Paths under _main in BANK7

    None.

Critical Paths under _main in BANK8

    None.

Critical Paths under _main in BANK9

    None.

Critical Paths under _main in BANK10

    None.

Critical Paths under _main in BANK11

    None.

Critical Paths under _main in BANK12

    None.

Critical Paths under _main in BANK13

    None.

Critical Paths under _main in BANK14

    None.

Critical Paths under _main in BANK15

    None.

Call Graph Tables:

 ---------------------------------------------------------------------------------
 (Depth) Function   	        Calls       Base Space   Used Autos Params    Refs
 ---------------------------------------------------------------------------------
 (0) _main                                                 0     0      0     263
                    _Wait_One_Second
                          _init_UART
 ---------------------------------------------------------------------------------
 (1) _init_UART                                            0     0      0     263
                          _OpenUSART
 ---------------------------------------------------------------------------------
 (2) _OpenUSART                                            3     1      2     263
                                              0 COMRAM     3     1      2
 ---------------------------------------------------------------------------------
 (1) _Wait_One_Second                                      0     0      0       0
                   _Wait_Half_Second
 ---------------------------------------------------------------------------------
 (2) _Wait_Half_Second                                     0     0      0       0
 ---------------------------------------------------------------------------------
 Estimated maximum stack depth 2
 ---------------------------------------------------------------------------------

 Call Graph Graphs:

 _main (ROOT)
   _Wait_One_Second
     _Wait_Half_Second
   _init_UART
     _OpenUSART

 Address spaces:
Name               Size   Autos  Total    Cost      Usage
BITCOMRAM           7F      0       0       0        0.0%
EEDATA             400      0       0       0        0.0%
NULL                 0      0       0       0        0.0%
CODE                 0      0       0       0        0.0%
COMRAM              7F      3       3       1        2.4%
STACK                0      0       0       2        0.0%
DATA                 0      0       0       3        0.0%
BITBANK0            80      0       0       4        0.0%
BANK0               80      0       0       5        0.0%
BITBANK1           100      0       0       6        0.0%
BANK1              100      0       0       7        0.0%
BITBANK2           100      0       0       8        0.0%
BANK2              100      0       0       9        0.0%
BITBANK3           100      0       0      10        0.0%
BANK3              100      0       0      11        0.0%
BITBANK4           100      0       0      12        0.0%
BANK4              100      0       0      13        0.0%
BITBANK5           100      0       0      14        0.0%
BANK5              100      0       0      15        0.0%
BITBANK6           100      0       0      16        0.0%
BANK6              100      0       0      17        0.0%
BITBANK7           100      0       0      18        0.0%
BANK7              100      0       0      19        0.0%
BITBANK8           100      0       0      20        0.0%
BANK8              100      0       0      21        0.0%
BITBANK9           100      0       0      22        0.0%
BANK9              100      0       0      23        0.0%
BITBANK10          100      0       0      24        0.0%
BANK10             100      0       0      25        0.0%
BITBANK11          100      0       0      26        0.0%
BANK11             100      0       0      27        0.0%
BITBANK12          100      0       0      28        0.0%
BANK12             100      0       0      29        0.0%
BITBANK13          100      0       0      30        0.0%
BANK13             100      0       0      31        0.0%
BITBANK14          100      0       0      32        0.0%
BANK14             100      0       0      33        0.0%
ABS                  0      0       0      34        0.0%
BITBANK15           80      0       0      35        0.0%
BANK15              80      0       0      36        0.0%
BIGRAM             F7F      0       0      37        0.0%
BITSFR               0      0       0      40        0.0%
SFR                  0      0       0      40        0.0%


Microchip Technology PIC18 Macro Assembler V1.34 build -361300703 
Symbol Table                                                                                   Tue Oct 07 16:05:34 2025

                       l44 FF64                         l80 FFE2                         l81 FFE4  
                       l74 FFBC                         l83 FFFE                         l78 FFD6  
                       l79 FFD8                        l751 FFB4                        l743 FFA2  
                      l763 FFCE                        l755 FFC0                        l747 FFAC  
                      l795 FF86          ?_Wait_Half_Second 0001         ??_Wait_Half_Second 0001  
             __CFG_LVP$OFF 000000               __CFG_WDT$OFF 000000                       _main FF6C  
                     start 0000               ___param_bank 000010                      ?_main 0001  
                    _T0CON 000FD5                      _RCSTA 000FAB                      _TMR0H 000FD7  
                    _TMR0L 000FD6                      _SPBRG 000FAF                      _TRISA 000F92  
                    _TRISB 000F93                      _TRISC 000F94                      _TRISD 000F95  
                    _TRISE 000F96                      _TXSTA 000FAC          ??_Wait_One_Second 0001  
           __CFG_BOREN$OFF 000000            __initialization FF2A               __end_of_main FF90  
                   ??_main 0004              __activetblptr 000000                     _OSCCON 000FD3  
                   _SPBRGH 000FB0         __size_of_OpenUSART 0070                 __accesstop 0080  
  __end_of__initialization FF2A              ___rparam_used 000001             __pcstackCOMRAM 0001  
        __end_of_OpenUSART 0000         __size_of_init_UART 0014  __size_of_Wait_Half_Second 001A  
          _Wait_One_Second FF30                    __Hparam 0000                    __Lparam 0000  
                  __pcinit FF2A                    __ramtop 1000                    __ptext0 FF6C  
                  __ptext1 FF3E                    __ptext2 FF90                    __ptext3 FF30  
                  __ptext4 FF52          __end_of_init_UART FF52                  _T0CONbits 000FD5  
     end_of_initialization FF2A    __end_of_Wait_One_Second FF3E                  _RCSTAbits 000FAB  
                _PORTDbits 000F83                  _TRISCbits 000F94           _Wait_Half_Second FF52  
                _TXSTAbits 000FAC        start_initialization FF2A                  _OpenUSART FF90  
         __CFG_OSC$INTIO67 000000           ?_Wait_One_Second 0001                 ?_OpenUSART 0001  
                _init_UART FF3E                   _PIE1bits 000F9D                   _PIR1bits 000F9E  
 __end_of_Wait_Half_Second FF6C                 ?_init_UART 0001                ??_OpenUSART 0003  
          OpenUSART@config 0003                   __Hrparam 0000                   __Lrparam 0000  
            __size_of_main 0024                 _INTCONbits 000FF2             OpenUSART@spbrg 0001  
              ??_init_UART 0004   __size_of_Wait_One_Second 000E  
