Warning[205] C:\USERS\JULIA\MPLABXPROJECTS\ECE\ECE3301L\LAB4\PART2\LAB4P2.X\LAB4P2.ASM 2 : Found directive in column 1. (config)
Warning[205] C:\USERS\JULIA\MPLABXPROJECTS\ECE\ECE3301L\LAB4\PART2\LAB4P2.X\LAB4P2.ASM 3 : Found directive in column 1. (config)
Warning[205] C:\USERS\JULIA\MPLABXPROJECTS\ECE\ECE3301L\LAB4\PART2\LAB4P2.X\LAB4P2.ASM 4 : Found directive in column 1. (config)
Warning[205] C:\USERS\JULIA\MPLABXPROJECTS\ECE\ECE3301L\LAB4\PART2\LAB4P2.X\LAB4P2.ASM 5 : Found directive in column 1. (config)
Warning[205] C:\USERS\JULIA\MPLABXPROJECTS\ECE\ECE3301L\LAB4\PART2\LAB4P2.X\LAB4P2.ASM 11 : Found directive in column 1. (ORG)
Warning[203] C:\USERS\JULIA\MPLABXPROJECTS\ECE\ECE3301L\LAB4\PART2\LAB4P2.X\LAB4P2.ASM 15 : Found opcode in column 1. (MOVLW)
Warning[203] C:\USERS\JULIA\MPLABXPROJECTS\ECE\ECE3301L\LAB4\PART2\LAB4P2.X\LAB4P2.ASM 16 : Found opcode in column 1. (MOVWF)
Warning[203] C:\USERS\JULIA\MPLABXPROJECTS\ECE\ECE3301L\LAB4\PART2\LAB4P2.X\LAB4P2.ASM 18 : Found opcode in column 1. (MOVLW)
Warning[203] C:\USERS\JULIA\MPLABXPROJECTS\ECE\ECE3301L\LAB4\PART2\LAB4P2.X\LAB4P2.ASM 19 : Found opcode in column 1. (MOVWF)
Warning[203] C:\USERS\JULIA\MPLABXPROJECTS\ECE\ECE3301L\LAB4\PART2\LAB4P2.X\LAB4P2.ASM 20 : Found opcode in column 1. (MOVWF)
Warning[203] C:\USERS\JULIA\MPLABXPROJECTS\ECE\ECE3301L\LAB4\PART2\LAB4P2.X\LAB4P2.ASM 22 : Found opcode in column 1. (MOVLW)
Warning[203] C:\USERS\JULIA\MPLABXPROJECTS\ECE\ECE3301L\LAB4\PART2\LAB4P2.X\LAB4P2.ASM 23 : Found opcode in column 1. (MOVWF)
Warning[203] C:\USERS\JULIA\MPLABXPROJECTS\ECE\ECE3301L\LAB4\PART2\LAB4P2.X\LAB4P2.ASM 24 : Found opcode in column 1. (MOVWF)
Warning[203] C:\USERS\JULIA\MPLABXPROJECTS\ECE\ECE3301L\LAB4\PART2\LAB4P2.X\LAB4P2.ASM 26 : Found opcode in column 1. (MOVLW)
Warning[203] C:\USERS\JULIA\MPLABXPROJECTS\ECE\ECE3301L\LAB4\PART2\LAB4P2.X\LAB4P2.ASM 27 : Found opcode in column 1. (MOVWF)
Warning[203] C:\USERS\JULIA\MPLABXPROJECTS\ECE\ECE3301L\LAB4\PART2\LAB4P2.X\LAB4P2.ASM 30 : Found opcode in column 1. (MOVF)
Warning[203] C:\USERS\JULIA\MPLABXPROJECTS\ECE\ECE3301L\LAB4\PART2\LAB4P2.X\LAB4P2.ASM 31 : Found opcode in column 1. (ANDLW)
Warning[203] C:\USERS\JULIA\MPLABXPROJECTS\ECE\ECE3301L\LAB4\PART2\LAB4P2.X\LAB4P2.ASM 32 : Found opcode in column 1. (MOVWF)
Warning[203] C:\USERS\JULIA\MPLABXPROJECTS\ECE\ECE3301L\LAB4\PART2\LAB4P2.X\LAB4P2.ASM 33 : Found opcode in column 1. (COMF)
Warning[203] C:\USERS\JULIA\MPLABXPROJECTS\ECE\ECE3301L\LAB4\PART2\LAB4P2.X\LAB4P2.ASM 34 : Found opcode in column 1. (ANDLW)
Warning[203] C:\USERS\JULIA\MPLABXPROJECTS\ECE\ECE3301L\LAB4\PART2\LAB4P2.X\LAB4P2.ASM 35 : Found opcode in column 1. (MOVWF)
Warning[203] C:\USERS\JULIA\MPLABXPROJECTS\ECE\ECE3301L\LAB4\PART2\LAB4P2.X\LAB4P2.ASM 36 : Found opcode in column 1. (MOVFF)
Warning[203] C:\USERS\JULIA\MPLABXPROJECTS\ECE\ECE3301L\LAB4\PART2\LAB4P2.X\LAB4P2.ASM 37 : Found opcode in column 1. (BCF)
Warning[203] C:\USERS\JULIA\MPLABXPROJECTS\ECE\ECE3301L\LAB4\PART2\LAB4P2.X\LAB4P2.ASM 38 : Found opcode in column 1. (BNZ)
Warning[203] C:\USERS\JULIA\MPLABXPROJECTS\ECE\ECE3301L\LAB4\PART2\LAB4P2.X\LAB4P2.ASM 39 : Found opcode in column 1. (BSF)
Warning[203] C:\USERS\JULIA\MPLABXPROJECTS\ECE\ECE3301L\LAB4\PART2\LAB4P2.X\LAB4P2.ASM 42 : Found opcode in column 1. (GOTO)
Warning[205] C:\USERS\JULIA\MPLABXPROJECTS\ECE\ECE3301L\LAB4\PART2\LAB4P2.X\LAB4P2.ASM 44 : Found directive in column 1. (END)
