Warning[205] C:\USERS\JULIA\MPLABXPROJECTS\ECE\ECE3301L\LAB3\PART1\LAB3P1.X\LAB3P1.ASM 4 : Found directive in column 1. (config)
Warning[205] C:\USERS\JULIA\MPLABXPROJECTS\ECE\ECE3301L\LAB3\PART1\LAB3P1.X\LAB3P1.ASM 5 : Found directive in column 1. (config)
Warning[205] C:\USERS\JULIA\MPLABXPROJECTS\ECE\ECE3301L\LAB3\PART1\LAB3P1.X\LAB3P1.ASM 6 : Found directive in column 1. (config)
Warning[205] C:\USERS\JULIA\MPLABXPROJECTS\ECE\ECE3301L\LAB3\PART1\LAB3P1.X\LAB3P1.ASM 7 : Found directive in column 1. (config)
Warning[205] C:\USERS\JULIA\MPLABXPROJECTS\ECE\ECE3301L\LAB3\PART1\LAB3P1.X\LAB3P1.ASM 13 : Found directive in column 1. (ORG)
Warning[203] C:\USERS\JULIA\MPLABXPROJECTS\ECE\ECE3301L\LAB3\PART1\LAB3P1.X\LAB3P1.ASM 21 : Found opcode in column 1. (MOVLW)
Warning[203] C:\USERS\JULIA\MPLABXPROJECTS\ECE\ECE3301L\LAB3\PART1\LAB3P1.X\LAB3P1.ASM 22 : Found opcode in column 1. (MOVWF)
Warning[203] C:\USERS\JULIA\MPLABXPROJECTS\ECE\ECE3301L\LAB3\PART1\LAB3P1.X\LAB3P1.ASM 25 : Found opcode in column 1. (MOVLW)
Warning[203] C:\USERS\JULIA\MPLABXPROJECTS\ECE\ECE3301L\LAB3\PART1\LAB3P1.X\LAB3P1.ASM 26 : Found opcode in column 1. (MOVWF)
Warning[203] C:\USERS\JULIA\MPLABXPROJECTS\ECE\ECE3301L\LAB3\PART1\LAB3P1.X\LAB3P1.ASM 31 : Found opcode in column 1. (MOVLW)
Warning[203] C:\USERS\JULIA\MPLABXPROJECTS\ECE\ECE3301L\LAB3\PART1\LAB3P1.X\LAB3P1.ASM 32 : Found opcode in column 1. (MOVWF)
Warning[203] C:\USERS\JULIA\MPLABXPROJECTS\ECE\ECE3301L\LAB3\PART1\LAB3P1.X\LAB3P1.ASM 34 : Found opcode in column 1. (NOP)
Warning[203] C:\USERS\JULIA\MPLABXPROJECTS\ECE\ECE3301L\LAB3\PART1\LAB3P1.X\LAB3P1.ASM 35 : Found opcode in column 1. (MOVLW)
Warning[203] C:\USERS\JULIA\MPLABXPROJECTS\ECE\ECE3301L\LAB3\PART1\LAB3P1.X\LAB3P1.ASM 36 : Found opcode in column 1. (MOVWF)
Warning[203] C:\USERS\JULIA\MPLABXPROJECTS\ECE\ECE3301L\LAB3\PART1\LAB3P1.X\LAB3P1.ASM 38 : Found opcode in column 1. (NOP)
Warning[203] C:\USERS\JULIA\MPLABXPROJECTS\ECE\ECE3301L\LAB3\PART1\LAB3P1.X\LAB3P1.ASM 39 : Found opcode in column 1. (DECF)
Warning[203] C:\USERS\JULIA\MPLABXPROJECTS\ECE\ECE3301L\LAB3\PART1\LAB3P1.X\LAB3P1.ASM 40 : Found opcode in column 1. (BNZ)
Warning[203] C:\USERS\JULIA\MPLABXPROJECTS\ECE\ECE3301L\LAB3\PART1\LAB3P1.X\LAB3P1.ASM 41 : Found opcode in column 1. (DECF)
Warning[203] C:\USERS\JULIA\MPLABXPROJECTS\ECE\ECE3301L\LAB3\PART1\LAB3P1.X\LAB3P1.ASM 42 : Found opcode in column 1. (BNZ)
Warning[203] C:\USERS\JULIA\MPLABXPROJECTS\ECE\ECE3301L\LAB3\PART1\LAB3P1.X\LAB3P1.ASM 43 : Found opcode in column 1. (RETURN)
