

Microchip Technology PIC18 LITE Macro Assembler V1.34 build -361300703 
                                                                                               Thu Oct 02 15:20:57 2025

Microchip Technology Omniscient Code Generator (Lite mode) build 201502162209
     1                           	processor	18F4620
     2                           	fnconf	rparam,??,?,0
     3                           	opt	pw 120
     4                           	opt	lm
     5                           	psect	idataCOMRAM,global,class=CODE,delta=1
     6                           	psect	cinit,global,reloc=2,class=CODE,delta=1
     7                           	psect	dataCOMRAM,global,class=COMRAM,space=1,delta=1
     8                           	psect	cstackCOMRAM,global,class=COMRAM,space=1,delta=1
     9                           	psect	text0,global,reloc=2,class=CODE,delta=1
    10                           	psect	text1,global,reloc=2,class=CODE,delta=1
    11                           	psect	text2,global,reloc=2,class=CODE,delta=1
    12                           	psect	text3,global,reloc=2,class=CODE,delta=1
    13                           	psect	text4,global,reloc=2,class=CODE,delta=1
    14                           	psect	text5,global,reloc=2,class=CODE,delta=1
    15                           	psect	text6,global,reloc=2,class=CODE,delta=1
    16                           	psect	text7,global,reloc=2,class=CODE,delta=1
    17                           	psect	text8,global,reloc=2,class=CODE,delta=1
    18                           	psect	intsave_regs,global,class=BIGRAM,space=1,delta=1
    19                           	psect	rparam,global,class=COMRAM,space=1,delta=1
    20  0000                     
    21                           	psect	idataCOMRAM
    22  00FE2E                     __pidataCOMRAM:
    23                           	opt stack 0
    24                           
    25                           ;initializer for _LED_7seg
    26  00FE2E  FF                 	db	255
    27  00FE2F  79                 	db	121
    28  00FE30  24                 	db	36
    29  00FE31  30                 	db	48
    30  00FE32  19                 	db	25
    31  00FE33  12                 	db	18
    32  00FE34  02                 	db	2
    33  00FE35  78                 	db	120
    34  00FE36  00                 	db	0
    35  00FE37  10                 	db	16
    36  0000                     _ADCON0	set	4034
    37  0000                     _ADCON1	set	4033
    38  0000                     _ADCON2	set	4032
    39  0000                     _CCP2CON	set	4026
    40  0000                     _CCPR2L	set	4027
    41  0000                     _INTCONbits	set	4082
    42  0000                     _OSCCON	set	4051
    43  0000                     _PIE1bits	set	3997
    44  0000                     _PIR1bits	set	3998
    45  0000                     _PORTB	set	3969
    46  0000                     _PORTCbits	set	3970
    47  0000                     _PORTD	set	3971
    48  0000                     _PORTDbits	set	3971
    49  0000                     _PR2	set	4043
    50  0000                     _RCSTA	set	4011
    51  0000                     _RCSTAbits	set	4011
    52  0000                     _SPBRG	set	4015
    53  0000                     _SPBRGH	set	4016
    54  0000                     _T0CON	set	4053
    55  0000                     _T0CONbits	set	4053
    56  0000                     _T2CON	set	4042
    57  0000                     _TMR0H	set	4055
    58  0000                     _TMR0L	set	4054
    59  0000                     _TRISA	set	3986
    60  0000                     _TRISB	set	3987
    61  0000                     _TRISC	set	3988
    62  0000                     _TRISCbits	set	3988
    63  0000                     _TRISD	set	3989
    64  0000                     _TRISE	set	3990
    65  0000                     _TXSTA	set	4012
    66  0000                     _TXSTAbits	set	4012
    67                           
    68                           ; #config settings
    69  0000                     
    70                           	psect	cinit
    71  00FE9C                     __pcinit:
    72                           	opt stack 0
    73  00FE9C                     start_initialization:
    74                           	opt stack 0
    75  00FE9C                     __initialization:
    76                           	opt stack 0
    77                           
    78                           ; Initialize objects allocated to COMRAM (10 bytes)
    79                           ; load TBLPTR registers with __pidataCOMRAM
    80  00FE9C  0E2E               	movlw	low __pidataCOMRAM
    81  00FE9E  6EF6               	movwf	tblptrl,c
    82  00FEA0  0EFE               	movlw	high __pidataCOMRAM
    83  00FEA2  6EF7               	movwf	tblptrh,c
    84  00FEA4  0E00               	movlw	low (__pidataCOMRAM shr (0+16))
    85  00FEA6  6EF8               	movwf	tblptru,c
    86  00FEA8  EE00  F001         	lfsr	0,__pdataCOMRAM
    87  00FEAC  EE10 F00A          	lfsr	1,10
    88  00FEB0                     copy_data0:
    89  00FEB0  0009               	tblrd		*+
    90  00FEB2  CFF5 FFEE          	movff	tablat,postinc0
    91  00FEB6  50E5               	movf	postdec1,w,c
    92  00FEB8  50E1               	movf	fsr1l,w,c
    93  00FEBA  E1FA               	bnz	copy_data0
    94  00FEBC                     end_of_initialization:
    95                           	opt stack 0
    96  00FEBC                     __end_of__initialization:
    97                           	opt stack 0
    98  00FEBC  0100               	movlb	0
    99  00FEBE  EF61  F07F         	goto	_main	;jump to C main() function
   100                           tblptru	equ	0xFF8
   101                           tblptrh	equ	0xFF7
   102                           tblptrl	equ	0xFF6
   103                           tablat	equ	0xFF5
   104                           postinc0	equ	0xFEE
   105                           postdec1	equ	0xFE5
   106                           fsr1l	equ	0xFE1
   107                           
   108                           	psect	dataCOMRAM
   109  000001                     __pdataCOMRAM:
   110                           	opt stack 0
   111  000001                     _LED_7seg:
   112                           	opt stack 0
   113  000001                     	ds	10
   114                           tblptru	equ	0xFF8
   115                           tblptrh	equ	0xFF7
   116                           tblptrl	equ	0xFF6
   117                           tablat	equ	0xFF5
   118                           postinc0	equ	0xFEE
   119                           postdec1	equ	0xFE5
   120                           fsr1l	equ	0xFE1
   121                           
   122                           	psect	cstackCOMRAM
   123  00000B                     __pcstackCOMRAM:
   124                           	opt stack 0
   125  00000B                     PED_Control@Num_Sec:
   126                           	opt stack 0
   127  00000B                     OpenUSART@spbrg:
   128                           	opt stack 0
   129                           
   130                           ; 2 bytes @ 0x0
   131  00000B                     	ds	1
   132  00000C                     PED_Control@Direction:
   133                           	opt stack 0
   134                           
   135                           ; 1 bytes @ 0x1
   136  00000C                     	ds	1
   137  00000D                     PED_Control@count:
   138                           	opt stack 0
   139  00000D                     OpenUSART@config:
   140                           	opt stack 0
   141                           
   142                           ; 1 bytes @ 0x2
   143  00000D                     	ds	1
   144  00000E                     PED_Control@i:
   145                           	opt stack 0
   146                           
   147                           ; 2 bytes @ 0x3
   148  00000E                     	ds	2
   149  000010                     tblptru	equ	0xFF8
   150                           tblptrh	equ	0xFF7
   151                           tblptrl	equ	0xFF6
   152                           tablat	equ	0xFF5
   153                           postinc0	equ	0xFEE
   154                           postdec1	equ	0xFE5
   155                           fsr1l	equ	0xFE1
   156                           
   157                           ; 0 bytes @ 0x5
   158 ;;
   159 ;;Main: autosize = 0, tempsize = 0, incstack = 0, save=0
   160 ;;
   161 ;; *************** function _main *****************
   162 ;; Defined at:
   163 ;;		line 20 in file "lab6p4.c"
   164 ;; Parameters:    Size  Location     Type
   165 ;;		None
   166 ;; Auto vars:     Size  Location     Type
   167 ;;		None
   168 ;; Return value:  Size  Location     Type
   169 ;;		None               void
   170 ;; Registers used:
   171 ;;		wreg, fsr2l, fsr2h, status,2, status,0, cstack
   172 ;; Tracked objects:
   173 ;;		On entry : 0/0
   174 ;;		On exit  : 0/0
   175 ;;		Unchanged: 0/0
   176 ;; Data sizes:     COMRAM   BANK0   BANK1   BANK2   BANK3   BANK4   BANK5   BANK6   BANK7   BANK8   BANK9  BANK10  BANK1
      +1  BANK12  BANK13  BANK14  BANK15
   177 ;;      Params:         0       0       0       0       0       0       0       0       0       0       0       0       
      +0       0       0       0       0
   178 ;;      Locals:         0       0       0       0       0       0       0       0       0       0       0       0       
      +0       0       0       0       0
   179 ;;      Temps:          0       0       0       0       0       0       0       0       0       0       0       0       
      +0       0       0       0       0
   180 ;;      Totals:         0       0       0       0       0       0       0       0       0       0       0       0       
      +0       0       0       0       0
   181 ;;Total ram usage:        0 bytes
   182 ;; Hardware stack levels required when called:    3
   183 ;; This function calls:
   184 ;;		_Init_ADC
   185 ;;		_PED_Control
   186 ;;		_init_UART
   187 ;; This function is called by:
   188 ;;		Startup code after reset
   189 ;; This function uses a non-reentrant model
   190 ;;
   191                           
   192                           	psect	text0
   193  00FEC2                     __ptext0:
   194                           	opt stack 0
   195  00FEC2                     _main:
   196                           	opt stack 28
   197                           
   198                           ;lab6p4.c: 22: TRISA = 0x1F;
   199                           
   200                           ;incstack = 0
   201  00FEC2  0E1F               	movlw	31
   202  00FEC4  6E92               	movwf	3986,c	;volatile
   203                           
   204                           ;lab6p4.c: 23: TRISB = 0x00;
   205  00FEC6  0E00               	movlw	0
   206  00FEC8  6E93               	movwf	3987,c	;volatile
   207                           
   208                           ;lab6p4.c: 24: TRISC = 0x00;
   209  00FECA  0E00               	movlw	0
   210  00FECC  6E94               	movwf	3988,c	;volatile
   211                           
   212                           ;lab6p4.c: 25: TRISD = 0x00;
   213  00FECE  0E00               	movlw	0
   214  00FED0  6E95               	movwf	3989,c	;volatile
   215                           
   216                           ;lab6p4.c: 26: TRISE = 0x00;
   217  00FED2  0E00               	movlw	0
   218  00FED4  6E96               	movwf	3990,c	;volatile
   219                           
   220                           ;lab6p4.c: 27: Init_ADC();
   221  00FED6  EC1C  F07F         	call	_Init_ADC	;wreg free
   222                           
   223                           ;lab6p4.c: 28: init_UART();
   224  00FEDA  EC2C  F07F         	call	_init_UART	;wreg free
   225  00FEDE  D000               	goto	l946
   226  00FEE0                     l946:
   227                           
   228                           ;lab6p4.c: 30: {
   229                           ;lab6p4.c: 31: PED_Control(0,8);
   230  00FEE0  0E08               	movlw	8
   231  00FEE2  6E0B               	movwf	PED_Control@Num_Sec,c
   232  00FEE4  0E00               	movlw	0
   233  00FEE6  ECB5  F07F         	call	_PED_Control
   234                           
   235                           ;lab6p4.c: 32: PED_Control(1,6);
   236  00FEEA  0E06               	movlw	6
   237  00FEEC  6E0B               	movwf	PED_Control@Num_Sec,c
   238  00FEEE  0E01               	movlw	1
   239  00FEF0  ECB5  F07F         	call	_PED_Control
   240  00FEF4  D7F5               	goto	l946
   241  00FEF6  EF00  F000         	goto	start
   242  00FEFA                     __end_of_main:
   243                           	opt stack 0
   244                           tblptru	equ	0xFF8
   245                           tblptrh	equ	0xFF7
   246                           tblptrl	equ	0xFF6
   247                           tablat	equ	0xFF5
   248                           postinc0	equ	0xFEE
   249                           postdec1	equ	0xFE5
   250                           fsr1l	equ	0xFE1
   251                           
   252 ;; *************** function _init_UART *****************
   253 ;; Defined at:
   254 ;;		line 41 in file "lab6p4.c"
   255 ;; Parameters:    Size  Location     Type
   256 ;;		None
   257 ;; Auto vars:     Size  Location     Type
   258 ;;		None
   259 ;; Return value:  Size  Location     Type
   260 ;;		None               void
   261 ;; Registers used:
   262 ;;		wreg, status,2, cstack
   263 ;; Tracked objects:
   264 ;;		On entry : 0/0
   265 ;;		On exit  : 0/0
   266 ;;		Unchanged: 0/0
   267 ;; Data sizes:     COMRAM   BANK0   BANK1   BANK2   BANK3   BANK4   BANK5   BANK6   BANK7   BANK8   BANK9  BANK10  BANK1
      +1  BANK12  BANK13  BANK14  BANK15
   268 ;;      Params:         0       0       0       0       0       0       0       0       0       0       0       0       
      +0       0       0       0       0
   269 ;;      Locals:         0       0       0       0       0       0       0       0       0       0       0       0       
      +0       0       0       0       0
   270 ;;      Temps:          0       0       0       0       0       0       0       0       0       0       0       0       
      +0       0       0       0       0
   271 ;;      Totals:         0       0       0       0       0       0       0       0       0       0       0       0       
      +0       0       0       0       0
   272 ;;Total ram usage:        0 bytes
   273 ;; Hardware stack levels used:    1
   274 ;; Hardware stack levels required when called:    1
   275 ;; This function calls:
   276 ;;		_OpenUSART
   277 ;; This function is called by:
   278 ;;		_main
   279 ;; This function uses a non-reentrant model
   280 ;;
   281                           
   282                           	psect	text1
   283  00FE58                     __ptext1:
   284                           	opt stack 0
   285  00FE58                     _init_UART:
   286                           	opt stack 29
   287                           
   288                           ;lab6p4.c: 43: OpenUSART (0b01111111 & 0b10111111 &
   289                           ;lab6p4.c: 44: 0b11111110 & 0b11111101 & 0b11111111 &
   290                           ;lab6p4.c: 45: 0b11111111, 25);
   291                           
   292                           ;incstack = 0
   293  00FE58  0E00               	movlw	0
   294  00FE5A  6E0C               	movwf	OpenUSART@spbrg+1,c
   295  00FE5C  0E19               	movlw	25
   296  00FE5E  6E0B               	movwf	OpenUSART@spbrg,c
   297  00FE60  0E3C               	movlw	60
   298  00FE62  EC7D  F07F         	call	_OpenUSART
   299                           
   300                           ;lab6p4.c: 46: OSCCON = 0x70;
   301  00FE66  0E70               	movlw	112
   302  00FE68  6ED3               	movwf	4051,c	;volatile
   303  00FE6A  0012               	return		;funcret
   304  00FE6C                     __end_of_init_UART:
   305                           	opt stack 0
   306                           tblptru	equ	0xFF8
   307                           tblptrh	equ	0xFF7
   308                           tblptrl	equ	0xFF6
   309                           tablat	equ	0xFF5
   310                           postinc0	equ	0xFEE
   311                           postdec1	equ	0xFE5
   312                           fsr1l	equ	0xFE1
   313                           
   314 ;; *************** function _OpenUSART *****************
   315 ;; Defined at:
   316 ;;		line 73 in file "C:\Program Files (x86)\Microchip\xc8\v1.34\sources\pic18\plib\USART\uopen.c"
   317 ;; Parameters:    Size  Location     Type
   318 ;;  config          1    wreg     unsigned char 
   319 ;;  spbrg           2    0[COMRAM] unsigned int 
   320 ;; Auto vars:     Size  Location     Type
   321 ;;  config          1    2[COMRAM] unsigned char 
   322 ;; Return value:  Size  Location     Type
   323 ;;		None               void
   324 ;; Registers used:
   325 ;;		wreg, status,2
   326 ;; Tracked objects:
   327 ;;		On entry : 0/0
   328 ;;		On exit  : 0/0
   329 ;;		Unchanged: 0/0
   330 ;; Data sizes:     COMRAM   BANK0   BANK1   BANK2   BANK3   BANK4   BANK5   BANK6   BANK7   BANK8   BANK9  BANK10  BANK1
      +1  BANK12  BANK13  BANK14  BANK15
   331 ;;      Params:         2       0       0       0       0       0       0       0       0       0       0       0       
      +0       0       0       0       0
   332 ;;      Locals:         1       0       0       0       0       0       0       0       0       0       0       0       
      +0       0       0       0       0
   333 ;;      Temps:          0       0       0       0       0       0       0       0       0       0       0       0       
      +0       0       0       0       0
   334 ;;      Totals:         3       0       0       0       0       0       0       0       0       0       0       0       
      +0       0       0       0       0
   335 ;;Total ram usage:        3 bytes
   336 ;; Hardware stack levels used:    1
   337 ;; This function calls:
   338 ;;		Nothing
   339 ;; This function is called by:
   340 ;;		_init_UART
   341 ;; This function uses a non-reentrant model
   342 ;;
   343                           
   344                           	psect	text2
   345  00FEFA                     __ptext2:
   346                           	opt stack 0
   347  00FEFA                     _OpenUSART:
   348                           	opt stack 29
   349                           
   350                           ;incstack = 0
   351                           ;OpenUSART@config stored from wreg
   352  00FEFA  6E0D               	movwf	OpenUSART@config,c
   353  00FEFC  0E00               	movlw	0
   354  00FEFE  6EAC               	movwf	4012,c	;volatile
   355  00FF00  0E00               	movlw	0
   356  00FF02  6EAB               	movwf	4011,c	;volatile
   357  00FF04  A00D               	btfss	OpenUSART@config,0,c
   358  00FF06  D002               	goto	l852
   359  00FF08  88AC               	bsf	4012,4,c	;volatile
   360  00FF0A  D000               	goto	l852
   361  00FF0C                     l852:
   362  00FF0C  A20D               	btfss	OpenUSART@config,1,c
   363  00FF0E  D003               	goto	l856
   364  00FF10  8CAC               	bsf	4012,6,c	;volatile
   365  00FF12  8CAB               	bsf	4011,6,c	;volatile
   366  00FF14  D000               	goto	l856
   367  00FF16                     l856:
   368  00FF16  A40D               	btfss	OpenUSART@config,2,c
   369  00FF18  D002               	goto	l860
   370  00FF1A  8EAC               	bsf	4012,7,c	;volatile
   371  00FF1C  D000               	goto	l860
   372  00FF1E                     l860:
   373  00FF1E  A60D               	btfss	OpenUSART@config,3,c
   374  00FF20  D002               	goto	l125
   375  00FF22  88AB               	bsf	4011,4,c	;volatile
   376  00FF24  D002               	goto	l864
   377  00FF26                     l125:
   378  00FF26  8AAB               	bsf	4011,5,c	;volatile
   379  00FF28  D000               	goto	l864
   380  00FF2A                     l864:
   381  00FF2A  B80D               	btfsc	OpenUSART@config,4,c
   382  00FF2C  84AC               	bsf	4012,2,c	;volatile
   383  00FF2E  989E               	bcf	3998,4,c	;volatile
   384  00FF30  AA0D               	btfss	OpenUSART@config,5,c
   385  00FF32  D002               	goto	l872
   386  00FF34  86AB               	bsf	4011,3,c	;volatile
   387  00FF36  D000               	goto	l872
   388  00FF38                     l872:
   389  00FF38  AC0D               	btfss	OpenUSART@config,6,c
   390  00FF3A  D002               	goto	l129
   391  00FF3C  8A9D               	bsf	3997,5,c	;volatile
   392  00FF3E  D001               	goto	l130
   393  00FF40                     l129:
   394  00FF40  9A9D               	bcf	3997,5,c	;volatile
   395  00FF42                     l130:
   396  00FF42  9A9E               	bcf	3998,5,c	;volatile
   397  00FF44  AE0D               	btfss	OpenUSART@config,7,c
   398  00FF46  D002               	goto	l131
   399  00FF48  889D               	bsf	3997,4,c	;volatile
   400  00FF4A  D001               	goto	l132
   401  00FF4C                     l131:
   402  00FF4C  989D               	bcf	3997,4,c	;volatile
   403  00FF4E                     l132:
   404  00FF4E  C00B  FFAF         	movff	OpenUSART@spbrg,4015	;volatile
   405  00FF52  500C               	movf	OpenUSART@spbrg+1,w,c
   406  00FF54  6EB0               	movwf	4016,c	;volatile
   407  00FF56  8AAC               	bsf	4012,5,c	;volatile
   408  00FF58  8EAB               	bsf	4011,7,c	;volatile
   409  00FF5A  9C94               	bcf	3988,6,c	;volatile
   410  00FF5C  8E94               	bsf	3988,7,c	;volatile
   411  00FF5E  B8AC               	btfsc	4012,4,c	;volatile
   412  00FF60  BEAC               	btfsc	4012,7,c	;volatile
   413  00FF62  D002               	goto	l134
   414  00FF64  8C94               	bsf	3988,6,c	;volatile
   415  00FF66  D000               	goto	l134
   416  00FF68                     l134:
   417  00FF68  0012               	return		;funcret
   418  00FF6A                     __end_of_OpenUSART:
   419                           	opt stack 0
   420                           tblptru	equ	0xFF8
   421                           tblptrh	equ	0xFF7
   422                           tblptrl	equ	0xFF6
   423                           tablat	equ	0xFF5
   424                           postinc0	equ	0xFEE
   425                           postdec1	equ	0xFE5
   426                           fsr1l	equ	0xFE1
   427                           
   428 ;; *************** function _PED_Control *****************
   429 ;; Defined at:
   430 ;;		line 48 in file "lab6p4.c"
   431 ;; Parameters:    Size  Location     Type
   432 ;;  Direction       1    wreg     unsigned char 
   433 ;;  Num_Sec         1    0[COMRAM] unsigned char 
   434 ;; Auto vars:     Size  Location     Type
   435 ;;  Direction       1    1[COMRAM] unsigned char 
   436 ;;  i               2    3[COMRAM] int 
   437 ;;  count           1    2[COMRAM] unsigned char 
   438 ;; Return value:  Size  Location     Type
   439 ;;		None               void
   440 ;; Registers used:
   441 ;;		wreg, fsr2l, fsr2h, status,2, status,0, cstack
   442 ;; Tracked objects:
   443 ;;		On entry : 0/0
   444 ;;		On exit  : 0/0
   445 ;;		Unchanged: 0/0
   446 ;; Data sizes:     COMRAM   BANK0   BANK1   BANK2   BANK3   BANK4   BANK5   BANK6   BANK7   BANK8   BANK9  BANK10  BANK1
      +1  BANK12  BANK13  BANK14  BANK15
   447 ;;      Params:         1       0       0       0       0       0       0       0       0       0       0       0       
      +0       0       0       0       0
   448 ;;      Locals:         4       0       0       0       0       0       0       0       0       0       0       0       
      +0       0       0       0       0
   449 ;;      Temps:          0       0       0       0       0       0       0       0       0       0       0       0       
      +0       0       0       0       0
   450 ;;      Totals:         5       0       0       0       0       0       0       0       0       0       0       0       
      +0       0       0       0       0
   451 ;;Total ram usage:        5 bytes
   452 ;; Hardware stack levels used:    1
   453 ;; Hardware stack levels required when called:    2
   454 ;; This function calls:
   455 ;;		_Wait_One_Second_With_Beep
   456 ;; This function is called by:
   457 ;;		_main
   458 ;; This function uses a non-reentrant model
   459 ;;
   460                           
   461                           	psect	text3
   462  00FF6A                     __ptext3:
   463                           	opt stack 0
   464  00FF6A                     _PED_Control:
   465                           	opt stack 28
   466                           
   467                           ;incstack = 0
   468                           ;PED_Control@Direction stored from wreg
   469  00FF6A  6E0C               	movwf	PED_Control@Direction,c
   470                           
   471                           ;lab6p4.c: 50: char count;
   472                           ;lab6p4.c: 51: int i;
   473                           ;lab6p4.c: 52: PORTB = 0xFF;
   474  00FF6C  6881               	setf	3969,c	;volatile
   475                           
   476                           ;lab6p4.c: 53: PORTD = 0xFF;
   477  00FF6E  6883               	setf	3971,c	;volatile
   478                           
   479                           ;lab6p4.c: 55: if (Direction == 0)
   480  00FF70  500C               	movf	PED_Control@Direction,w,c
   481  00FF72  A4D8               	btfss	status,2,c
   482  00FF74  D022               	goto	l922
   483                           
   484                           ;lab6p4.c: 56: {
   485                           ;lab6p4.c: 57: count = Num_Sec - 1;
   486  00FF76  040B               	decf	PED_Control@Num_Sec,w,c
   487  00FF78  6E0D               	movwf	PED_Control@count,c
   488                           
   489                           ;lab6p4.c: 58: PORTD = 0xFF;
   490  00FF7A  6883               	setf	3971,c	;volatile
   491                           
   492                           ;lab6p4.c: 59: for(i=count; i>0; i--)
   493  00FF7C  C00D  F00E         	movff	PED_Control@count,PED_Control@i
   494  00FF80  6A0F               	clrf	PED_Control@i+1,c
   495  00FF82  BE0F               	btfsc	PED_Control@i+1,7,c
   496  00FF84  D016               	goto	l79
   497  00FF86  500F               	movf	PED_Control@i+1,w,c
   498  00FF88  E105               	bnz	l912
   499  00FF8A  040E               	decf	PED_Control@i,w,c
   500  00FF8C  A0D8               	btfss	status,0,c
   501  00FF8E  D011               	goto	l79
   502  00FF90  D001               	goto	l912
   503  00FF92  D00F               	goto	l79
   504  00FF94                     l912:
   505                           
   506                           ;lab6p4.c: 60: {
   507                           ;lab6p4.c: 61: PORTB = LED_7seg[i];
   508  00FF94  0E01               	movlw	low _LED_7seg
   509  00FF96  240E               	addwf	PED_Control@i,w,c
   510  00FF98  6ED9               	movwf	fsr2l,c
   511  00FF9A  0E00               	movlw	high _LED_7seg
   512  00FF9C  200F               	addwfc	PED_Control@i+1,w,c
   513  00FF9E  6EDA               	movwf	fsr2h,c
   514  00FFA0  50DF               	movf	indf2,w,c
   515  00FFA2  6E81               	movwf	3969,c	;volatile
   516                           
   517                           ;lab6p4.c: 62: Wait_One_Second_With_Beep();
   518  00FFA4  EC36  F07F         	call	_Wait_One_Second_With_Beep	;wreg free
   519  00FFA8  060E               	decf	PED_Control@i,f,c
   520  00FFAA  A0D8               	btfss	status,0,c
   521  00FFAC  060F               	decf	PED_Control@i+1,f,c
   522  00FFAE  D7E9               	goto	L1
   523  00FFB0  D7F1               	goto	l912
   524  00FFB2                     l79:
   525                           
   526                           ;lab6p4.c: 63: }
   527                           ;lab6p4.c: 64: PORTB = 0xFF;
   528  00FFB2  6881               	setf	3969,c	;volatile
   529                           
   530                           ;lab6p4.c: 65: Wait_One_Second_With_Beep();
   531  00FFB4  EC36  F07F         	call	_Wait_One_Second_With_Beep	;wreg free
   532                           
   533                           ;lab6p4.c: 66: }
   534  00FFB8  D022               	goto	l83
   535  00FFBA                     l922:
   536                           
   537                           ;lab6p4.c: 67: else
   538                           ;lab6p4.c: 68: {
   539                           ;lab6p4.c: 69: count = Num_Sec - 1;
   540  00FFBA  040B               	decf	PED_Control@Num_Sec,w,c
   541  00FFBC  6E0D               	movwf	PED_Control@count,c
   542                           
   543                           ;lab6p4.c: 70: PORTB = 0xFF;
   544  00FFBE  6881               	setf	3969,c	;volatile
   545                           
   546                           ;lab6p4.c: 71: for(i=count; i>0; i--)
   547  00FFC0  C00D  F00E         	movff	PED_Control@count,PED_Control@i
   548  00FFC4  6A0F               	clrf	PED_Control@i+1,c
   549  00FFC6  BE0F               	btfsc	PED_Control@i+1,7,c
   550  00FFC8  D016               	goto	l82
   551  00FFCA  500F               	movf	PED_Control@i+1,w,c
   552  00FFCC  E105               	bnz	l930
   553  00FFCE  040E               	decf	PED_Control@i,w,c
   554  00FFD0  A0D8               	btfss	status,0,c
   555  00FFD2  D011               	goto	l82
   556  00FFD4  D001               	goto	l930
   557  00FFD6  D00F               	goto	l82
   558  00FFD8                     l930:
   559                           
   560                           ;lab6p4.c: 72: {
   561                           ;lab6p4.c: 73: PORTD = LED_7seg[i];
   562  00FFD8  0E01               	movlw	low _LED_7seg
   563  00FFDA  240E               	addwf	PED_Control@i,w,c
   564  00FFDC  6ED9               	movwf	fsr2l,c
   565  00FFDE  0E00               	movlw	high _LED_7seg
   566  00FFE0  200F               	addwfc	PED_Control@i+1,w,c
   567  00FFE2  6EDA               	movwf	fsr2h,c
   568  00FFE4  50DF               	movf	indf2,w,c
   569  00FFE6  6E83               	movwf	3971,c	;volatile
   570                           
   571                           ;lab6p4.c: 74: Wait_One_Second_With_Beep();
   572  00FFE8  EC36  F07F         	call	_Wait_One_Second_With_Beep	;wreg free
   573  00FFEC  060E               	decf	PED_Control@i,f,c
   574  00FFEE  A0D8               	btfss	status,0,c
   575  00FFF0  060F               	decf	PED_Control@i+1,f,c
   576  00FFF2  D7E9               	goto	L2
   577  00FFF4  D7F1               	goto	l930
   578  00FFF6                     l82:
   579                           
   580                           ;lab6p4.c: 75: }
   581                           ;lab6p4.c: 76: PORTD = 0xFF;
   582  00FFF6  6883               	setf	3971,c	;volatile
   583                           
   584                           ;lab6p4.c: 77: Wait_One_Second_With_Beep();
   585  00FFF8  EC36  F07F         	call	_Wait_One_Second_With_Beep	;wreg free
   586  00FFFC  D000               	goto	l83
   587  00FFFE                     l83:
   588  00FFFE  0012               	return		;funcret
   589  010000                     __end_of_PED_Control:
   590                           	opt stack 0
   591                           tblptru	equ	0xFF8
   592                           tblptrh	equ	0xFF7
   593                           tblptrl	equ	0xFF6
   594                           tablat	equ	0xFF5
   595                           postinc0	equ	0xFEE
   596                           postdec1	equ	0xFE5
   597                           fsr1l	equ	0xFE1
   598                           indf2	equ	0xFDF
   599                           fsr2h	equ	0xFDA
   600                           fsr2l	equ	0xFD9
   601                           status	equ	0xFD8
   602                           
   603 ;; *************** function _Wait_One_Second_With_Beep *****************
   604 ;; Defined at:
   605 ;;		line 82 in file "lab6p4.c"
   606 ;; Parameters:    Size  Location     Type
   607 ;;		None
   608 ;; Auto vars:     Size  Location     Type
   609 ;;		None
   610 ;; Return value:  Size  Location     Type
   611 ;;		None               void
   612 ;; Registers used:
   613 ;;		wreg, status,2, cstack
   614 ;; Tracked objects:
   615 ;;		On entry : 0/0
   616 ;;		On exit  : 0/0
   617 ;;		Unchanged: 0/0
   618 ;; Data sizes:     COMRAM   BANK0   BANK1   BANK2   BANK3   BANK4   BANK5   BANK6   BANK7   BANK8   BANK9  BANK10  BANK1
      +1  BANK12  BANK13  BANK14  BANK15
   619 ;;      Params:         0       0       0       0       0       0       0       0       0       0       0       0       
      +0       0       0       0       0
   620 ;;      Locals:         0       0       0       0       0       0       0       0       0       0       0       0       
      +0       0       0       0       0
   621 ;;      Temps:          0       0       0       0       0       0       0       0       0       0       0       0       
      +0       0       0       0       0
   622 ;;      Totals:         0       0       0       0       0       0       0       0       0       0       0       0       
      +0       0       0       0       0
   623 ;;Total ram usage:        0 bytes
   624 ;; Hardware stack levels used:    1
   625 ;; Hardware stack levels required when called:    1
   626 ;; This function calls:
   627 ;;		_Activate_Buzzer
   628 ;;		_Deactivate_Buzzer
   629 ;;		_Wait_Half_Second
   630 ;; This function is called by:
   631 ;;		_PED_Control
   632 ;; This function uses a non-reentrant model
   633 ;;
   634                           
   635                           	psect	text4
   636  00FE6C                     __ptext4:
   637                           	opt stack 0
   638  00FE6C                     _Wait_One_Second_With_Beep:
   639                           	opt stack 28
   640                           
   641                           ;lab6p4.c: 84: PORTDbits.RD7 = 1;
   642                           
   643                           ;incstack = 0
   644  00FE6C  8E83               	bsf	3971,7,c	;volatile
   645                           
   646                           ;lab6p4.c: 85: Activate_Buzzer();
   647  00FE6E  EC23  F07F         	call	_Activate_Buzzer	;wreg free
   648                           
   649                           ;lab6p4.c: 86: Wait_Half_Second();
   650  00FE72  EC41  F07F         	call	_Wait_Half_Second	;wreg free
   651                           
   652                           ;lab6p4.c: 87: PORTDbits.RD7 = 0;
   653  00FE76  9E83               	bcf	3971,7,c	;volatile
   654                           
   655                           ;lab6p4.c: 88: Deactivate_Buzzer();
   656  00FE78  EC13  F07F         	call	_Deactivate_Buzzer	;wreg free
   657                           
   658                           ;lab6p4.c: 89: Wait_Half_Second();
   659  00FE7C  EC41  F07F         	call	_Wait_Half_Second	;wreg free
   660  00FE80  0012               	return		;funcret
   661  00FE82                     __end_of_Wait_One_Second_With_Beep:
   662                           	opt stack 0
   663                           tblptru	equ	0xFF8
   664                           tblptrh	equ	0xFF7
   665                           tblptrl	equ	0xFF6
   666                           tablat	equ	0xFF5
   667                           postinc0	equ	0xFEE
   668                           postdec1	equ	0xFE5
   669                           fsr1l	equ	0xFE1
   670                           indf2	equ	0xFDF
   671                           fsr2h	equ	0xFDA
   672                           fsr2l	equ	0xFD9
   673                           status	equ	0xFD8
   674                           
   675 ;; *************** function _Wait_Half_Second *****************
   676 ;; Defined at:
   677 ;;		line 100 in file "lab6p4.c"
   678 ;; Parameters:    Size  Location     Type
   679 ;;		None
   680 ;; Auto vars:     Size  Location     Type
   681 ;;		None
   682 ;; Return value:  Size  Location     Type
   683 ;;		None               void
   684 ;; Registers used:
   685 ;;		wreg, status,2
   686 ;; Tracked objects:
   687 ;;		On entry : 0/0
   688 ;;		On exit  : 0/0
   689 ;;		Unchanged: 0/0
   690 ;; Data sizes:     COMRAM   BANK0   BANK1   BANK2   BANK3   BANK4   BANK5   BANK6   BANK7   BANK8   BANK9  BANK10  BANK1
      +1  BANK12  BANK13  BANK14  BANK15
   691 ;;      Params:         0       0       0       0       0       0       0       0       0       0       0       0       
      +0       0       0       0       0
   692 ;;      Locals:         0       0       0       0       0       0       0       0       0       0       0       0       
      +0       0       0       0       0
   693 ;;      Temps:          0       0       0       0       0       0       0       0       0       0       0       0       
      +0       0       0       0       0
   694 ;;      Totals:         0       0       0       0       0       0       0       0       0       0       0       0       
      +0       0       0       0       0
   695 ;;Total ram usage:        0 bytes
   696 ;; Hardware stack levels used:    1
   697 ;; This function calls:
   698 ;;		Nothing
   699 ;; This function is called by:
   700 ;;		_Wait_One_Second_With_Beep
   701 ;;		_Wait_One_Second
   702 ;; This function uses a non-reentrant model
   703 ;;
   704                           
   705                           	psect	text5
   706  00FE82                     __ptext5:
   707                           	opt stack 0
   708  00FE82                     _Wait_Half_Second:
   709                           	opt stack 28
   710                           
   711                           ;lab6p4.c: 102: T0CON = 0x03;
   712                           
   713                           ;incstack = 0
   714  00FE82  0E03               	movlw	3
   715  00FE84  6ED5               	movwf	4053,c	;volatile
   716                           
   717                           ;lab6p4.c: 103: TMR0L = 0x01;
   718  00FE86  0E01               	movlw	1
   719  00FE88  6ED6               	movwf	4054,c	;volatile
   720                           
   721                           ;lab6p4.c: 104: TMR0H = 0x0A;
   722  00FE8A  0E0A               	movlw	10
   723  00FE8C  6ED7               	movwf	4055,c	;volatile
   724                           
   725                           ;lab6p4.c: 105: INTCONbits.TMR0IF = 0;
   726  00FE8E  94F2               	bcf	intcon,2,c	;volatile
   727                           
   728                           ;lab6p4.c: 106: T0CONbits.TMR0ON = 1;
   729  00FE90  8ED5               	bsf	4053,7,c	;volatile
   730                           
   731                           ;lab6p4.c: 108: while(INTCONbits.TMR0IF == 0);
   732  00FE92  D000               	goto	l92
   733  00FE94                     l92:
   734  00FE94  A4F2               	btfss	intcon,2,c	;volatile
   735  00FE96  D7FE               	goto	l92
   736                           
   737                           ;lab6p4.c: 109: T0CONbits.TMR0ON =0;
   738  00FE98  9ED5               	bcf	4053,7,c	;volatile
   739  00FE9A  0012               	return		;funcret
   740  00FE9C                     __end_of_Wait_Half_Second:
   741                           	opt stack 0
   742                           tblptru	equ	0xFF8
   743                           tblptrh	equ	0xFF7
   744                           tblptrl	equ	0xFF6
   745                           tablat	equ	0xFF5
   746                           intcon	equ	0xFF2
   747                           postinc0	equ	0xFEE
   748                           postdec1	equ	0xFE5
   749                           fsr1l	equ	0xFE1
   750                           indf2	equ	0xFDF
   751                           fsr2h	equ	0xFDA
   752                           fsr2l	equ	0xFD9
   753                           status	equ	0xFD8
   754                           
   755 ;; *************** function _Deactivate_Buzzer *****************
   756 ;; Defined at:
   757 ;;		line 120 in file "lab6p4.c"
   758 ;; Parameters:    Size  Location     Type
   759 ;;		None
   760 ;; Auto vars:     Size  Location     Type
   761 ;;		None
   762 ;; Return value:  Size  Location     Type
   763 ;;		None               void
   764 ;; Registers used:
   765 ;;		wreg, status,2
   766 ;; Tracked objects:
   767 ;;		On entry : 0/0
   768 ;;		On exit  : 0/0
   769 ;;		Unchanged: 0/0
   770 ;; Data sizes:     COMRAM   BANK0   BANK1   BANK2   BANK3   BANK4   BANK5   BANK6   BANK7   BANK8   BANK9  BANK10  BANK1
      +1  BANK12  BANK13  BANK14  BANK15
   771 ;;      Params:         0       0       0       0       0       0       0       0       0       0       0       0       
      +0       0       0       0       0
   772 ;;      Locals:         0       0       0       0       0       0       0       0       0       0       0       0       
      +0       0       0       0       0
   773 ;;      Temps:          0       0       0       0       0       0       0       0       0       0       0       0       
      +0       0       0       0       0
   774 ;;      Totals:         0       0       0       0       0       0       0       0       0       0       0       0       
      +0       0       0       0       0
   775 ;;Total ram usage:        0 bytes
   776 ;; Hardware stack levels used:    1
   777 ;; This function calls:
   778 ;;		Nothing
   779 ;; This function is called by:
   780 ;;		_Wait_One_Second_With_Beep
   781 ;; This function uses a non-reentrant model
   782 ;;
   783                           
   784                           	psect	text6
   785  00FE26                     __ptext6:
   786                           	opt stack 0
   787  00FE26                     _Deactivate_Buzzer:
   788                           	opt stack 28
   789                           
   790                           ;lab6p4.c: 122: CCP2CON = 0x00;
   791                           
   792                           ;incstack = 0
   793  00FE26  0E00               	movlw	0
   794  00FE28  6EBA               	movwf	4026,c	;volatile
   795                           
   796                           ;lab6p4.c: 123: PORTCbits.RC1 = 0;
   797  00FE2A  9282               	bcf	3970,1,c	;volatile
   798  00FE2C  0012               	return		;funcret
   799  00FE2E                     __end_of_Deactivate_Buzzer:
   800                           	opt stack 0
   801                           tblptru	equ	0xFF8
   802                           tblptrh	equ	0xFF7
   803                           tblptrl	equ	0xFF6
   804                           tablat	equ	0xFF5
   805                           intcon	equ	0xFF2
   806                           postinc0	equ	0xFEE
   807                           postdec1	equ	0xFE5
   808                           fsr1l	equ	0xFE1
   809                           indf2	equ	0xFDF
   810                           fsr2h	equ	0xFDA
   811                           fsr2l	equ	0xFD9
   812                           status	equ	0xFD8
   813                           
   814 ;; *************** function _Activate_Buzzer *****************
   815 ;; Defined at:
   816 ;;		line 112 in file "lab6p4.c"
   817 ;; Parameters:    Size  Location     Type
   818 ;;		None
   819 ;; Auto vars:     Size  Location     Type
   820 ;;		None
   821 ;; Return value:  Size  Location     Type
   822 ;;		None               void
   823 ;; Registers used:
   824 ;;		wreg, status,2
   825 ;; Tracked objects:
   826 ;;		On entry : 0/0
   827 ;;		On exit  : 0/0
   828 ;;		Unchanged: 0/0
   829 ;; Data sizes:     COMRAM   BANK0   BANK1   BANK2   BANK3   BANK4   BANK5   BANK6   BANK7   BANK8   BANK9  BANK10  BANK1
      +1  BANK12  BANK13  BANK14  BANK15
   830 ;;      Params:         0       0       0       0       0       0       0       0       0       0       0       0       
      +0       0       0       0       0
   831 ;;      Locals:         0       0       0       0       0       0       0       0       0       0       0       0       
      +0       0       0       0       0
   832 ;;      Temps:          0       0       0       0       0       0       0       0       0       0       0       0       
      +0       0       0       0       0
   833 ;;      Totals:         0       0       0       0       0       0       0       0       0       0       0       0       
      +0       0       0       0       0
   834 ;;Total ram usage:        0 bytes
   835 ;; Hardware stack levels used:    1
   836 ;; This function calls:
   837 ;;		Nothing
   838 ;; This function is called by:
   839 ;;		_Wait_One_Second_With_Beep
   840 ;; This function uses a non-reentrant model
   841 ;;
   842                           
   843                           	psect	text7
   844  00FE46                     __ptext7:
   845                           	opt stack 0
   846  00FE46                     _Activate_Buzzer:
   847                           	opt stack 28
   848                           
   849                           ;lab6p4.c: 114: PR2 = 0b11111001;
   850                           
   851                           ;incstack = 0
   852  00FE46  0EF9               	movlw	249
   853  00FE48  6ECB               	movwf	4043,c	;volatile
   854                           
   855                           ;lab6p4.c: 115: T2CON = 0b00000101;
   856  00FE4A  0E05               	movlw	5
   857  00FE4C  6ECA               	movwf	4042,c	;volatile
   858                           
   859                           ;lab6p4.c: 116: CCPR2L = 0b01001010;
   860  00FE4E  0E4A               	movlw	74
   861  00FE50  6EBB               	movwf	4027,c	;volatile
   862                           
   863                           ;lab6p4.c: 117: CCP2CON = 0b00111100;
   864  00FE52  0E3C               	movlw	60
   865  00FE54  6EBA               	movwf	4026,c	;volatile
   866  00FE56  0012               	return		;funcret
   867  00FE58                     __end_of_Activate_Buzzer:
   868                           	opt stack 0
   869                           tblptru	equ	0xFF8
   870                           tblptrh	equ	0xFF7
   871                           tblptrl	equ	0xFF6
   872                           tablat	equ	0xFF5
   873                           intcon	equ	0xFF2
   874                           postinc0	equ	0xFEE
   875                           postdec1	equ	0xFE5
   876                           fsr1l	equ	0xFE1
   877                           indf2	equ	0xFDF
   878                           fsr2h	equ	0xFDA
   879                           fsr2l	equ	0xFD9
   880                           status	equ	0xFD8
   881                           
   882 ;; *************** function _Init_ADC *****************
   883 ;; Defined at:
   884 ;;		line 35 in file "lab6p4.c"
   885 ;; Parameters:    Size  Location     Type
   886 ;;		None
   887 ;; Auto vars:     Size  Location     Type
   888 ;;		None
   889 ;; Return value:  Size  Location     Type
   890 ;;		None               void
   891 ;; Registers used:
   892 ;;		wreg, status,2
   893 ;; Tracked objects:
   894 ;;		On entry : 0/0
   895 ;;		On exit  : 0/0
   896 ;;		Unchanged: 0/0
   897 ;; Data sizes:     COMRAM   BANK0   BANK1   BANK2   BANK3   BANK4   BANK5   BANK6   BANK7   BANK8   BANK9  BANK10  BANK1
      +1  BANK12  BANK13  BANK14  BANK15
   898 ;;      Params:         0       0       0       0       0       0       0       0       0       0       0       0       
      +0       0       0       0       0
   899 ;;      Locals:         0       0       0       0       0       0       0       0       0       0       0       0       
      +0       0       0       0       0
   900 ;;      Temps:          0       0       0       0       0       0       0       0       0       0       0       0       
      +0       0       0       0       0
   901 ;;      Totals:         0       0       0       0       0       0       0       0       0       0       0       0       
      +0       0       0       0       0
   902 ;;Total ram usage:        0 bytes
   903 ;; Hardware stack levels used:    1
   904 ;; This function calls:
   905 ;;		Nothing
   906 ;; This function is called by:
   907 ;;		_main
   908 ;; This function uses a non-reentrant model
   909 ;;
   910                           
   911                           	psect	text8
   912  00FE38                     __ptext8:
   913                           	opt stack 0
   914  00FE38                     _Init_ADC:
   915                           	opt stack 30
   916                           
   917                           ;lab6p4.c: 37: ADCON0 = 0x01;
   918                           
   919                           ;incstack = 0
   920  00FE38  0E01               	movlw	1
   921  00FE3A  6EC2               	movwf	4034,c	;volatile
   922                           
   923                           ;lab6p4.c: 38: ADCON1 = 0x0E;
   924  00FE3C  0E0E               	movlw	14
   925  00FE3E  6EC1               	movwf	4033,c	;volatile
   926                           
   927                           ;lab6p4.c: 39: ADCON2 = 0xA9;
   928  00FE40  0EA9               	movlw	169
   929  00FE42  6EC0               	movwf	4032,c	;volatile
   930  00FE44  0012               	return		;funcret
   931  00FE46                     __end_of_Init_ADC:
   932                           	opt stack 0
   933  0000                     tblptru	equ	0xFF8
   934                           tblptrh	equ	0xFF7
   935                           tblptrl	equ	0xFF6
   936                           tablat	equ	0xFF5
   937                           intcon	equ	0xFF2
   938                           postinc0	equ	0xFEE
   939                           postdec1	equ	0xFE5
   940                           fsr1l	equ	0xFE1
   941                           indf2	equ	0xFDF
   942                           fsr2h	equ	0xFDA
   943                           fsr2l	equ	0xFD9
   944                           status	equ	0xFD8
   945                           tblptru	equ	0xFF8
   946                           tblptrh	equ	0xFF7
   947                           tblptrl	equ	0xFF6
   948                           tablat	equ	0xFF5
   949                           intcon	equ	0xFF2
   950                           postinc0	equ	0xFEE
   951                           postdec1	equ	0xFE5
   952                           fsr1l	equ	0xFE1
   953                           indf2	equ	0xFDF
   954                           fsr2h	equ	0xFDA
   955                           fsr2l	equ	0xFD9
   956                           status	equ	0xFD8
   957                           
   958                           	psect	rparam
   959  0000                     tblptru	equ	0xFF8
   960                           tblptrh	equ	0xFF7
   961                           tblptrl	equ	0xFF6
   962                           tablat	equ	0xFF5
   963                           intcon	equ	0xFF2
   964                           postinc0	equ	0xFEE
   965                           postdec1	equ	0xFE5
   966                           fsr1l	equ	0xFE1
   967                           indf2	equ	0xFDF
   968                           fsr2h	equ	0xFDA
   969                           fsr2l	equ	0xFD9
   970                           status	equ	0xFD8


Data Sizes:
    Strings     0
    Constant    0
    Data        10
    BSS         0
    Persistent  0
    Stack       0

Auto Spaces:
    Space          Size  Autos    Used
    COMRAM          127      5      15
    BANK0           128      0       0
    BANK1           256      0       0
    BANK2           256      0       0
    BANK3           256      0       0
    BANK4           256      0       0
    BANK5           256      0       0
    BANK6           256      0       0
    BANK7           256      0       0
    BANK8           256      0       0
    BANK9           256      0       0
    BANK10          256      0       0
    BANK11          256      0       0
    BANK12          256      0       0
    BANK13          256      0       0
    BANK14          256      0       0
    BANK15          128      0       0

Pointer List with Targets:

    None.

Critical Paths under _main in COMRAM

    _main->_PED_Control
    _init_UART->_OpenUSART

Critical Paths under _main in BANK0

    None.

Critical Paths under _main in BANK1

    None.

Critical Paths under _main in BANK2

    None.

Critical Paths under _main in BANK3

    None.

Critical Paths under _main in BANK4

    None.

Critical Paths under _main in BANK5

    None.

Critical Paths under _main in BANK6

    None.

Critical Paths under _main in BANK7

    None.

Critical Paths under _main in BANK8

    None.

Critical Paths under _main in BANK9

    None.

Critical Paths under _main in BANK10

    None.

Critical Paths under _main in BANK11

    None.

Critical Paths under _main in BANK12

    None.

Critical Paths under _main in BANK13

    None.

Critical Paths under _main in BANK14

    None.

Critical Paths under _main in BANK15

    None.

Call Graph Tables:

 ---------------------------------------------------------------------------------
 (Depth) Function   	        Calls       Base Space   Used Autos Params    Refs
 ---------------------------------------------------------------------------------
 (0) _main                                                 0     0      0     597
                           _Init_ADC
                        _PED_Control
                          _init_UART
 ---------------------------------------------------------------------------------
 (1) _init_UART                                            0     0      0     263
                          _OpenUSART
 ---------------------------------------------------------------------------------
 (2) _OpenUSART                                            3     1      2     263
                                              0 COMRAM     3     1      2
 ---------------------------------------------------------------------------------
 (1) _PED_Control                                          5     4      1     334
                                              0 COMRAM     5     4      1
          _Wait_One_Second_With_Beep
 ---------------------------------------------------------------------------------
 (2) _Wait_One_Second_With_Beep                            0     0      0       0
                    _Activate_Buzzer
                  _Deactivate_Buzzer
                   _Wait_Half_Second
 ---------------------------------------------------------------------------------
 (3) _Wait_Half_Second                                     0     0      0       0
 ---------------------------------------------------------------------------------
 (3) _Deactivate_Buzzer                                    0     0      0       0
 ---------------------------------------------------------------------------------
 (3) _Activate_Buzzer                                      0     0      0       0
 ---------------------------------------------------------------------------------
 (1) _Init_ADC                                             0     0      0       0
 ---------------------------------------------------------------------------------
 Estimated maximum stack depth 3
 ---------------------------------------------------------------------------------

 Call Graph Graphs:

 _main (ROOT)
   _Init_ADC
   _PED_Control
     _Wait_One_Second_With_Beep
       _Activate_Buzzer
       _Deactivate_Buzzer
       _Wait_Half_Second
   _init_UART
     _OpenUSART

 Address spaces:
Name               Size   Autos  Total    Cost      Usage
BIGRAM             F7F      0       0      37        0.0%
EEDATA             400      0       0       0        0.0%
BITBANK14          100      0       0      32        0.0%
BANK14             100      0       0      33        0.0%
BITBANK13          100      0       0      30        0.0%
BANK13             100      0       0      31        0.0%
BITBANK12          100      0       0      28        0.0%
BANK12             100      0       0      29        0.0%
BITBANK11          100      0       0      26        0.0%
BANK11             100      0       0      27        0.0%
BITBANK10          100      0       0      24        0.0%
BANK10             100      0       0      25        0.0%
BITBANK9           100      0       0      22        0.0%
BANK9              100      0       0      23        0.0%
BITBANK8           100      0       0      20        0.0%
BANK8              100      0       0      21        0.0%
BITBANK7           100      0       0      18        0.0%
BANK7              100      0       0      19        0.0%
BITBANK6           100      0       0      16        0.0%
BANK6              100      0       0      17        0.0%
BITBANK5           100      0       0      14        0.0%
BANK5              100      0       0      15        0.0%
BITBANK4           100      0       0      12        0.0%
BANK4              100      0       0      13        0.0%
BITBANK3           100      0       0      10        0.0%
BANK3              100      0       0      11        0.0%
BITBANK2           100      0       0       8        0.0%
BANK2              100      0       0       9        0.0%
BITBANK1           100      0       0       6        0.0%
BANK1              100      0       0       7        0.0%
BITBANK15           80      0       0      35        0.0%
BANK15              80      0       0      36        0.0%
BITBANK0            80      0       0       4        0.0%
BANK0               80      0       0       5        0.0%
BITCOMRAM           7F      0       0       0        0.0%
COMRAM              7F      5       F       1       11.8%
BITSFR               0      0       0      40        0.0%
SFR                  0      0       0      40        0.0%
STACK                0      0       0       2        0.0%
NULL                 0      0       0       0        0.0%
ABS                  0      0       F      34        0.0%
DATA                 0      0       F       3        0.0%
CODE                 0      0       0       0        0.0%


Microchip Technology PIC18 Macro Assembler V1.34 build -361300703 
Symbol Table                                                                                   Thu Oct 02 15:20:57 2025

         _Wait_One_Second_With_Beep FE6C                                  l82 FFF6  
                                l83 FFFE                                  l92 FE94  
                                l79 FFB2                                 l130 FF42  
                               l131 FF4C                                 l132 FF4E  
                               l125 FF26                                 l134 FF68  
                               l129 FF40                                 l912 FF94  
                               l930 FFD8                                 l922 FFBA  
                               l860 FF1E                                 l852 FF0C  
                               l872 FF38                                 l864 FF2A  
                               l856 FF16                                 l946 FEE0  
                 ?_Wait_Half_Second 000B                                 _PR2 000FCB  
                 _Deactivate_Buzzer FE26                  ??_Wait_Half_Second 000B  
                ?_Deactivate_Buzzer 000B                        __CFG_LVP$OFF 000000  
              PED_Control@Direction 000C                        __CFG_WDT$OFF 000000  
               ??_Deactivate_Buzzer 000B                                _main FEC2  
                              fsr1l 000FE1                                indf2 000FDF  
                              fsr2l 000FD9                                start 0000  
                      ___param_bank 000010           __end_of_Deactivate_Buzzer FE2E  
                             ?_main 000B                               _T0CON 000FD5  
                             _T2CON 000FCA                               _RCSTA 000FAB  
                             _TMR0H 000FD7                               _TMR0L 000FD6  
                             _SPBRG 000FAF                               _PORTB 000F81  
                             _PORTD 000F83                               _TRISA 000F92  
                             _TRISB 000F93                               _TRISC 000F94  
                             _TRISD 000F95                               _TRISE 000F96  
                             _TXSTA 000FAC                        ?_PED_Control 000B  
                    __CFG_BOREN$OFF 000000                               tablat 000FF5  
                             status 000FD8                     __initialization FE9C  
                      __end_of_main FEFA                    __end_of_Init_ADC FE46  
                            ??_main 0010                       __activetblptr 000000  
                            _ADCON0 000FC2                              _ADCON1 000FC1  
                            _ADCON2 000FC0                              _CCPR2L 000FBB  
                            _OSCCON 000FD3                              _SPBRGH 000FB0  
                __size_of_OpenUSART 0070            __size_of_Activate_Buzzer 0012  
        __size_of_Deactivate_Buzzer 0008                        __pdataCOMRAM 0001  
__size_of_Wait_One_Second_With_Beep 0016                              tblptrh 000FF7  
                            tblptrl 000FF6                              tblptru 000FF8  
                        __accesstop 0080             __end_of__initialization FEBC  
                     ___rparam_used 000001                      __pcstackCOMRAM 000B  
                 __end_of_OpenUSART FF6A                __size_of_PED_Control 0096  
                         ?_Init_ADC 000B                  __size_of_init_UART 0014  
         __size_of_Wait_Half_Second 001A                             _CCP2CON 000FBA  
                 ??_Activate_Buzzer 000B                          ??_Init_ADC 000B  
                  PED_Control@count 000D                             __Hparam 0000  
                           __Lparam 0000                             __pcinit FE9C  
                           __ramtop 1000                             __ptext0 FEC2  
                           __ptext1 FE58                             __ptext2 FEFA  
                           __ptext3 FF6A                             __ptext4 FE6C  
                           __ptext5 FE82                             __ptext6 FE26  
                           __ptext7 FE46                             __ptext8 FE38  
                 __end_of_init_UART FE6C                           _T0CONbits 000FD5  
              end_of_initialization FEBC                        PED_Control@i 000E  
                         _RCSTAbits 000FAB                             postdec1 000FE5  
                           postinc0 000FEE                           _PORTCbits 000F82  
                         _PORTDbits 000F83                           _TRISCbits 000F94  
                  _Wait_Half_Second FE82                           _TXSTAbits 000FAC  
                PED_Control@Num_Sec 000B                       __pidataCOMRAM FE2E  
               start_initialization FE9C                           _OpenUSART FEFA  
                  __CFG_OSC$INTIO67 000000                   __size_of_Init_ADC 000E  
                   _Activate_Buzzer FE46                       ??_PED_Control 000C  
        ?_Wait_One_Second_With_Beep 000B                          ?_OpenUSART 000B  
                         _init_UART FE58   __end_of_Wait_One_Second_With_Beep FE82  
               __end_of_PED_Control 0000             __end_of_Activate_Buzzer FE58  
                          _LED_7seg 0001                            _PIE1bits 000F9D  
                          _PIR1bits 000F9E            __end_of_Wait_Half_Second FE9C  
                        ?_init_UART 000B                           copy_data0 FEB0  
                          _Init_ADC FE38                         ??_OpenUSART 000D  
                   OpenUSART@config 000D                            __Hrparam 0000  
                          __Lrparam 0000                         _PED_Control FF6A  
                  ?_Activate_Buzzer 000B                       __size_of_main 0038  
                        _INTCONbits 000FF2                      OpenUSART@spbrg 000B  
                       ??_init_UART 000E         ??_Wait_One_Second_With_Beep 000B  
